===========================================================================
 BARON version 18.5.8. Built: WIN-64 Tue May 8 15:02:43 EDT 2018 

 BARON is a product of The Optimization Firm, LLC. http://www.minlp.com/

 If you use this software, please cite publications from
 http://www.minlp.com/about-baron, such as: 

 Kilinc, M. and N. V. Sahinidis, Exploiting integrality in the global
 optimization of mixed-integer nonlinear programming problems in BARON,
 Optimization Methods and Software, 33, 540-562, 2018.
===========================================================================
 This BARON run may utilize the following subsolver(s)
 For LP/MIP: ILOG CPLEX                                      
 For NLP: MINOS, GAMS external NLP, IPOPT, FILTERSD, FILTERSQP
===========================================================================
    The options used in solving the problem are as follows:
       maxtime        =  0.1800E+05
       maxiter        =      -1
       numsol         =       1
       firstfeas      =       0
       cutoff         =  0.1000E+52
       epsa           =  0.1000E-08
       epsr           =  0.1000E-01
       deltaterm      =       0
       deltaa         =  0.1000E+52
       deltar         =  0.1000E+01
       deltat         = -0.1000E+03
       boxtol         =  0.1000E-07
       isoltol        =  0.1000E-03
       absconfeastol  =  0.1000E-04
       relconfeastol  =  0.0000E+00
       absintfeastol  =  0.1000E-04
       relintfeastol  =  0.0000E+00
       results        =       1
       summary        =       1
       times          =       1
       prtimefreq     =  0.3000E+02
       prfreq         = 1000000
       prlevel        =       1
       numprint       =      -1
       numprintdual   =      -1
       lpsol          =       3
       nlpsol         =      -1
       allowminos     =       1
       allowsnopt     =       1
       allowexternal  =       1
       allowipopt     =       1
       allowfiltersd  =       1
       allowfiltersqp =       1
       dolocal        =       1
       numloc         =      -2
       locres         =       0
       pdo            =      -2
       brvarstra      =       0
       brptstra       =       0
       nodesel        =       0
       compiis        =       0
       iisint         =       1
       iisorder       =      -1
       threads        =       1
===========================================================================
 Doing local search
 Solving bounding LP
 Starting multi-start local search
 Preprocessing found feasible solution with value  11.0125388487     
 Preprocessing found feasible solution with value  10.1077737862     
 Done with local search
===========================================================================
  Iteration    Open nodes         Time (s)    Lower bound      Upper bound
*         1             1             3.12     1.45476          9.90137    
          1             1             3.78     5.34214          9.90137    
        396           220            34.77     8.70511          9.90137    
        983           514            64.46     8.70511          9.90137    
       1950          1014            93.60     8.70563          9.90137    
       3136          1634           122.24     8.70909          9.90137    
       4187          2191           151.59     8.71209          9.90137    
       5193          2692           180.99     8.71561          9.90137    
       6205          3174           210.24     8.71808          9.90137    
       7245          3676           239.60     8.72048          9.90137    
       8270          4179           268.63     8.72326          9.90137    
       9249+         4667           297.71     8.72527          9.90137    
      10266          5113           326.98     8.72791          9.90137    
      11110          5480           356.29     8.73097          9.90137    
      12122          5946           384.98     8.73379          9.90137    
      13079+         6373           413.59     8.73656          9.90137    
      14082          6821           442.37     8.73966          9.90137    
      15033          7243           471.45     8.74277          9.90137    
      16029          7632           501.00     8.74674          9.90137    
      17034          8029           530.59     8.75070          9.90137    
      18028          8457           560.01     8.75455          9.90137    
      19071          8860           589.75     8.75987          9.90137    
      20080          9274           619.40     8.76586          9.90137    
      21014          9695           648.90     8.77089          9.90137    
      21960         10080           678.67     8.77699          9.90137    
      22938         10473           708.31     8.78386          9.90137    
      23876         10848           738.01     8.79174          9.90137    
      24830         11188           767.65     8.80136          9.90137    
      25754         11548           797.17     8.81130          9.90137    
      26730+        11904           826.88     8.82179          9.90137    
      27691         12259           856.60     8.83417          9.90137    
      28650         12556           886.13     8.84395          9.90137    
      29705         13003           915.34     8.84529          9.90137    
      30798         13370           944.79     8.84688          9.90137    
      31869         13720           974.38     8.84789          9.90137    
      32892         14119          1003.82     8.84927          9.90137    
      33956         14505          1033.43     8.85111          9.90137    
      35016         14892          1063.07     8.85250          9.90137    
      36054         15291          1092.65     8.85468          9.90137    
      37107         15664          1122.18     8.85694          9.90137    
      38092         16018          1151.69     8.85918          9.90137    
      39097         16408          1181.21     8.86086          9.90137    
      40058         16787          1210.80     8.86305          9.90137    
      41000         17178          1240.33     8.86568          9.90137    
      41974         17586          1269.74     8.86827          9.90137    
      42960         17980          1299.21     8.87047          9.90137    
      43947         18334          1328.64     8.87270          9.90137    
      44914         18723          1358.05     8.87481          9.90137    
      45946+        19124          1387.50     8.87655          9.90137    
      47027         19477          1416.99     8.87696          9.90137    
      48056         19814          1446.55     8.87799          9.90137    
      49039         20150          1476.11     8.87869          9.90137    
      50009         20497          1505.66     8.88043          9.90137    
      50956         20855          1535.16     8.88245          9.90137    
      51885+        21138          1565.05     8.88422          9.90137    
      52813         21499          1594.47     8.88642          9.90137    
      53740         21830          1623.92     8.88808          9.90137    
      54665         22178          1653.38     8.88987          9.90137    
      55590         22526          1682.83     8.89221          9.90137    
      56521         22842          1712.13     8.89415          9.90137    
      57478         23180          1741.56     8.89547          9.90137    
      58469         23562          1770.85     8.89688          9.90137    
      59391         23862          1800.19     8.89912          9.90137    
      60348         24214          1829.94     8.90162          9.90137    
      61254         24552          1859.94     8.90410          9.90137    
      62184         24910          1889.94     8.90668          9.90137    
      63124         25244          1919.92     8.90946          9.90137    
      64109         25579          1949.93     8.91202          9.90137    
      65071         25906          1979.93     8.91449          9.90137    
      66027         26220          2009.93     8.91702          9.90137    
      66943         26510          2039.92     8.91931          9.90137    
      67749+        26773          2069.95     8.92138          9.90137    
      67803+        26772          2099.93     8.92158          9.90137    
      67865+        26761          2129.96     8.92175          9.90137    
      67918+        26762          2159.93     8.92194          9.90137    
      67986+        26759          2190.02     8.92225          9.90137    
      68112+        26763          2220.05     8.92274          9.90137    
      68169+        26758          2250.10     8.92288          9.90137    
      68563         26887          2280.11     8.92389          9.90137    
      69474+        27203          2310.17     8.92618          9.90137    
      70406         27537          2340.20     8.92967          9.90137    
      71318         27841          2370.22     8.93296          9.90137    
      72161         28143          2400.22     8.93490          9.90137    
      73068         28463          2430.21     8.93678          9.90137    
      74069         28772          2460.20     8.93946          9.90137    
      74992         29101          2490.21     8.94252          9.90137    
      75917         29409          2520.24     8.94588          9.90137    
      76858         29738          2550.27     8.94814          9.90137    
      77829         30050          2580.27     8.95032          9.90137    
      78771         30365          2610.27     8.95343          9.90137    
      79660         30659          2640.29     8.95625          9.90137    
      80574         30955          2670.28     8.95930          9.90137    
      81511         31252          2700.31     8.96138          9.90137    
      82405         31533          2730.31     8.96406          9.90137    
      83267         31831          2760.31     8.96687          9.90137    
      84164         32106          2790.31     8.96971          9.90137    
      85045         32369          2820.33     8.97273          9.90137    
      85900         32692          2850.36     8.97483          9.90137    
      86755         33039          2880.36     8.97628          9.90137    
      87590         33370          2910.37     8.97892          9.90137    
      88438         33678          2940.38     8.98173          9.90137    
      89206         33974          2970.37     8.98421          9.90137    
      89437+        34032          3000.41     8.98481          9.90137    
      89508+        34018          3030.46     8.98503          9.90137    
      89558+        34008          3060.44     8.98531          9.90137    
      89604+        33993          3090.47     8.98552          9.90137    
      89639         33993          3120.55     8.98568          9.90137    
      89693         33982          3150.55     8.98587          9.90137    
      89764+        33974          3180.55     8.98611          9.90137    
      89814+        33955          3210.58     8.98643          9.90137    
      89845+        33955          3240.66     8.98658          9.90137    
      89889+        33950          3270.67     8.98681          9.90137    
      89921         33940          3300.68     8.98697          9.90137    
      89957+        33927          3330.68     8.98709          9.90137    
      90019         33903          3360.67     8.98754          9.90137    
      90064+        33901          3390.65     8.98773          9.90137    
      90111+        33882          3420.68     8.98792          9.90137    
      90161+        33870          3450.70     8.98815          9.90137    
      90188+        33867          3480.71     8.98839          9.90137    
      90272         33880          3510.72     8.98888          9.90137    
      90328+        33876          3540.75     8.98908          9.90137    
      90373+        33871          3570.75     8.98944          9.90137    
      90431+        33866          3600.77     8.98964          9.90137    
      90501+        33836          3630.80     8.99000          9.90137    
      90534+        33825          3660.84     8.99015          9.90137    
      90581+        33818          3690.89     8.99036          9.90137    
      90617+        33812          3720.92     8.99046          9.90137    
      90665+        33811          3750.93     8.99068          9.90137    
      90739         33813          3780.95     8.99086          9.90137    
      90784+        33814          3810.96     8.99102          9.90137    
      90845         33799          3841.01     8.99135          9.90137    
      90895+        33781          3871.01     8.99148          9.90137    
      90945+        33772          3901.07     8.99164          9.90137    
      91031+        33781          3931.12     8.99199          9.90137    
      91074+        33774          3961.15     8.99219          9.90137    
      91104+        33767          3991.18     8.99236          9.90137    
      91204+        33769          4021.18     8.99290          9.90137    
      91239+        33762          4051.19     8.99314          9.90137    
      91284+        33753          4081.22     8.99329          9.90137    
      91329+        33753          4111.30     8.99348          9.90137    
      91401+        33751          4141.27     8.99380          9.90137    
      92149         33946          4171.28     8.99663          9.90137    
      93015         34195          4201.29     8.99926          9.90137    
      93791         34470          4231.20     9.00069          9.90137    
      94579         34756          4261.21     9.00254          9.90137    
      95316         35010          4291.23     9.00446          9.90137    
      96113         35267          4321.20     9.00625          9.90137    
      96886         35525          4351.21     9.00833          9.90137    
      97702         35816          4381.23     9.00956          9.90137    
      98526         36116          4411.21     9.01104          9.90137    
      99361         36383          4441.24     9.01341          9.90137    
     100156         36629          4471.29     9.01558          9.90137    
     100927+        36875          4501.28     9.01760          9.90137    
     101360         36983          4531.27     9.01904          9.90137    
     101391+        36969          4561.31     9.01919          9.90137    
     101427+        36957          4591.39     9.01944          9.90137    
     101485+        36947          4621.50     9.01962          9.90137    
     101556         36938          4651.50     9.01987          9.90137    
     101585+        36934          4681.51     9.01998          9.90137    
     101676+        36909          4711.53     9.02023          9.90137    
     101731+        36899          4741.56     9.02043          9.90137    
     101779+        36893          4771.56     9.02053          9.90137    
     101825         36887          4801.57     9.02073          9.90137    
     101871+        36875          4831.60     9.02089          9.90137    
     101910+        36862          4861.65     9.02101          9.90137    
     101972+        36851          4891.68     9.02125          9.90137    
     102024         36848          4921.68     9.02138          9.90137    
     102091+        36840          4951.69     9.02168          9.90137    
     102135+        36824          4981.69     9.02187          9.90137    
     102191+        36806          5011.70     9.02215          9.90137    
     102246+        36789          5041.72     9.02232          9.90137    
     102323+        36774          5071.80     9.02262          9.90137    
     102372+        36767          5101.87     9.02270          9.90137    
     102400+        36759          5131.96     9.02292          9.90137    
     102425+        36754          5162.06     9.02301          9.90137    
     102455+        36748          5192.04     9.02307          9.90137    
     102499+        36730          5222.13     9.02314          9.90137    
     102536+        36719          5252.15     9.02331          9.90137    
     102567+        36712          5282.19     9.02346          9.90137    
     102615+        36692          5312.21     9.02373          9.90137    
     102651+        36685          5342.22     9.02389          9.90137    
     102692+        36674          5372.25     9.02411          9.90137    
     102740+        36660          5402.28     9.02438          9.90137    
     102825+        36665          5432.20     9.02456          9.90137    
     102871+        36651          5462.27     9.02484          9.90137    
     102907+        36652          5492.26     9.02498          9.90137    
     102965+        36636          5522.26     9.02515          9.90137    
     103002+        36625          5552.31     9.02529          9.90137    
     103048+        36611          5582.31     9.02548          9.90137    
     103103+        36594          5612.29     9.02563          9.90137    
     103145+        36583          5642.32     9.02577          9.90137    
     103184         36566          5672.31     9.02594          9.90137    
     103230+        36556          5702.37     9.02617          9.90137    
     103277+        36553          5732.44     9.02632          9.90137    
     103329+        36546          5762.49     9.02653          9.90137    
     103366         36537          5792.49     9.02668          9.90137    
     103403+        36532          5822.49     9.02680          9.90137    
     103478         36524          5852.52     9.02714          9.90137    
     103532+        36509          5882.56     9.02739          9.90137    
     103585+        36499          5912.61     9.02756          9.90137    
     103636+        36479          5942.62     9.02779          9.90137    
     103679+        36466          5972.59     9.02801          9.90137    
     103735+        36458          6002.67     9.02823          9.90137    
     103787+        36446          6032.70     9.02847          9.90137    
     103838         36445          6062.73     9.02863          9.90137    
     103878+        36443          6092.74     9.02880          9.90137    
     103934+        36431          6122.81     9.02898          9.90137    
     103991+        36429          6152.90     9.02927          9.90137    
     104032+        36431          6182.94     9.02941          9.90137    
     104060         36421          6213.02     9.02945          9.90137    
     104089+        36413          6243.04     9.02961          9.90137    
     104131+        36414          6273.07     9.02977          9.90137    
     104189+        36394          6303.06     9.03006          9.90137    
     104243+        36380          6333.08     9.03039          9.90137    
     104277+        36378          6363.09     9.03056          9.90137    
     104317         36371          6393.11     9.03084          9.90137    
     104375+        36354          6423.08     9.03113          9.90137    
     104412+        36347          6453.12     9.03125          9.90137    
     104465+        36342          6483.15     9.03137          9.90137    
     104509+        36335          6513.17     9.03149          9.90137    
     104576+        36343          6543.20     9.03175          9.90137    
     104667+        36345          6573.29     9.03202          9.90137    
     104719+        36344          6603.32     9.03233          9.90137    
     104771+        36332          6633.35     9.03281          9.90137    
     104817+        36327          6663.40     9.03298          9.90137    
     104865+        36322          6693.38     9.03320          9.90137    
     104906         36309          6723.38     9.03336          9.90137    
     104953+        36287          6753.39     9.03362          9.90137    
     104995+        36274          6783.44     9.03378          9.90137    
     105039+        36264          6813.45     9.03396          9.90137    
     105085+        36262          6843.47     9.03420          9.90137    
     105129+        36255          6873.50     9.03435          9.90137    
     105181+        36237          6903.56     9.03451          9.90137    
     105214+        36230          6933.65     9.03466          9.90137    
     105251+        36218          6963.67     9.03503          9.90137    
     105281+        36219          6993.65     9.03512          9.90137    
     105784         36387          7023.66     9.03607          9.90137    
     106543         36630          7053.65     9.03855          9.90137    
     107276         36823          7083.66     9.04078          9.90137    
     108120         37084          7113.71     9.04163          9.90137    
     108973         37334          7143.72     9.04266          9.90137    
     109775         37582          7173.75     9.04435          9.90137    
     110659         37816          7203.71     9.04513          9.90137    
     111530         38067          7233.70     9.04634          9.90137    
     112323         38286          7263.72     9.04812          9.90137    
     113170         38555          7293.75     9.04957          9.90137    
     114077         38835          7323.78     9.05054          9.90137    
     114951         39102          7353.76     9.05137          9.90137    
     115863         39376          7383.76     9.05213          9.90137    
     116751         39709          7413.76     9.05258          9.90137    
     117574         39954          7443.76     9.05385          9.90137    
     118416         40190          7473.76     9.05521          9.90137    
     119196         40415          7503.76     9.05676          9.90137    
     119991         40676          7533.79     9.05764          9.90137    
     120700         40890          7563.79     9.05905          9.90137    
     120767+        40864          7593.80     9.05925          9.90137    
     120825+        40845          7623.80     9.05939          9.90137    
     120863+        40826          7653.81     9.05943          9.90137    
     120913+        40796          7683.83     9.05953          9.90137    
     120951+        40779          7713.86     9.05969          9.90137    
     120982+        40762          7743.91     9.05975          9.90137    
     121033+        40733          7773.97     9.05982          9.90137    
     121131+        40671          7803.98     9.05995          9.90137    
     121226+        40613          7834.00     9.05999          9.90137    
     121324+        40548          7863.99     9.06004          9.90137    
     121408+        40494          7893.99     9.06007          9.90137    
     121492+        40441          7924.02     9.06013          9.90137    
     121559         40404          7954.04     9.06020          9.90137    
     121653+        40340          7984.07     9.06026          9.90137    
     121686+        40325          8014.10     9.06028          9.90137    
     121760+        40282          8044.10     9.06033          9.90137    
     121834+        40248          8074.10     9.06044          9.90137    
     121891+        40226          8104.10     9.06051          9.90137    
     121935+        40199          8134.16     9.06061          9.90137    
     121962+        40190          8164.17     9.06073          9.90137    
     121991+        40182          8194.19     9.06076          9.90137    
     122011+        40177          8224.20     9.06083          9.90137    
     122070+        40145          8254.25     9.06101          9.90137    
     122109+        40127          8284.26     9.06110          9.90137    
     122150+        40111          8314.29     9.06125          9.90137    
     122201+        40091          8344.29     9.06134          9.90137    
     122259+        40071          8374.31     9.06150          9.90137    
     122323+        40045          8404.33     9.06171          9.90137    
     122370+        40021          8434.35     9.06186          9.90137    
     122412         40006          8464.32     9.06196          9.90137    
     122455+        39983          8494.32     9.06208          9.90137    
     122524+        39943          8524.33     9.06243          9.90137    
     122570+        39930          8554.39     9.06254          9.90137    
     122650+        39907          8584.42     9.06278          9.90137    
     122700+        39867          8614.47     9.06281          9.90137    
     122736+        39850          8644.45     9.06292          9.90137    
     122766+        39837          8674.53     9.06300          9.90137    
     122838+        39799          8704.56     9.06325          9.90137    
     122883+        39775          8734.56     9.06350          9.90137    
     122919+        39761          8764.62     9.06361          9.90137    
     122960+        39755          8794.63     9.06372          9.90137    
     123030+        39732          8824.70     9.06389          9.90137    
     123067+        39719          8854.74     9.06400          9.90137    
     123117+        39705          8884.82     9.06414          9.90137    
     123160+        39688          8914.85     9.06434          9.90137    
     123204+        39672          8944.91     9.06463          9.90137    
     123247         39658          8974.94     9.06476          9.90137    
     123303         39637          9004.94     9.06501          9.90137    
     123354+        39614          9034.94     9.06520          9.90137    
     123399+        39593          9064.95     9.06539          9.90137    
     123445+        39572          9094.97     9.06561          9.90137    
     123499+        39556          9124.97     9.06587          9.90137    
     123537+        39543          9155.04     9.06610          9.90137    
     123571+        39526          9185.07     9.06621          9.90137    
     123604+        39518          9215.13     9.06633          9.90137    
     123668+        39494          9245.10     9.06657          9.90137    
     123721+        39466          9275.13     9.06680          9.90137    
     123768+        39448          9305.15     9.06705          9.90137    
     123821+        39419          9335.18     9.06728          9.90137    
     123859+        39412          9365.18     9.06738          9.90137    
     123905+        39394          9395.21     9.06747          9.90137    
     123997         39400          9425.30     9.06778          9.90137    
     124067+        39379          9455.35     9.06811          9.90137    
     124115+        39356          9485.41     9.06831          9.90137    
     124166         39336          9515.41     9.06852          9.90137    
     124208+        39315          9545.42     9.06865          9.90137    
     124241+        39314          9575.51     9.06878          9.90137    
     124289+        39306          9605.53     9.06897          9.90137    
     124341+        39300          9635.56     9.06906          9.90137    
     124390         39288          9665.59     9.06919          9.90137    
     124437+        39271          9695.63     9.06931          9.90137    
     124473         39261          9725.66     9.06948          9.90137    
     124514+        39256          9755.68     9.06972          9.90137    
     124557+        39245          9785.74     9.06981          9.90137    
     124603         39226          9815.77     9.07007          9.90137    
     124642+        39211          9845.77     9.07024          9.90137    
     124673+        39207          9875.86     9.07046          9.90137    
     124713+        39192          9905.91     9.07064          9.90137    
     124751+        39174          9935.92     9.07076          9.90137    
     124803+        39150          9965.92     9.07089          9.90137    
     124851+        39141          9995.94     9.07125          9.90137    
     124919+        39128         10025.97     9.07149          9.90137    
     124971         39123         10056.00     9.07165          9.90137    
     125025+        39096         10085.98     9.07189          9.90137    
     125057+        39088         10116.04     9.07216          9.90137    
     125109+        39070         10146.02     9.07242          9.90137    
     125157+        39053         10176.05     9.07270          9.90137    
     125196+        39042         10206.08     9.07295          9.90137    
     125236+        39028         10236.08     9.07311          9.90137    
     125295+        39022         10266.10     9.07318          9.90137    
     125372+        39019         10296.16     9.07343          9.90137    
     125434+        39002         10326.17     9.07377          9.90137    
     125470+        38987         10356.19     9.07401          9.90137    
     125514+        38961         10386.23     9.07422          9.90137    
     125542+        38946         10416.23     9.07444          9.90137    
     125584+        38922         10446.28     9.07460          9.90137    
     125631+        38913         10476.36     9.07485          9.90137    
     125682+        38909         10506.40     9.07509          9.90137    
     125717+        38892         10536.42     9.07515          9.90137    
     125767+        38857         10566.43     9.07530          9.90137    
     125818+        38840         10596.46     9.07544          9.90137    
     125864+        38822         10626.57     9.07568          9.90137    
     125920+        38796         10656.58     9.07588          9.90137    
     125961+        38774         10686.61     9.07598          9.90137    
     126001+        38759         10716.63     9.07615          9.90137    
     126040         38756         10746.60     9.07620          9.90137    
     126666         38954         10776.66     9.07717          9.90137    
     127467         39216         10806.66     9.07790          9.90137    
     128225         39468         10836.66     9.07866          9.90137    
     128984         39728         10866.69     9.07923          9.90137    
     129794         40032         10896.69     9.07944          9.90137    
     130593         40277         10926.70     9.07970          9.90137    
     131406         40522         10956.71     9.07997          9.90137    
     132236         40741         10986.75     9.08048          9.90137    
     133006         40934         11016.71     9.08133          9.90137    
     133754         41094         11046.73     9.08199          9.90137    
     134542         41260         11076.77     9.08254          9.90137    
     135308         41426         11106.77     9.08358          9.90137    
     136120         41602         11136.74     9.08414          9.90137    
     136857         41752         11166.71     9.08528          9.90137    
     137581         41940         11196.74     9.08611          9.90137    
     138150         42063         11226.77     9.08697          9.90137    
     138798         42185         11256.81     9.08840          9.90137    
     139420         42272         11286.81     9.08948          9.90137    
     140038         42410         11317.20     9.09058          9.90137    
     140684         42561         11347.20     9.09182          9.90137    
     141451         42718         11377.20     9.09345          9.90137    
     142165         42905         11407.14     9.09438          9.90137    
     142867         43093         11437.14     9.09568          9.90137    
     143560         43273         11467.13     9.09692          9.90137    
     144184         43475         11497.15     9.09819          9.90137    
     144363+        43492         11527.16     9.09862          9.90137    
     144404+        43473         11557.24     9.09868          9.90137    
     144464+        43449         11587.25     9.09882          9.90137    
     144519+        43421         11617.29     9.09906          9.90137    
     144571+        43398         11647.32     9.09921          9.90137    
     144603+        43391         11677.35     9.09927          9.90137    
     144668+        43371         11707.36     9.09950          9.90137    
     144722+        43345         11737.39     9.09965          9.90137    
     144777+        43328         11767.39     9.09982          9.90137    
     144826+        43305         11797.40     9.09998          9.90137    
     144899+        43268         11827.42     9.10015          9.90137    
     144955+        43240         11857.42     9.10030          9.90137    
     145004+        43223         11887.40     9.10044          9.90137    
     145058+        43194         11917.45     9.10062          9.90137    
     145095+        43181         11947.46     9.10075          9.90137    
     145145+        43162         11977.49     9.10094          9.90137    
     145187+        43141         12007.63     9.10107          9.90137    
     145232+        43126         12037.65     9.10122          9.90137    
     145265+        43114         12067.68     9.10132          9.90137    
     145295+        43101         12097.72     9.10139          9.90137    
     145343+        43078         12127.74     9.10151          9.90137    
     145400+        43046         12157.74     9.10175          9.90137    
     145436         43035         12187.77     9.10187          9.90137    
     145495+        43005         12217.80     9.10205          9.90137    
     145519+        42999         12247.89     9.10210          9.90137    
     145576+        42976         12277.92     9.10234          9.90137    
     145611+        42962         12307.98     9.10246          9.90137    
     145657+        42948         12338.01     9.10271          9.90137    
     145709+        42917         12368.06     9.10284          9.90137    
     145769+        42885         12398.10     9.10309          9.90137    
     145794         42881         12428.18     9.10318          9.90137    
     145852         42852         12458.19     9.10328          9.90137    
     145900         42827         12488.21     9.10340          9.90137    
     145967+        42803         12518.22     9.10360          9.90137    
     146015+        42781         12548.25     9.10369          9.90137    
     146049+        42769         12578.34     9.10376          9.90137    
     146105         42771         12608.39     9.10397          9.90137    
     146167+        42754         12638.42     9.10410          9.90137    
     146225+        42736         12668.42     9.10424          9.90137    
     146277+        42718         12698.45     9.10441          9.90137    
     146349+        42709         12728.50     9.10468          9.90137    
     146406+        42697         12758.54     9.10487          9.90137    
     146453+        42682         12788.62     9.10498          9.90137    
     146508+        42654         12818.62     9.10515          9.90137    
     146562+        42635         12848.65     9.10526          9.90137    
     146617+        42607         12878.68     9.10546          9.90137    
     146690+        42576         12908.66     9.10570          9.90137    
     146729+        42557         12938.74     9.10579          9.90137    
     146790+        42519         12968.80     9.10592          9.90137    
     146839+        42508         12998.85     9.10603          9.90137    
     146906+        42478         13028.86     9.10626          9.90137    
     146971+        42454         13058.91     9.10637          9.90137    
     147025+        42437         13088.87     9.10668          9.90137    
     147082+        42423         13118.87     9.10680          9.90137    
     147147+        42388         13148.87     9.10696          9.90137    
     147190+        42368         13178.90     9.10713          9.90137    
     147232         42356         13208.92     9.10727          9.90137    
     147275+        42331         13238.92     9.10742          9.90137    
     147302+        42320         13268.93     9.10745          9.90137    
     147345+        42303         13298.96     9.10759          9.90137    
     147397+        42285         13328.99     9.10769          9.90137    
     147441+        42263         13359.02     9.10788          9.90137    
     147499+        42241         13389.13     9.10822          9.90137    
     147537+        42224         13419.14     9.10835          9.90137    
     147582+        42201         13449.17     9.10856          9.90137    
     147638+        42185         13479.19     9.10874          9.90137    
     147701+        42165         13509.25     9.10891          9.90137    
     147727+        42158         13539.28     9.10909          9.90137    
     147768+        42143         13569.29     9.10921          9.90137    
     147801         42136         13599.29     9.10931          9.90137    
     147881+        42098         13629.35     9.10955          9.90137    
     147931+        42081         13659.40     9.10968          9.90137    
     147975+        42058         13689.42     9.10993          9.90137    
     148005+        42049         13719.45     9.11001          9.90137    
     148086+        42007         13749.46     9.11031          9.90137    
     148130+        41991         13779.49     9.11046          9.90137    
     148191         41966         13809.55     9.11058          9.90137    
     148248         41942         13839.64     9.11077          9.90137    
     148303         41915         13869.66     9.11100          9.90137    
     148340+        41902         13899.67     9.11120          9.90137    
     148372+        41884         13929.69     9.11140          9.90137    
     148405+        41869         13959.73     9.11161          9.90137    
     148443+        41859         13989.83     9.11171          9.90137    
     148514         41846         14019.83     9.11200          9.90137    
     148573         41826         14049.84     9.11210          9.90137    
     148629+        41795         14079.84     9.11223          9.90137    
     148652+        41782         14109.88     9.11234          9.90137    
     148694+        41771         14139.90     9.11239          9.90137    
     148737+        41761         14169.91     9.11252          9.90137    
     148784         41737         14200.01     9.11270          9.90137    
     148811+        41730         14230.04     9.11274          9.90137    
     148850+        41726         14260.13     9.11288          9.90137    
     148991+        41751         14290.14     9.11339          9.90137    
     149051+        41728         14320.13     9.11360          9.90137    
     149097+        41709         14350.14     9.11387          9.90137    
     149135+        41696         14380.20     9.11405          9.90137    
     149173+        41688         14410.25     9.11411          9.90137    
     149229+        41662         14440.22     9.11428          9.90137    
     149296+        41632         14470.22     9.11455          9.90137    
     149345+        41614         14500.21     9.11471          9.90137    
     149397+        41587         14530.32     9.11493          9.90137    
     149433+        41581         14560.35     9.11504          9.90137    
     149471+        41567         14590.35     9.11522          9.90137    
     149512+        41552         14620.38     9.11541          9.90137    
     149607+        41560         14650.41     9.11578          9.90137    
     149736+        41556         14680.44     9.11618          9.90137    
     149781+        41537         14710.54     9.11626          9.90137    
     149812+        41535         14740.58     9.11634          9.90137    
     149849+        41528         14770.60     9.11643          9.90137    
     149892         41510         14800.59     9.11652          9.90137    
     149933+        41494         14830.59     9.11665          9.90137    
     149983+        41476         14860.64     9.11674          9.90137    
     150035         41448         14890.64     9.11688          9.90137    
     150062+        41443         14920.75     9.11695          9.90137    
     150117         41432         14950.75     9.11712          9.90137    
     150171+        41407         14980.79     9.11735          9.90137    
     150209+        41387         15010.79     9.11760          9.90137    
     150259         41367         15040.82     9.11775          9.90137    
     150310+        41347         15070.83     9.11786          9.90137    
     150351+        41334         15100.87     9.11805          9.90137    
     150392+        41320         15130.93     9.11817          9.90137    
     150441         41309         15160.91     9.11834          9.90137    
     150490         41291         15190.92     9.11858          9.90137    
     150537+        41277         15220.89     9.11868          9.90137    
     150573+        41259         15250.89     9.11886          9.90137    
     150620+        41236         15280.98     9.11902          9.90137    
     150689+        41216         15311.01     9.11940          9.90137    
     150739+        41199         15341.00     9.11959          9.90137    
     150781+        41179         15371.04     9.11973          9.90137    
     150804+        41173         15401.03     9.11978          9.90137    
     150851+        41150         15431.07     9.12000          9.90137    
     150905         41134         15461.04     9.12016          9.90137    
     150949+        41115         15491.09     9.12029          9.90137    
     151007         41121         15521.10     9.12036          9.90137    
     151057+        41111         15551.19     9.12058          9.90137    
     151086+        41103         15581.22     9.12073          9.90137    
     151137+        41082         15611.29     9.12088          9.90137    
     151183+        41061         15641.32     9.12111          9.90137    
     151233+        41052         15671.36     9.12140          9.90137    
     151285+        41035         15701.36     9.12162          9.90137    
     151325+        41021         15731.36     9.12166          9.90137    
     151354+        41016         15761.34     9.12175          9.90137    
     151407         41012         15791.36     9.12192          9.90137    
     151451+        40997         15821.36     9.12204          9.90137    
     151499+        40986         15851.42     9.12219          9.90137    
     151534+        40974         15881.45     9.12233          9.90137    
     151588+        40963         15911.48     9.12255          9.90137    
     151649+        40945         15941.54     9.12282          9.90137    
     151681         40940         15971.54     9.12292          9.90137    
     151725+        40929         16001.60     9.12310          9.90137    
     151764+        40918         16031.68     9.12329          9.90137    
     151820+        40894         16061.71     9.12361          9.90137    
     151865+        40874         16091.74     9.12380          9.90137    
     151907         40863         16121.77     9.12395          9.90137    
     151955+        40853         16151.78     9.12408          9.90137    
     152002+        40836         16181.81     9.12427          9.90137    
     152074+        40820         16211.89     9.12463          9.90137    
     152129+        40807         16241.92     9.12477          9.90137    
     152156+        40799         16271.92     9.12488          9.90137    
     152237         40806         16301.93     9.12519          9.90137    
     152390         40820         16331.98     9.12558          9.90137    
     152467+        40793         16361.98     9.12581          9.90137    
     152514+        40775         16392.04     9.12597          9.90137    
     152553+        40760         16422.16     9.12612          9.90137    
     152656         40767         16452.18     9.12645          9.90137    
     152725+        40747         16482.18     9.12664          9.90137    
     152797+        40727         16512.16     9.12699          9.90137    
     152856+        40698         16542.19     9.12726          9.90137    
     152893+        40674         16572.21     9.12738          9.90137    
     152929+        40667         16602.20     9.12755          9.90137    
     152971+        40645         16632.28     9.12774          9.90137    
     153019+        40626         16662.33     9.12797          9.90137    
     153061+        40607         16692.39     9.12814          9.90137    
     153103+        40592         16722.45     9.12823          9.90137    
     153146+        40571         16752.46     9.12847          9.90137    
     153179+        40550         16782.56     9.12866          9.90137    
     153221+        40533         16812.62     9.12889          9.90137    
     153264         40529         16842.63     9.12911          9.90137    
     153296+        40521         16872.68     9.12928          9.90137    
     153323+        40510         16902.66     9.12938          9.90137    
     153374+        40501         16932.69     9.12978          9.90137    
     153413+        40484         16962.72     9.12992          9.90137    
     153453+        40466         16992.75     9.13005          9.90137    
     153491+        40461         17022.77     9.13024          9.90137    
     153610+        40457         17052.78     9.13053          9.90137    
     153673+        40435         17082.81     9.13081          9.90137    
     153714+        40422         17112.87     9.13096          9.90137    
     153747         40412         17142.89     9.13105          9.90137    
     153784+        40395         17173.03     9.13120          9.90137    
     153817+        40379         17203.07     9.13136          9.90137    
     153837+        40373         17233.09     9.13153          9.90137    
     153875+        40355         17263.09     9.13173          9.90137    
     153929+        40326         17293.12     9.13186          9.90137    
     153961+        40313         17323.21     9.13203          9.90137    
     154003         40310         17353.25     9.13215          9.90137    
     154062+        40281         17383.30     9.13241          9.90137    
     154099+        40271         17413.35     9.13257          9.90137    
     154157+        40237         17443.41     9.13286          9.90137    
     154185+        40222         17473.47     9.13297          9.90137    
     154237+        40228         17503.47     9.13314          9.90137    
     154363+        40220         17533.50     9.13354          9.90137    
     154413+        40205         17563.53     9.13376          9.90137    
     154467         40185         17593.61     9.13401          9.90137    
     154512+        40159         17623.64     9.13429          9.90137    
     154548+        40138         17653.63     9.13439          9.90137    
     154587+        40122         17683.71     9.13453          9.90137    
     154628+        40117         17713.76     9.13465          9.90137    
     154707+        40103         17743.76     9.13491          9.90137    
     154772+        40082         17773.76     9.13507          9.90137    
     154821+        40060         17803.80     9.13529          9.90137    
     154891+        40043         17833.86     9.13546          9.90137    
     154947+        40024         17863.94     9.13571          9.90137    
     155001+        40002         17893.97     9.13599          9.90137    
     155041+        39999         17924.02     9.13615          9.90137    
     155096+        39983         17954.00     9.13628          9.90137    
     155193+        39957         17984.00     9.13669          9.90137    
     155222         39954         18000.00     9.13679          9.90137    

                    *** Max. allowable time exceeded ***      

 Wall clock time:                 18044.00
 Total CPU time used:             18000.00

 Total no. of BaR iterations:  155222
 Best solution found at node:     509
 Max. no. of nodes in memory:   43519
 
 All done
===========================================================================
