===========================================================================
 BARON version 18.5.8. Built: WIN-64 Tue May 8 15:02:43 EDT 2018 

 BARON is a product of The Optimization Firm, LLC. http://www.minlp.com/

 If you use this software, please cite publications from
 http://www.minlp.com/about-baron, such as: 

 Kilinc, M. and N. V. Sahinidis, Exploiting integrality in the global
 optimization of mixed-integer nonlinear programming problems in BARON,
 Optimization Methods and Software, 33, 540-562, 2018.
===========================================================================
 This BARON run may utilize the following subsolver(s)
 For LP/MIP: ILOG CPLEX                                      
 For NLP: MINOS, GAMS external NLP, IPOPT, FILTERSD, FILTERSQP
===========================================================================
    The options used in solving the problem are as follows:
       maxtime        =  0.1800E+05
       maxiter        =      -1
       numsol         =       1
       firstfeas      =       0
       cutoff         =  0.1000E+52
       epsa           =  0.1000E-08
       epsr           =  0.1000E-01
       deltaterm      =       0
       deltaa         =  0.1000E+52
       deltar         =  0.1000E+01
       deltat         = -0.1000E+03
       boxtol         =  0.1000E-07
       isoltol        =  0.1000E-03
       absconfeastol  =  0.1000E-04
       relconfeastol  =  0.0000E+00
       absintfeastol  =  0.1000E-04
       relintfeastol  =  0.0000E+00
       results        =       1
       summary        =       1
       times          =       1
       prtimefreq     =  0.3000E+02
       prfreq         = 1000000
       prlevel        =       1
       numprint       =      -1
       numprintdual   =      -1
       lpsol          =       3
       nlpsol         =      -1
       allowminos     =       1
       allowsnopt     =       1
       allowexternal  =       1
       allowipopt     =       1
       allowfiltersd  =       1
       allowfiltersqp =       1
       dolocal        =       1
       numloc         =      -2
       locres         =       0
       pdo            =      -2
       brvarstra      =       0
       brptstra       =       0
       nodesel        =       0
       compiis        =       0
       iisint         =       1
       iisorder       =      -1
       threads        =       1
===========================================================================
 Doing local search
 Solving bounding LP
 Starting multi-start local search
 Done with local search
===========================================================================
  Iteration    Open nodes         Time (s)    Lower bound      Upper bound
*         1             1             6.29      0.00000         19.6070    
*         1             1             6.80     2.03343          19.5615    
*         1             1             7.89     2.03343          18.0098    
          1             1             9.08     2.03343          18.0098    
*        19            17            28.03     2.03343          17.9727    
         96            79            58.28     2.03343          17.9727    
        225           155            88.02     2.03343          17.9727    
        345+          227           117.77     2.06517          17.9727    
*       435           279           128.40     2.20145          17.9727    
        581           353           158.06     2.30044          17.9727    
        746           448           187.70     2.56679          17.9727    
        914           548           216.81     2.86947          17.9727    
       1156           680           245.25     3.69435          17.9727    
       1405           804           273.52     6.61013          17.9727    
       1562           901           301.86     6.67846          17.9727    
       1760          1030           330.96     8.57553          17.9727    
       1945          1143           360.66     8.57553          17.9727    
       2199          1310           389.91     8.57556          17.9727    
       2393+         1427           418.99     8.58233          17.9727    
       2609          1557           448.14     8.58505          17.9727    
       2878          1723           476.85     8.80884          17.9727    
       3140          1877           505.96     9.49854          17.9727    
       3348          2003           535.08     9.49854          17.9727    
       3651          2184           564.22     9.50852          17.9727    
       3952          2348           593.24     9.50864          17.9727    
       4269+         2530           622.10     9.50864          17.9727    
       4549          2689           651.19     9.50864          17.9727    
       4842          2843           680.73     9.50864          17.9727    
       5146+         3013           710.72     9.50864          17.9727    
       5465          3187           740.74     9.50864          17.9727    
       5788          3346           770.79     9.50864          17.9727    
       6074          3496           800.75     9.50864          17.9727    
       6426          3689           830.80     9.50864          17.9727    
       6803          3861           860.78     9.50864          17.9727    
       7196          4055           890.77     9.50864          17.9727    
       7618          4266           920.80     9.50864          17.9727    
       8058          4480           950.78     9.50864          17.9727    
       8461          4679           980.79     9.50864          17.9727    
       8868+         4871          1011.00     9.50864          17.9727    
       9269+         5050          1040.99     9.50864          17.9727    
       9720          5230          1070.96     9.50864          17.9727    
      10114          5393          1101.20     9.50864          17.9727    
      10490          5568          1131.07     9.50864          17.9727    
      10860          5738          1161.02     9.50864          17.9727    
      11261+         5919          1191.07     9.50864          17.9727    
      11708          6109          1221.08     9.50864          17.9727    
      12057          6279          1251.13     9.50864          17.9727    
      12537          6463          1281.13     9.50864          17.9727    
      13003          6634          1311.13     9.50864          17.9727    
      13351          6795          1341.11     9.50864          17.9727    
      13794          6998          1371.11     9.50864          17.9727    
      14183          7187          1401.11     9.50864          17.9727    
      14620          7421          1431.09     9.50864          17.9727    
      15132          7575          1461.09     9.50864          17.9727    
      15561          7771          1491.07     9.50864          17.9727    
      15991          7943          1521.12     9.50865          17.9727    
      16382          8128          1551.07     9.50865          17.9727    
      16826          8320          1581.05     9.50866          17.9727    
      17258          8477          1611.05     9.50870          17.9727    
      17618          8648          1641.04     9.50877          17.9727    
      18048          8814          1671.07     9.50885          17.9727    
      18539          8934          1701.07     9.50891          17.9727    
      18960          9064          1731.07     9.50922          17.9727    
      19317          9205          1761.06     9.50949          17.9727    
      19719          9370          1791.05     9.51069          17.9727    
      20146          9544          1821.05     9.51324          17.9727    
      20552          9706          1851.05     9.51452          17.9727    
      20946          9868          1881.04     9.51592          17.9727    
      21373+        10035          1911.01     9.51630          17.9727    
      21812         10229          1941.01     9.51730          17.9727    
      22233         10392          1971.01     9.51766          17.9727    
      22660         10574          2001.06     9.51814          17.9727    
      23052         10745          2031.02     9.51879          17.9727    
      23479         10915          2061.01     9.51942          17.9727    
      23859         11089          2091.01     9.51946          17.9727    
      24258         11290          2121.04     9.51977          17.9727    
      24643         11463          2151.28     9.51977          17.9727    
      25032         11620          2181.25     9.51984          17.9727    
      25460         11802          2211.28     9.51990          17.9727    
      25906         11977          2241.27     9.51990          17.9727    
      26380         12157          2271.25     9.52005          17.9727    
      26779+        12328          2301.23     9.52023          17.9727    
      27222         12512          2331.25     9.52073          17.9727    
      27634         12677          2361.29     9.52077          17.9727    
      28047         12850          2391.31     9.52078          17.9727    
      28462         13022          2421.31     9.52094          17.9727    
      28914+        13227          2451.29     9.52113          17.9727    
      29323         13390          2481.29     9.52134          17.9727    
      29765         13580          2511.26     9.52198          17.9727    
      30165         13775          2541.21     9.52209          17.9727    
      30600+        13952          2571.21     9.52233          17.9727    
      30997         14141          2601.21     9.52246          17.9727    
      31339         14311          2631.24     9.52247          17.9727    
      31735         14471          2661.27     9.52248          17.9727    
      32096         14623          2691.28     9.52270          17.9727    
      32492         14822          2721.25     9.52296          17.9727    
      32912         15003          2751.28     9.52332          17.9727    
      33279         15159          2781.25     9.52350          17.9727    
      33686         15349          2811.26     9.52374          17.9727    
      34042         15494          2841.25     9.52377          17.9727    
      34462+        15663          2871.23     9.52437          17.9727    
      34892         15865          2901.20     9.52456          17.9727    
      35309         16062          2931.23     9.52505          17.9727    
      35752         16267          2961.23     9.52548          17.9727    
      36140         16422          2991.23     9.52576          17.9727    
      36562         16604          3021.26     9.52621          17.9727    
      36974         16785          3051.27     9.52691          17.9727    
      37384         16958          3081.22     9.52718          17.9727    
      37779         17149          3111.21     9.52718          17.9727    
      38218         17322          3141.25     9.52719          17.9727    
      38589         17501          3171.25     9.52760          17.9727    
*     38992         17639          3200.33     9.52775          17.9719    
      39395         17801          3230.38     9.52788          17.9719    
      39763         17975          3260.36     9.52790          17.9719    
      40144         18145          3290.37     9.52790          17.9719    
      40563+        18320          3320.34     9.52790          17.9719    
      40943         18491          3350.32     9.52790          17.9719    
      41323         18673          3380.29     9.52791          17.9719    
      41723         18864          3410.29     9.52791          17.9719    
      42076+        19024          3440.26     9.52791          17.9719    
      42421         19163          3470.29     9.52792          17.9719    
      42777         19328          3500.27     9.52818          17.9719    
      43165         19486          3530.26     9.52841          17.9719    
      43490         19665          3560.25     9.52847          17.9719    
      43892         19861          3590.25     9.52887          17.9719    
      44275         20064          3620.22     9.52890          17.9719    
      44623         20259          3650.22     9.52899          17.9719    
      45016         20464          3680.24     9.52903          17.9719    
      45408         20617          3710.28     9.52905          17.9719    
      45826         20777          3740.30     9.52934          17.9719    
      46178         20930          3770.28     9.52965          17.9719    
      46530         21083          3800.32     9.52966          17.9719    
      46877         21245          3830.34     9.52966          17.9719    
      47230         21415          3860.35     9.52966          17.9719    
      47605         21598          3890.37     9.52966          17.9719    
      47963         21771          3920.35     9.52967          17.9719    
      48295         21935          3950.48     9.52967          17.9719    
      48628         22072          3980.47     9.52984          17.9719    
      49013+        22247          4010.46     9.53000          17.9719    
      49354+        22415          4040.74     9.53005          17.9719    
      49749         22582          4070.78     9.53028          17.9719    
      50151         22783          4100.77     9.53046          17.9719    
      50518         22953          4130.78     9.53046          17.9719    
      50905         23120          4160.80     9.53049          17.9719    
      51240         23252          4191.04     9.53053          17.9719    
      51601+        23434          4221.04     9.53075          17.9719    
      51941         23609          4251.11     9.53085          17.9719    
      52342         23780          4281.07     9.53087          17.9719    
      52706         23952          4311.12     9.53088          17.9719    
      53058         24130          4341.12     9.53088          17.9719    
      53405         24310          4371.12     9.53088          17.9719    
      53750         24470          4401.16     9.53089          17.9719    
      54117         24629          4431.16     9.53089          17.9719    
      54508+        24800          4461.15     9.53107          17.9719    
      54843         24989          4491.18     9.53126          17.9719    
      55225         25173          4521.21     9.53164          17.9719    
      55673         25338          4551.19     9.53183          17.9719    
      56037         25507          4581.17     9.53193          17.9719    
      56418         25714          4611.16     9.53206          17.9719    
      56817+        25898          4641.15     9.53218          17.9719    
      57194         26092          4671.17     9.53223          17.9719    
      57543         26260          4701.15     9.53244          17.9719    
      57933         26436          4731.04     9.53273          17.9719    
      58356         26645          4761.04     9.53284          17.9719    
      58764         26821          4791.06     9.53294          17.9719    
      59170+        26986          4821.13     9.53295          17.9719    
      59576         27154          4851.16     9.53302          17.9719    
      59961         27324          4881.15     9.53322          17.9719    
      60326         27473          4911.15     9.53333          17.9719    
      60723         27653          4941.13     9.53361          17.9719    
      61054         27806          4971.11     9.53382          17.9719    
      61392         27980          5001.13     9.53406          17.9719    
      61846+        28173          5031.16     9.53429          17.9719    
      62230         28345          5061.19     9.53447          17.9719    
      62676         28543          5091.19     9.53467          17.9719    
      63066         28707          5121.17     9.53499          17.9719    
      63448         28909          5151.15     9.53500          17.9719    
      63891         29101          5181.14     9.53516          17.9719    
      64259         29271          5211.15     9.53539          17.9719    
      64630         29441          5241.18     9.53553          17.9719    
      65052         29625          5271.18     9.53585          17.9719    
      65442         29837          5301.16     9.53606          17.9719    
      65791         30013          5331.15     9.53631          17.9719    
      66200         30181          5361.21     9.53659          17.9719    
      66629         30357          5391.18     9.53667          17.9719    
      67028         30536          5421.16     9.53685          17.9719    
      67348+        30691          5451.14     9.53695          17.9719    
      67740         30853          5481.11     9.53696          17.9719    
      68120         31038          5511.06     9.53696          17.9719    
      68524         31231          5541.06     9.53696          17.9719    
      68893         31407          5571.06     9.53696          17.9719    
      69276         31567          5601.06     9.53697          17.9719    
      69629         31750          5631.06     9.53707          17.9719    
      70017         31917          5661.06     9.53734          17.9719    
      70357         32080          5691.04     9.53743          17.9719    
      70730         32245          5721.13     9.53767          17.9719    
      71097         32415          5751.12     9.53779          17.9719    
      71510         32598          5781.12     9.53783          17.9719    
      71871         32776          5811.12     9.53784          17.9719    
      72241         32941          5841.08     9.53784          17.9719    
      72614         33093          5871.13     9.53824          17.9719    
      73036         33272          5901.13     9.53850          17.9719    
      73465         33463          5931.14     9.53896          17.9719    
      73863+        33625          5961.11     9.53944          17.9719    
      74253         33771          5991.09     9.53998          17.9719    
      74617         33954          6021.12     9.54010          17.9719    
      74998         34118          6051.12     9.54031          17.9719    
      75346         34261          6081.11     9.54062          17.9719    
      75710         34408          6111.09     9.54082          17.9719    
      76073+        34582          6141.09     9.54105          17.9719    
      76484         34789          6171.09     9.54126          17.9719    
      76834         34961          6201.02     9.54155          17.9719    
      77239         35179          6231.05     9.54174          17.9719    
      77653         35393          6261.05     9.54180          17.9719    
      78030         35598          6291.08     9.54196          17.9719    
      78428         35810          6321.10     9.54197          17.9719    
      78822         36015          6351.11     9.54202          17.9719    
      79190         36201          6381.19     9.54218          17.9719    
      79567+        36378          6411.17     9.54218          17.9719    
      79947         36537          6441.13     9.54219          17.9719    
      80328         36701          6471.16     9.54220          17.9719    
      80708         36868          6501.14     9.54220          17.9719    
      81043         37023          6531.12     9.54220          17.9719    
      81412+        37193          6561.07     9.54228          17.9719    
      81787+        37385          6590.98     9.54236          17.9719    
      82143         37547          6620.96     9.54244          17.9719    
      82498+        37696          6650.92     9.54263          17.9719    
      82807         37865          6680.90     9.54265          17.9719    
      83131         38034          6710.80     9.54265          17.9719    
      83480         38180          6740.80     9.54266          17.9719    
      83832         38336          6770.80     9.54284          17.9719    
      84162         38489          6800.69     9.54287          17.9719    
      84495+        38650          6830.57     9.54291          17.9719    
      84866         38825          6860.50     9.54304          17.9719    
      85208         38973          6890.42     9.54323          17.9719    
      85560         39142          6920.13     9.54366          17.9719    
      85936+        39305          6949.97     9.54392          17.9719    
      86294         39484          6979.95     9.54421          17.9719    
      86704         39662          7009.94     9.54448          17.9719    
      87116         39842          7039.81     9.54466          17.9719    
      87493         40005          7069.86     9.54480          17.9719    
      87896+        40167          7099.84     9.54502          17.9719    
      88305+        40332          7129.70     9.54515          17.9719    
      88617         40482          7159.56     9.54532          17.9719    
      88932         40623          7189.48     9.54545          17.9719    
      89285         40800          7219.48     9.54563          17.9719    
      89616         40969          7249.49     9.54570          17.9719    
      89966         41144          7279.41     9.54583          17.9719    
      90357         41314          7309.46     9.54607          17.9719    
      90696         41474          7339.43     9.54614          17.9719    
      91042         41628          7369.72     9.54626          17.9719    
      91455         41814          7399.72     9.54635          17.9719    
      91870         41976          7429.69     9.54645          17.9719    
      92278         42136          7459.66     9.54661          17.9719    
      92619         42282          7489.69     9.54689          17.9719    
      92960         42442          7519.65     9.54710          17.9719    
      93299         42575          7549.67     9.54723          17.9719    
      93674         42708          7579.64     9.54726          17.9719    
      94025         42867          7609.62     9.54742          17.9719    
      94352         43005          7639.60     9.54757          17.9719    
      94671         43149          7669.62     9.54776          17.9719    
      95008         43296          7699.63     9.54788          17.9719    
      95363         43435          7729.60     9.54809          17.9719    
      95744         43591          7759.58     9.54828          17.9719    
      96088         43736          7789.54     9.54852          17.9719    
      96446         43902          7819.78     9.54890          17.9719    
      96791         44060          7849.83     9.54923          17.9719    
      97104         44209          7879.83     9.54944          17.9719    
      97511         44347          7909.83     9.54983          17.9719    
      97942         44539          7939.83     9.54994          17.9719    
      98318         44712          7969.83     9.55009          17.9719    
      98719         44890          7999.86     9.55037          17.9719    
      99079         45069          8029.87     9.55047          17.9719    
      99459         45214          8059.90     9.55076          17.9719    
      99814         45344          8089.85     9.55104          17.9719    
     100162         45493          8119.81     9.55121          17.9719    
     100504         45650          8149.79     9.55131          17.9719    
     100852         45814          8179.80     9.55148          17.9719    
     101178         45965          8209.74     9.55161          17.9719    
     101571         46116          8239.74     9.55190          17.9719    
     101955         46264          8269.71     9.55212          17.9719    
     102317         46425          8299.72     9.55224          17.9719    
     102682         46581          8329.66     9.55245          17.9719    
     103030+        46738          8359.61     9.55276          17.9719    
     103360         46886          8389.66     9.55299          17.9719    
     103733         47033          8419.64     9.55336          17.9719    
     104110         47193          8449.58     9.55383          17.9719    
     104507         47358          8479.61     9.55409          17.9719    
     104854         47517          8509.62     9.55430          17.9719    
     105255         47750          8539.57     9.55434          17.9719    
     105595         47953          8569.57     9.55438          17.9719    
     105954         48144          8599.57     9.55438          17.9719    
     106268         48296          8629.58     9.55438          17.9719    
     106588         48460          8659.60     9.55438          17.9719    
     106879         48612          8689.60     9.55438          17.9719    
     107202         48781          8719.61     9.55438          17.9719    
     107485         48940          8749.58     9.55438          17.9719    
     107772         49066          8779.56     9.55438          17.9719    
     108070         49222          8809.59     9.55454          17.9719    
     108425         49378          8839.59     9.55472          17.9719    
     108766         49539          8869.61     9.55513          17.9719    
     109126         49703          8899.56     9.55541          17.9719    
     109471         49857          8929.62     9.55563          17.9719    
     109799         50045          8959.64     9.55563          17.9719    
     110114         50203          8989.64     9.55563          17.9719    
     110435         50358          9019.63     9.55563          17.9719    
     110766         50519          9049.65     9.55563          17.9719    
     111084         50659          9079.66     9.55568          17.9719    
     111474         50841          9109.68     9.55579          17.9719    
     111896         51016          9139.66     9.55593          17.9719    
     112228         51168          9169.65     9.55612          17.9719    
     112549         51314          9199.68     9.55620          17.9719    
     112893+        51449          9229.92     9.55628          17.9719    
     113356         51562          9259.92     9.55641          17.9719    
     113705         51727          9289.97     9.55652          17.9719    
     114034         51882          9319.98     9.55673          17.9719    
     114346         52045          9349.98     9.55684          17.9719    
     114656         52204          9379.97     9.55693          17.9719    
     114975+        52386          9409.95     9.55702          17.9719    
     115279         52517          9440.00     9.55718          17.9719    
     115608         52682          9469.96     9.55740          17.9719    
     115937         52842          9500.12     9.55759          17.9719    
     116261         52996          9530.09     9.55774          17.9719    
     116592         53159          9560.10     9.55786          17.9719    
     116928         53307          9590.10     9.55808          17.9719    
     117271         53478          9620.13     9.55824          17.9719    
     117618         53641          9650.14     9.55855          17.9719    
     117989         53802          9680.17     9.55881          17.9719    
     118301         53955          9710.16     9.55898          17.9719    
     118642         54113          9740.13     9.55911          17.9719    
     118979         54255          9770.12     9.55923          17.9719    
     119300         54406          9800.11     9.55925          17.9719    
     119689+        54585          9830.25     9.55949          17.9719    
     119964         54709          9860.25     9.55973          17.9719    
     120299         54861          9890.26     9.55996          17.9719    
     120632+        55027          9920.23     9.56014          17.9719    
     120991         55196          9950.26     9.56035          17.9719    
     121321         55362          9980.27     9.56048          17.9719    
     121623         55539         10010.30     9.56048          17.9719    
     121920         55716         10040.29     9.56048          17.9719    
     122199         55873         10070.30     9.56048          17.9719    
     122507         56016         10100.42     9.56048          17.9719    
     122828         56189         10130.47     9.56048          17.9719    
     123124         56336         10160.45     9.56048          17.9719    
     123390+        56487         10190.67     9.56048          17.9719    
     123696         56649         10220.70     9.56048          17.9719    
     123981         56808         10250.70     9.56048          17.9719    
     124301         56978         10280.76     9.56048          17.9719    
     124623         57139         10310.75     9.56049          17.9719    
     124894         57299         10340.76     9.56050          17.9719    
     125220         57452         10370.79     9.56065          17.9719    
     125531         57603         10400.91     9.56096          17.9719    
     125837         57758         10430.93     9.56124          17.9719    
     126184         57901         10460.94     9.56137          17.9719    
     126506         58055         10490.97     9.56150          17.9719    
     126842         58196         10521.00     9.56154          17.9719    
     127230         58314         10550.97     9.56164          17.9719    
     127508         58467         10580.97     9.56175          17.9719    
     127855         58616         10610.94     9.56205          17.9719    
     128236         58781         10640.95     9.56219          17.9719    
     128581         58938         10670.95     9.56234          17.9719    
     128920         59089         10700.95     9.56261          17.9719    
     129217         59232         10730.97     9.56270          17.9719    
     129576+        59393         10760.95     9.56297          17.9719    
     129877+        59544         10791.10     9.56321          17.9719    
     130172         59684         10821.13     9.56327          17.9719    
     130781         59771         10851.18     9.56333          17.9719    
     131134         59941         10881.19     9.56342          17.9719    
     131482         60071         10911.30     9.56354          17.9719    
     131871         60226         10941.29     9.56372          17.9719    
     132184         60385         10971.27     9.56379          17.9719    
     132512         60532         11001.22     9.56390          17.9719    
     132857         60689         11031.21     9.56403          17.9719    
     133151         60816         11061.20     9.56426          17.9719    
     133454         60964         11091.30     9.56434          17.9719    
     133780         61117         11121.28     9.56457          17.9719    
     134107         61268         11151.25     9.56496          17.9719    
     134442         61426         11181.29     9.56518          17.9719    
     134776         61578         11211.31     9.56534          17.9719    
     135134         61732         11241.29     9.56561          17.9719    
     135395         61875         11271.42     9.56574          17.9719    
     135781+        62036         11301.41     9.56577          17.9719    
     136102         62185         11331.48     9.56594          17.9719    
     136407         62342         11361.47     9.56605          17.9719    
     136698+        62483         11391.46     9.56624          17.9719    
     137030         62637         11421.44     9.56645          17.9719    
     137344         62798         11451.42     9.56655          17.9719    
     137650         62948         11481.42     9.56660          17.9719    
     137987         63116         11511.42     9.56668          17.9719    
     138331         63273         11541.42     9.56697          17.9719    
     138687         63432         11571.39     9.56721          17.9719    
     139033         63591         11601.44     9.56742          17.9719    
     139338         63743         11631.43     9.56755          17.9719    
     139697         63892         11661.42     9.56785          17.9719    
     139999+        64033         11691.40     9.56801          17.9719    
     140309         64177         11721.43     9.56816          17.9719    
     140632         64317         11751.48     9.56855          17.9719    
     140935         64478         11781.46     9.56855          17.9719    
     141253         64636         11811.41     9.56855          17.9719    
     141544         64777         11841.49     9.56855          17.9719    
     141869         64936         11871.54     9.56855          17.9719    
     142175         65093         11901.44     9.56855          17.9719    
     142469         65234         11931.41     9.56856          17.9719    
     142748         65370         11961.46     9.56862          17.9719    
     143062         65518         11991.44     9.56873          17.9719    
     143387         65649         12021.41     9.56889          17.9719    
     143713         65785         12051.39     9.56909          17.9719    
     144042         65928         12081.40     9.56932          17.9719    
     144330         66064         12111.65     9.56955          17.9719    
     144656         66201         12141.78     9.56969          17.9719    
     144975         66361         12171.76     9.56983          17.9719    
     145285         66510         12201.74     9.56995          17.9719    
     145610         66655         12231.74     9.57017          17.9719    
     145945         66816         12261.80     9.57032          17.9719    
     146290         66984         12291.76     9.57063          17.9719    
     146612         67143         12321.75     9.57076          17.9719    
     146926+        67289         12351.72     9.57076          17.9719    
     147222         67418         12381.69     9.57076          17.9719    
     147536         67545         12411.67     9.57076          17.9719    
     147871         67687         12441.75     9.57076          17.9719    
     148198         67847         12471.78     9.57076          17.9719    
     148491         67976         12502.04     9.57076          17.9719    
     148812         68148         12532.06     9.57076          17.9719    
     149147+        68306         12562.23     9.57076          17.9719    
     149432         68443         12592.20     9.57076          17.9719    
     149767         68587         12622.20     9.57076          17.9719    
     150110         68704         12652.17     9.57085          17.9719    
     150461         68825         12682.21     9.57103          17.9719    
     150758         68952         12712.19     9.57133          17.9719    
     151090         69107         12742.24     9.57169          17.9719    
     151439         69245         12772.24     9.57184          17.9719    
     151792         69356         12802.25     9.57195          17.9719    
     152107         69502         12832.24     9.57223          17.9719    
     152403         69646         12862.20     9.57234          17.9719    
     152718         69784         12892.25     9.57265          17.9719    
     153021         69939         12922.26     9.57308          17.9719    
     153329         70096         12952.26     9.57333          17.9719    
     153643         70242         12982.28     9.57349          17.9719    
     153943         70399         13012.25     9.57352          17.9719    
     154223         70545         13042.26     9.57356          17.9719    
     154518         70689         13072.31     9.57357          17.9719    
     154843         70853         13102.32     9.57363          17.9719    
     155187         71021         13132.35     9.57394          17.9719    
     155542         71184         13162.32     9.57437          17.9719    
     155881         71318         13192.30     9.57465          17.9719    
     156208         71472         13222.30     9.57485          17.9719    
     156507         71624         13252.29     9.57495          17.9719    
     156843+        71765         13282.28     9.57511          17.9719    
     157199         71901         13312.31     9.57527          17.9719    
     157554         72060         13342.27     9.57536          17.9719    
     157894         72223         13372.27     9.57539          17.9719    
     158250         72392         13402.36     9.57542          17.9719    
     158565         72535         13432.42     9.57546          17.9719    
     158903         72696         13462.40     9.57553          17.9719    
     159220         72856         13492.43     9.57569          17.9719    
     159464         72982         13522.45     9.57576          17.9719    
     159778         73116         13552.48     9.57601          17.9719    
     160131         73259         13582.46     9.57624          17.9719    
     160468         73410         13612.48     9.57640          17.9719    
     160816         73573         13642.49     9.57645          17.9719    
     161179         73769         13672.49     9.57649          17.9719    
     161515         73950         13702.49     9.57661          17.9719    
     161842         74115         13732.49     9.57679          17.9719    
     162183         74281         13762.50     9.57690          17.9719    
     162477         74417         13792.53     9.57697          17.9719    
     162786         74553         13822.52     9.57709          17.9719    
     163089         74705         13852.50     9.57732          17.9719    
     163398         74840         13882.47     9.57762          17.9719    
     163713         74988         13912.50     9.57787          17.9719    
     163995         75134         13942.59     9.57795          17.9719    
     164242         75252         13972.62     9.57795          17.9719    
     164511         75385         14002.57     9.57796          17.9719    
     164781+        75524         14032.55     9.57796          17.9719    
     165058         75656         14062.55     9.57797          17.9719    
     165383         75813         14092.55     9.57797          17.9719    
     165676         75963         14122.58     9.57797          17.9719    
     165965         76096         14152.60     9.57797          17.9719    
     166246         76231         14182.61     9.57797          17.9719    
     166551         76384         14212.60     9.57817          17.9719    
     166856         76504         14242.55     9.57828          17.9719    
     167099+        76632         14272.53     9.57844          17.9719    
     167375         76780         14302.51     9.57855          17.9719    
     167685         76926         14332.48     9.57864          17.9719    
     168019         77089         14362.56     9.57875          17.9719    
     168342+        77226         14392.53     9.57898          17.9719    
     168662         77364         14422.51     9.57901          17.9719    
     168996         77484         14452.49     9.57906          17.9719    
     169324         77631         14482.52     9.57914          17.9719    
     169677         77765         14512.62     9.57941          17.9719    
     169981         77888         14542.68     9.57964          17.9719    
     170289         78020         14572.68     9.57988          17.9719    
     170597         78152         14602.72     9.58010          17.9719    
     170914         78303         14632.71     9.58032          17.9719    
     171248         78434         14662.69     9.58050          17.9719    
     171564         78568         14692.69     9.58072          17.9719    
     171897         78703         14722.73     9.58113          17.9719    
     172220         78838         14752.70     9.58150          17.9719    
     172571         78983         14782.70     9.58183          17.9719    
     172919         79138         14812.67     9.58220          17.9719    
     173286         79296         14842.71     9.58243          17.9719    
     173643         79430         14872.70     9.58268          17.9719    
     173981         79592         14902.68     9.58323          17.9719    
     174333         79738         14932.68     9.58363          17.9719    
     174649         79917         14962.68     9.58381          17.9719    
     174916         80056         14992.69     9.58383          17.9719    
     175224         80200         15022.71     9.58383          17.9719    
     175526         80341         15052.71     9.58390          17.9719    
     175830         80484         15082.72     9.58418          17.9719    
     176169         80622         15112.71     9.58451          17.9719    
     176506         80783         15142.74     9.58486          17.9719    
     176823+        80922         15172.69     9.58494          17.9719    
     177094         81055         15202.69     9.58508          17.9719    
     177409         81185         15232.70     9.58532          17.9719    
     177713         81330         15262.70     9.58568          17.9719    
     178033         81460         15292.72     9.58590          17.9719    
     178359         81611         15322.75     9.58601          17.9719    
*    178478         81668         15333.74     9.58604          17.9712    
     178869         81848         15363.77     9.58609          17.9712    
     179176         82011         15393.80     9.58612          17.9712    
     179498         82167         15423.83     9.58616          17.9712    
     179761         82336         15453.85     9.58616          17.9712    
     180034         82475         15483.85     9.58616          17.9712    
     180308         82618         15513.75     9.58616          17.9712    
     180606         82778         15543.97     9.58617          17.9712    
     180898+        82929         15573.94     9.58620          17.9712    
     181160         83075         15603.98     9.58620          17.9712    
     181446         83238         15633.98     9.58620          17.9712    
     181720         83372         15664.08     9.58620          17.9712    
     181981         83502         15694.11     9.58621          17.9712    
     182306         83655         15724.15     9.58628          17.9712    
     182609         83786         15754.14     9.58631          17.9712    
     182912         83953         15784.12     9.58633          17.9712    
     183255         84139         15814.13     9.58634          17.9712    
     183567         84297         15844.12     9.58652          17.9712    
     183889         84425         15874.12     9.58678          17.9712    
     184188         84569         15904.16     9.58705          17.9712    
     184492         84729         15934.22     9.58705          17.9712    
     184774         84878         15964.28     9.58705          17.9712    
     185060         85037         15994.25     9.58705          17.9712    
     185368         85188         16024.25     9.58705          17.9712    
     185661         85338         16054.25     9.58706          17.9712    
     185957         85494         16084.23     9.58722          17.9712    
     186257         85626         16114.22     9.58752          17.9712    
     186607         85776         16144.20     9.58810          17.9712    
     186934         85915         16174.18     9.58856          17.9712    
     187236         86042         16204.23     9.58902          17.9712    
     187543         86179         16234.21     9.58950          17.9712    
     187872         86295         16264.26     9.58983          17.9712    
     188180         86425         16294.26     9.59038          17.9712    
     188521         86561         16324.43     9.59053          17.9712    
     188838         86675         16354.43     9.59053          17.9712    
     189203         86793         16384.41     9.59060          17.9712    
     189509         86926         16414.44     9.59074          17.9712    
     189847         87073         16444.44     9.59087          17.9712    
     190227         87201         16474.44     9.59100          17.9712    
     190555         87322         16504.45     9.59117          17.9712    
     190862         87458         16534.48     9.59146          17.9712    
     191129+        87588         16564.50     9.59173          17.9712    
     191437         87730         16594.48     9.59188          17.9712    
     191745+        87894         16624.46     9.59210          17.9712    
     192017+        88030         16654.43     9.59229          17.9712    
     192328         88160         16684.46     9.59269          17.9712    
     192645         88282         16714.43     9.59320          17.9712    
     192962         88415         16744.41     9.59351          17.9712    
     193282         88582         16774.41     9.59367          17.9712    
     193612         88718         16804.40     9.59383          17.9712    
     193972         88828         16834.43     9.59412          17.9712    
     194269         88960         16864.43     9.59443          17.9712    
     194585         89094         16894.44     9.59482          17.9712    
     194903         89246         16924.46     9.59511          17.9712    
     195213         89373         16954.44     9.59527          17.9712    
     195516         89494         16984.42     9.59555          17.9712    
     195820         89629         17014.42     9.59587          17.9712    
     196164         89750         17044.47     9.59609          17.9712    
     196514         89881         17074.46     9.59611          17.9712    
     196852         89995         17104.46     9.59621          17.9712    
     197170         90130         17134.51     9.59652          17.9712    
     197496         90260         17164.56     9.59683          17.9712    
     197821         90377         17194.52     9.59707          17.9712    
     198139         90503         17224.54     9.59736          17.9712    
     198436         90647         17254.52     9.59771          17.9712    
     198749         90793         17284.51     9.59802          17.9712    
     199066+        90908         17314.47     9.59810          17.9712    
     199348         91042         17344.49     9.59834          17.9712    
     199670         91165         17374.67     9.59862          17.9712    
     199970         91285         17404.72     9.59864          17.9712    
     200283+        91408         17434.80     9.59881          17.9712    
     200574         91537         17464.78     9.59928          17.9712    
     200882         91672         17494.81     9.59986          17.9712    
     201170         91813         17524.86     9.60002          17.9712    
     201468         91944         17554.89     9.60031          17.9712    
     201773+        92056         17584.85     9.60053          17.9712    
     202074         92201         17614.84     9.60096          17.9712    
     202426         92323         17644.87     9.60100          17.9712    
     202736         92465         17674.90     9.60134          17.9712    
     203032         92599         17704.88     9.60185          17.9712    
     203338         92722         17734.87     9.60229          17.9712    
     203671         92847         17764.89     9.60289          17.9712    
     203992         92974         17794.88     9.60338          17.9712    
     204302         93110         17824.91     9.60357          17.9712    
     204595         93228         17854.97     9.60378          17.9712    
     204916         93381         17885.00     9.60403          17.9712    
     205242         93518         17914.98     9.60422          17.9712    
     205532         93654         17945.04     9.60443          17.9712    
     205832         93777         17975.00     9.60485          17.9712    
     206084         93889         18000.00     9.60541          17.9712    

                    *** Max. allowable time exceeded ***      

 Wall clock time:                 18041.00
 Total CPU time used:             18000.00

 Total no. of BaR iterations:  206084
 Best solution found at node:  178478
 Max. no. of nodes in memory:   93889
 
 All done
===========================================================================
