===========================================================================
 BARON version 18.5.8. Built: WIN-64 Tue May 8 15:02:43 EDT 2018 

 BARON is a product of The Optimization Firm, LLC. http://www.minlp.com/

 If you use this software, please cite publications from
 http://www.minlp.com/about-baron, such as: 

 Kilinc, M. and N. V. Sahinidis, Exploiting integrality in the global
 optimization of mixed-integer nonlinear programming problems in BARON,
 Optimization Methods and Software, 33, 540-562, 2018.
===========================================================================
 This BARON run may utilize the following subsolver(s)
 For LP/MIP: ILOG CPLEX                                      
 For NLP: MINOS, GAMS external NLP, IPOPT, FILTERSD, FILTERSQP
===========================================================================
    The options used in solving the problem are as follows:
       maxtime        =  0.1800E+05
       maxiter        =      -1
       numsol         =       1
       firstfeas      =       0
       cutoff         =  0.1000E+52
       epsa           =  0.1000E-08
       epsr           =  0.1000E-01
       deltaterm      =       0
       deltaa         =  0.1000E+52
       deltar         =  0.1000E+01
       deltat         = -0.1000E+03
       boxtol         =  0.1000E-07
       isoltol        =  0.1000E-03
       absconfeastol  =  0.1000E-04
       relconfeastol  =  0.0000E+00
       absintfeastol  =  0.1000E-04
       relintfeastol  =  0.0000E+00
       results        =       1
       summary        =       1
       times          =       1
       prtimefreq     =  0.3000E+02
       prfreq         = 1000000
       prlevel        =       1
       numprint       =      -1
       numprintdual   =      -1
       lpsol          =       3
       nlpsol         =      -1
       allowminos     =       1
       allowsnopt     =       1
       allowexternal  =       1
       allowipopt     =       1
       allowfiltersd  =       1
       allowfiltersqp =       1
       dolocal        =       1
       numloc         =      -2
       locres         =       0
       pdo            =      -2
       brvarstra      =       0
       brptstra       =       0
       nodesel        =       0
       compiis        =       0
       iisint         =       1
       iisorder       =      -1
       threads        =       1
===========================================================================
 Doing local search
 Solving bounding LP
 Starting multi-start local search
 Preprocessing found feasible solution with value  20.1432446167     
 Done with local search
===========================================================================
  Iteration    Open nodes         Time (s)    Lower bound      Upper bound
*         1             1             4.68     2.02355          17.9727    
          1             1             6.27     3.36490          17.9727    
        189           113            36.16     9.51290          17.9727    
        673           403            65.49     9.63219          17.9727    
       1264           719            95.27     9.63223          17.9727    
       1687           926           129.09     9.66784          17.9727    
       2173          1168           159.09     9.73926          17.9727    
       2654          1420           188.92     9.83401          17.9727    
       3481          1866           217.68     9.83402          17.9727    
       4206          2217           246.68     9.88272          17.9727    
       5295          2571           275.34     9.90023          17.9727    
       7114          2631           304.67     9.90112          17.9727    
       7830+         2961           333.65     9.92928          17.9727    
       8608          3374           364.48     9.96445          17.9727    
       9176          3675           393.54     10.0019          17.9727    
       9959+         4051           421.98     10.0283          17.9727    
      10537          4336           451.39     10.0567          17.9727    
      11288          4704           479.95     10.0911          17.9727    
      11955          4991           512.29     10.1506          17.9727    
      12668          5336           542.04     10.2119          17.9727    
      13482          5764           571.35     10.2592          17.9727    
      14289          6189           600.87     10.3273          17.9727    
      14958+         6516           630.90     10.3706          17.9727    
      15517+         6774           661.77     10.3839          17.9727    
      16002+         6998           691.88     10.4090          17.9727    
*     16407          7140           719.59     10.4360          17.9727    
      16873          7333           749.58     10.4595          17.9727    
      18073          7764           778.99     10.4934          17.9727    
      18921          8098           808.58     10.5227          17.9727    
      20002+         8529           838.02     10.5527          17.9727    
      21040          8958           867.19     10.5777          17.9727    
      21867          9317           896.43     10.5937          17.9727    
      22716+         9722           926.04     10.5999          17.9727    
      23798+        10128           955.43     10.6089          17.9727    
      24891         10522           984.88     10.6214          17.9727    
      26073         10961          1014.30     10.6282          17.9727    
      27286         11395          1043.57     10.6339          17.9727    
      28313+        11772          1073.85     10.6399          17.9727    
      29077+        12101          1102.91     10.6424          17.9727    
      29893         12459          1132.29     10.6514          17.9727    
      30867+        12838          1161.88     10.6617          17.9727    
      31908         13303          1190.96     10.6759          17.9727    
      32848         13721          1220.22     10.6862          17.9727    
      33697         14109          1248.94     10.6906          17.9727    
      34225         14346          1278.63     10.6906          17.9727    
      35014         14736          1307.68     10.6906          17.9727    
      35899         15116          1336.79     10.6928          17.9727    
      36428         15327          1366.57     10.6941          17.9727    
      37607         15727          1396.33     10.6965          17.9727    
      38925+        16203          1426.38     10.6983          17.9727    
      40046+        16598          1456.82     10.7044          17.9727    
      40822+        16933          1487.44     10.7101          17.9727    
      41390+        17143          1519.01     10.7138          17.9727    
      42470         17569          1548.86     10.7187          17.9727    
      43709         18028          1578.85     10.7252          17.9727    
      44975         18483          1608.79     10.7321          17.9727    
      46180         18947          1638.79     10.7366          17.9727    
      47218         19307          1668.51     10.7433          17.9727    
      48324         19753          1698.41     10.7486          17.9727    
      49249         20164          1728.23     10.7536          17.9727    
      50099+        20497          1758.01     10.7575          17.9727    
      50700         20738          1787.80     10.7621          17.9727    
      51669         21105          1817.82     10.7665          17.9727    
      52860         21514          1847.72     10.7734          17.9727    
      53863         21890          1877.53     10.7794          17.9727    
      54683+        22187          1909.62     10.7835          17.9727    
      55298         22391          1939.44     10.7854          17.9727    
      56395+        22740          1969.50     10.7921          17.9727    
      57530         23167          1999.50     10.7988          17.9727    
      58557         23557          2029.51     10.8054          17.9727    
      59055         23744          2059.49     10.8092          17.9727    
      59838         24006          2089.52     10.8135          17.9727    
      60753         24359          2119.26     10.8187          17.9727    
      61355         24566          2150.58     10.8224          17.9727    
      61996+        24805          2182.98     10.8266          17.9727    
      62922         25146          2213.01     10.8314          17.9727    
      63929         25507          2243.01     10.8365          17.9727    
      65036         25888          2273.01     10.8413          17.9727    
      66118         26214          2303.01     10.8467          17.9727    
      66931         26493          2333.03     10.8495          17.9727    
      67895         26795          2363.04     10.8550          17.9727    
      68770         27118          2393.07     10.8591          17.9727    
      69333+        27345          2425.55     10.8591          17.9727    
      69971         27583          2455.58     10.8605          17.9727    
      70959+        27903          2485.64     10.8644          17.9727    
      71780         28203          2515.72     10.8689          17.9727    
      72745+        28504          2547.11     10.8762          17.9727    
      73777         28850          2577.12     10.8820          17.9727    
      74660         29209          2606.68     10.8853          17.9727    
      75606         29504          2636.71     10.8898          17.9727    
      76373+        29764          2671.21     10.8950          17.9727    
      76824         29930          2701.16     10.8984          17.9727    
      77598         30210          2730.97     10.9012          17.9727    
      78420         30478          2759.77     10.9043          17.9727    
      79363         30772          2789.33     10.9098          17.9727    
      80341         31166          2819.33     10.9157          17.9727    
      81100         31433          2849.12     10.9192          17.9727    
      81651+        31601          2879.51     10.9208          17.9727    
      82048         31745          2909.17     10.9227          17.9727    
      82655         31937          2938.78     10.9243          17.9727    
      83429         32178          2968.67     10.9273          17.9727    
      84117         32388          2998.56     10.9294          17.9727    
      84859         32642          3028.42     10.9335          17.9727    
      85205         32746          3058.34     10.9367          17.9727    
      85722+        32908          3092.13     10.9402          17.9727    
      86062         33023          3122.84     10.9414          17.9727    
      86699+        33212          3155.88     10.9443          17.9727    
      87094         33348          3185.40     10.9464          17.9727    
      87475+        33483          3217.12     10.9495          17.9727    
      87860         33611          3246.40     10.9517          17.9727    
      88582         33843          3276.43     10.9561          17.9727    
      89409         34098          3306.39     10.9614          17.9727    
      90295         34395          3336.36     10.9646          17.9727    
      91157         34675          3366.35     10.9692          17.9727    
      91915         34946          3396.27     10.9724          17.9727    
      92867         35245          3426.25     10.9780          17.9727    
      93705+        35557          3456.31     10.9812          17.9727    
      94617         35847          3486.28     10.9854          17.9727    
      95404         36131          3516.29     10.9883          17.9727    
      96275         36375          3546.26     10.9922          17.9727    
      97176         36643          3576.03     10.9956          17.9727    
      98124         36932          3605.98     10.9994          17.9727    
      99031         37229          3635.95     11.0025          17.9727    
      99822         37474          3665.91     11.0061          17.9727    
     100541         37700          3695.87     11.0106          17.9727    
     101347+        38014          3726.05     11.0138          17.9727    
     102201         38267          3756.04     11.0177          17.9727    
     102958         38553          3785.91     11.0216          17.9727    
     103829         38843          3815.91     11.0265          17.9727    
     104599         39084          3845.28     11.0311          17.9727    
     105384         39314          3874.36     11.0350          17.9727    
     106145         39553          3903.27     11.0386          17.9727    
     106983         39796          3933.27     11.0442          17.9727    
     107703         40040          3962.86     11.0483          17.9727    
     108380         40256          3992.44     11.0515          17.9727    
     109114         40461          4022.02     11.0561          17.9727    
     109947         40725          4052.05     11.0590          17.9727    
     110777         40983          4081.97     11.0627          17.9727    
     111650         41249          4111.97     11.0667          17.9727    
     112543         41522          4141.97     11.0706          17.9727    
     113396         41851          4171.98     11.0744          17.9727    
     114265         42146          4202.00     11.0791          17.9727    
     115102         42413          4232.01     11.0830          17.9727    
     115819         42675          4262.03     11.0859          17.9727    
     116644         42917          4292.06     11.0902          17.9727    
     117528         43194          4322.07     11.0943          17.9727    
     118404         43482          4352.08     11.0987          17.9727    
     119198         43755          4382.11     11.1019          17.9727    
     120000         44013          4412.11     11.1062          17.9727    
     120843         44293          4442.08     11.1117          17.9727    
     121619         44533          4471.96     11.1165          17.9727    
     122389         44843          4501.66     11.1210          17.9727    
     123276         45156          4531.67     11.1245          17.9727    
     124097         45415          4561.69     11.1271          17.9727    
     124889+        45696          4591.86     11.1287          17.9727    
     125688         45953          4621.55     11.1305          17.9727    
     126449         46198          4651.26     11.1331          17.9727    
     127100         46439          4680.90     11.1369          17.9727    
     127974         46759          4710.92     11.1397          17.9727    
     128793         47042          4740.90     11.1430          17.9727    
     129576         47334          4770.73     11.1470          17.9727    
     130325+        47567          4800.79     11.1517          17.9727    
     131046+        47810          4830.34     11.1547          17.9727    
     131898         48075          4860.16     11.1580          17.9727    
     132743         48354          4890.16     11.1621          17.9727    
     133637         48641          4920.21     11.1668          17.9727    
     134190         48841          4950.01     11.1703          17.9727    
     134713+        49007          4982.27     11.1736          17.9727    
     135425         49251          5012.28     11.1771          17.9727    
     136231         49539          5042.30     11.1813          17.9727    
     137050         49805          5072.20     11.1859          17.9727    
     137915         50067          5102.22     11.1920          17.9727    
     138745         50367          5132.23     11.1973          17.9727    
     139300         50548          5162.24     11.2004          17.9727    
     139767         50693          5192.24     11.2029          17.9727    
     140625         50993          5222.26     11.2079          17.9727    
     141356+        51255          5252.60     11.2114          17.9727    
     142112         51508          5282.63     11.2149          17.9727    
     142814         51718          5314.66     11.2184          17.9727    
     143400         51932          5344.69     11.2216          17.9727    
     144255         52189          5374.70     11.2245          17.9727    
     145090         52470          5404.70     11.2268          17.9727    
     145860         52676          5434.70     11.2300          17.9727    
     146617         52969          5464.71     11.2336          17.9727    
     147406         53248          5494.73     11.2369          17.9727    
     148182         53529          5524.78     11.2403          17.9727    
     148803+        53748          5556.40     11.2424          17.9727    
     149235         53883          5586.43     11.2448          17.9727    
     149785         54054          5616.43     11.2468          17.9727    
     150197         54238          5646.42     11.2478          17.9727    
     150654         54411          5678.72     11.2496          17.9727    
     151213+        54579          5708.89     11.2521          17.9727    
     151752         54752          5738.92     11.2545          17.9727    
     152483         55054          5768.92     11.2570          17.9727    
     153270         55352          5798.93     11.2598          17.9727    
     153838         55543          5828.93     11.2628          17.9727    
     154552         55787          5858.95     11.2655          17.9727    
     155349         56071          5888.94     11.2690          17.9727    
     156198         56416          5918.94     11.2707          17.9727    
     157001         56744          5948.94     11.2737          17.9727    
     157817         57045          5979.05     11.2767          17.9727    
     158649         57310          6009.06     11.2795          17.9727    
     159921         57455          6039.08     11.2795          17.9727    
     161209+        57551          6069.25     11.2795          17.9727    
     162455         57618          6099.28     11.2797          17.9727    
     163222         57908          6129.26     11.2817          17.9727    
     164050         58215          6159.29     11.2847          17.9727    
     164846         58483          6189.17     11.2874          17.9727    
     165553         58748          6219.18     11.2890          17.9727    
     165675         58742          6249.20     11.2895          17.9727    
     165799         58734          6279.21     11.2899          17.9727    
     165881+        58740          6309.21     11.2902          17.9727    
     165976         58714          6339.23     11.2906          17.9727    
     166669         58935          6369.22     11.2924          17.9727    
     167422         59198          6399.18     11.2942          17.9727    
     168098         59438          6429.08     11.2970          17.9727    
     168824         59687          6459.03     11.2997          17.9727    
     169573         59953          6489.05     11.3012          17.9727    
     170312         60202          6519.06     11.3031          17.9727    
     171058+        60462          6549.19     11.3031          17.9727    
     171837         60724          6579.20     11.3050          17.9727    
     172510         60948          6608.64     11.3064          17.9727    
     173314         61199          6638.64     11.3085          17.9727    
     174079         61481          6668.64     11.3105          17.9727    
     174768         61741          6698.68     11.3134          17.9727    
     175506         61986          6728.23     11.3156          17.9727    
     176085         62161          6760.27     11.3175          17.9727    
     176861+        62405          6790.33     11.3202          17.9727    
     177818+        62591          6820.52     11.3217          17.9727    
     178563         62796          6850.53     11.3243          17.9727    
     179352         63032          6880.55     11.3267          17.9727    
     180126         63302          6910.55     11.3287          17.9727    
     180911         63557          6940.55     11.3302          17.9727    
     181646         63814          6970.37     11.3323          17.9727    
     182422         64061          7000.37     11.3344          17.9727    
     183035         64306          7030.11     11.3361          17.9727    
     183776         64528          7060.15     11.3385          17.9727    
     184535         64769          7090.15     11.3409          17.9727    
     185292         65003          7120.17     11.3436          17.9727    
     186050         65246          7150.21     11.3455          17.9727    
     186815         65455          7180.06     11.3478          17.9727    
     187548         65681          7209.99     11.3497          17.9727    
     188268         65926          7240.04     11.3511          17.9727    
     188994         66180          7270.07     11.3511          17.9727    
     189733         66428          7300.07     11.3511          17.9727    
     190508         66653          7330.02     11.3534          17.9727    
     191361         66815          7360.03     11.3543          17.9727    
     192325+        66966          7390.11     11.3547          17.9727    
     192981+        67193          7420.44     11.3566          17.9727    
     193211         67245          7450.44     11.3574          17.9727    
     193947         67540          7480.44     11.3579          17.9727    
     194699         67815          7510.45     11.3597          17.9727    
     195446         68043          7540.46     11.3612          17.9727    
     196140         68262          7570.48     11.3635          17.9727    
     196891         68519          7600.48     11.3656          17.9727    
     197642         68733          7630.51     11.3682          17.9727    
     198342         68944          7660.54     11.3700          17.9727    
     199040         69176          7690.57     11.3721          17.9727    
     199788         69431          7720.58     11.3731          17.9727    
     200527         69640          7750.58     11.3739          17.9727    
     201257         69852          7780.60     11.3755          17.9727    
     201996         70075          7810.61     11.3769          17.9727    
     202745         70315          7840.63     11.3779          17.9727    
     203432         70514          7870.63     11.3790          17.9727    
     204158         70728          7900.62     11.3804          17.9727    
     204936         70956          7930.62     11.3823          17.9727    
     205733         71229          7960.65     11.3835          17.9727    
     206479         71458          7990.61     11.3853          17.9727    
     207256         71688          8020.62     11.3873          17.9727    
     207949         71872          8050.63     11.3887          17.9727    
     208665         72073          8080.62     11.3906          17.9727    
     209402         72295          8110.62     11.3919          17.9727    
     209928+        72440          8143.16     11.3929          17.9727    
     210568         72626          8173.19     11.3943          17.9727    
     211265         72860          8203.23     11.3960          17.9727    
     211998         73078          8233.25     11.3980          17.9727    
     212689         73287          8263.29     11.3991          17.9727    
     213342         73538          8293.31     11.4000          17.9727    
     214067         73719          8323.34     11.4015          17.9727    
     214816         73932          8353.35     11.4032          17.9727    
     215586         74157          8383.38     11.4044          17.9727    
     216151         74343          8416.36     11.4056          17.9727    
     216888         74550          8446.36     11.4067          17.9727    
     217623         74763          8476.39     11.4084          17.9727    
     218289         74951          8506.39     11.4097          17.9727    
     219002         75121          8536.42     11.4122          17.9727    
     219663         75323          8566.44     11.4138          17.9727    
     220305         75556          8596.44     11.4152          17.9727    
     221010         75746          8626.46     11.4166          17.9727    
     221655         75924          8656.45     11.4181          17.9727    
     222369         76087          8686.46     11.4196          17.9727    
     223035+        76272          8716.49     11.4205          17.9727    
     223680         76500          8746.51     11.4205          17.9727    
     224366         76676          8776.51     11.4208          17.9727    
     225022         76852          8806.52     11.4221          17.9727    
     225691         77042          8836.50     11.4236          17.9727    
     226350         77230          8866.52     11.4244          17.9727    
     227031         77413          8896.55     11.4254          17.9727    
     227751         77590          8926.55     11.4265          17.9727    
     228428         77807          8956.56     11.4277          17.9727    
     229120         78009          8986.55     11.4295          17.9727    
     229767         78183          9016.53     11.4311          17.9727    
     230432         78367          9046.56     11.4320          17.9727    
     231159         78583          9076.54     11.4340          17.9727    
     231886         78773          9106.57     11.4361          17.9727    
     232604+        78974          9136.79     11.4379          17.9727    
     233339         79158          9166.79     11.4397          17.9727    
     233994         79391          9196.79     11.4411          17.9727    
     234713         79618          9226.79     11.4426          17.9727    
     235372         79787          9256.74     11.4437          17.9727    
     236046         79989          9286.69     11.4448          17.9727    
     236764         80170          9316.71     11.4459          17.9727    
     237200         80275          9346.71     11.4475          17.9727    
     237687         80418          9376.74     11.4489          17.9727    
     238161         80540          9406.77     11.4497          17.9727    
     238552+        80637          9437.62     11.4504          17.9727    
     239031         80755          9472.38     11.4517          17.9727    
     239489         80902          9503.52     11.4528          17.9727    
     239938+        81022          9534.28     11.4537          17.9727    
     240400         81142          9564.28     11.4543          17.9727    
     240883         81284          9594.34     11.4552          17.9727    
     241618+        81425          9624.40     11.4568          17.9727    
     242292         81595          9654.42     11.4582          17.9727    
     242976         81799          9684.46     11.4594          17.9727    
     243624         82017          9714.46     11.4612          17.9727    
     244337         82185          9744.49     11.4625          17.9727    
     245072         82392          9774.54     11.4631          17.9727    
     245763         82580          9804.55     11.4648          17.9727    
     246467         82794          9834.58     11.4661          17.9727    
     247114         82997          9864.63     11.4673          17.9727    
     247947         83130          9894.61     11.4685          17.9727    
     248627         83325          9924.61     11.4695          17.9727    
     249287         83507          9954.61     11.4710          17.9727    
     249948         83706          9984.58     11.4726          17.9727    
     250640         83887         10014.59     11.4743          17.9727    
     251221         84065         10044.44     11.4758          17.9727    
     251878         84284         10074.44     11.4772          17.9727    
     252554         84483         10104.47     11.4773          17.9727    
     253231         84693         10134.48     11.4786          17.9727    
     253940         84896         10164.50     11.4800          17.9727    
     254639         85097         10194.54     11.4811          17.9727    
     255335+        85286         10224.74     11.4825          17.9727    
     256068         85481         10254.77     11.4833          17.9727    
     256780         85617         10284.80     11.4847          17.9727    
     257412         85783         10314.80     11.4865          17.9727    
     258083         85999         10344.82     11.4883          17.9727    
     258750         86217         10374.82     11.4895          17.9727    
     259373         86408         10404.83     11.4909          17.9727    
     259919         86570         10434.81     11.4921          17.9727    
     260598         86774         10464.83     11.4933          17.9727    
     261308         86950         10494.84     11.4947          17.9727    
     261955+        87135         10524.95     11.4956          17.9727    
     262565         87341         10554.96     11.4968          17.9727    
     263225         87524         10584.96     11.4987          17.9727    
     263887         87701         10614.95     11.5002          17.9727    
     264526         87910         10644.96     11.5018          17.9727    
     265117         88078         10675.05     11.5029          17.9727    
     265795+        88271         10705.37     11.5043          17.9727    
     266468         88453         10735.38     11.5061          17.9727    
     267140         88649         10765.36     11.5078          17.9727    
     267808         88836         10795.42     11.5091          17.9727    
     268477         89012         10825.42     11.5111          17.9727    
     269162         89198         10855.31     11.5131          17.9727    
     269800         89409         10885.31     11.5141          17.9727    
     270446         89611         10915.28     11.5153          17.9727    
     271101         89803         10945.23     11.5168          17.9727    
     271757         89976         10975.25     11.5181          17.9727    
     272420+        90142         11005.46     11.5194          17.9727    
     273073         90324         11035.48     11.5211          17.9727    
     273743         90496         11065.51     11.5222          17.9727    
     274365         90694         11095.54     11.5228          17.9727    
     275027         90861         11125.57     11.5240          17.9727    
     275669         91042         11155.55     11.5253          17.9727    
     276336         91198         11185.49     11.5265          17.9727    
     276972         91397         11215.52     11.5276          17.9727    
     277652         91560         11245.55     11.5289          17.9727    
     278251         91765         11275.57     11.5300          17.9727    
     278892         91946         11305.60     11.5314          17.9727    
     279539         92131         11335.61     11.5325          17.9727    
     280153         92275         11365.61     11.5336          17.9727    
     280800         92470         11395.64     11.5349          17.9727    
     281436         92648         11425.65     11.5364          17.9727    
     282041         92833         11455.67     11.5371          17.9727    
     282653         93045         11485.67     11.5379          17.9727    
     283292         93235         11515.60     11.5388          17.9727    
     283933         93432         11545.63     11.5401          17.9727    
     284523         93635         11575.68     11.5410          17.9727    
     285141         93843         11605.71     11.5423          17.9727    
     285664         93987         11635.72     11.5435          17.9727    
     286316         94154         11665.65     11.5446          17.9727    
     286947         94320         11695.63     11.5456          17.9727    
     287573         94501         11725.64     11.5466          17.9727    
     288200         94657         11755.67     11.5477          17.9727    
     288783+        94805         11785.91     11.5483          17.9727    
     289187         94930         11815.92     11.5490          17.9727    
     289661         95054         11845.97     11.5496          17.9727    
     290100+        95153         11876.43     11.5505          17.9727    
     290502         95261         11906.43     11.5508          17.9727    
     290880+        95358         11938.10     11.5515          17.9727    
     291295         95467         11968.15     11.5522          17.9727    
     291775         95587         11999.19     11.5531          17.9727    
     292247+        95722         12031.37     11.5537          17.9727    
     292705+        95851         12062.14     11.5548          17.9727    
     293121         95959         12092.15     11.5557          17.9727    
     293538+        96075         12125.08     11.5567          17.9727    
     293916         96192         12155.15     11.5576          17.9727    
     294366         96318         12186.80     11.5584          17.9727    
     294807         96438         12217.70     11.5591          17.9727    
     295198         96532         12247.73     11.5599          17.9727    
     295600         96658         12277.78     11.5604          17.9727    
     296037         96795         12309.62     11.5613          17.9727    
     296499         96917         12339.54     11.5625          17.9727    
     296961+        97044         12373.47     11.5634          17.9727    
     297416         97174         12403.61     11.5646          17.9727    
     297952         97341         12433.62     11.5657          17.9727    
     298571         97552         12463.59     11.5667          17.9727    
     299204         97738         12493.61     11.5681          17.9727    
     299809+        97905         12523.59     11.5692          17.9727    
     300418         98113         12553.56     11.5703          17.9727    
     301049         98277         12583.57     11.5720          17.9727    
     301661         98466         12613.57     11.5730          17.9727    
     302443         98657         12643.57     11.5734          17.9727    
     303112         98825         12673.57     11.5744          17.9727    
     303763         99033         12703.57     11.5749          17.9727    
     304446         99217         12733.58     11.5751          17.9727    
     305107+        99423         12763.58     11.5761          17.9727    
     305785         99557         12793.61     11.5772          17.9727    
     306441         99775         12823.58     11.5779          17.9727    
     307083         99933         12853.62     11.5794          17.9727    
     307704        100111         12883.67     11.5803          17.9727    
     308326+       100312         12913.67     11.5812          17.9727    
     308984        100511         12943.73     11.5821          17.9727    
     309590        100677         12973.75     11.5830          17.9727    
     310230        100861         13003.81     11.5844          17.9727    
     310833        101045         13033.87     11.5852          17.9727    
     311430        101226         13063.87     11.5863          17.9727    
     312058        101367         13093.90     11.5879          17.9727    
     312657        101531         13123.93     11.5888          17.9727    
     313255        101688         13153.96     11.5896          17.9727    
     313872        101856         13184.00     11.5904          17.9727    
     314512        102041         13214.06     11.5911          17.9727    
     315084        102229         13244.05     11.5918          17.9727    
     315726        102440         13274.09     11.5921          17.9727    
     316296        102642         13304.11     11.5927          17.9727    
     316930        102816         13334.11     11.5938          17.9727    
     317558+       103006         13364.17     11.5949          17.9727    
     318149        103199         13394.17     11.5957          17.9727    
     318770        103405         13424.21     11.5963          17.9727    
     319347        103574         13454.24     11.5972          17.9727    
     319941        103729         13484.24     11.5984          17.9727    
     320536        103905         13514.26     11.5993          17.9727    
     321124        104056         13544.29     11.6005          17.9727    
     321728        104199         13574.29     11.6017          17.9727    
     322325        104359         13604.30     11.6025          17.9727    
     322922        104512         13634.11     11.6037          17.9727    
     323477        104671         13664.10     11.6046          17.9727    
     324110        104856         13694.08     11.6057          17.9727    
     324724        105080         13724.09     11.6060          17.9727    
     325381        105247         13754.11     11.6063          17.9727    
     325984        105430         13784.06     11.6074          17.9727    
     326575        105606         13814.03     11.6084          17.9727    
     327162        105794         13844.08     11.6095          17.9727    
     327745        105958         13874.09     11.6105          17.9727    
     328326        106135         13904.13     11.6112          17.9727    
     328881        106285         13934.15     11.6118          17.9727    
     329458        106489         13963.90     11.6125          17.9727    
     330073        106672         13993.85     11.6130          17.9727    
     330638        106849         14023.66     11.6138          17.9727    
     331252        107039         14053.69     11.6144          17.9727    
     331823        107188         14083.69     11.6152          17.9727    
     332425        107382         14113.69     11.6158          17.9727    
     332990        107556         14143.75     11.6166          17.9727    
     333565+       107746         14174.89     11.6172          17.9727    
     334147+       107906         14205.42     11.6180          17.9727    
     334689        108079         14235.42     11.6181          17.9727    
     335242        108278         14265.43     11.6181          17.9727    
     335816        108464         14295.48     11.6181          17.9727    
     336385        108636         14325.48     11.6181          17.9727    
     336977        108802         14355.52     11.6181          17.9727    
     337558        108978         14385.57     11.6181          17.9727    
     338140        109119         14415.62     11.6181          17.9727    
     338770        109230         14445.63     11.6181          17.9727    
     339341+       109420         14475.63     11.6181          17.9727    
     339900        109608         14505.66     11.6186          17.9727    
     340499        109762         14535.66     11.6194          17.9727    
     341093        109909         14565.67     11.6203          17.9727    
     341684        110066         14595.69     11.6216          17.9727    
     342275+       110238         14626.08     11.6228          17.9727    
     342869+       110406         14656.34     11.6238          17.9727    
     343472        110584         14686.36     11.6252          17.9727    
     344089        110726         14716.35     11.6262          17.9727    
     344714        110889         14746.34     11.6272          17.9727    
     345336+       111049         14776.51     11.6283          17.9727    
     345918        111202         14806.48     11.6295          17.9727    
     346488+       111365         14836.49     11.6306          17.9727    
     347051        111519         14866.47     11.6314          17.9727    
     347647        111666         14896.47     11.6325          17.9727    
     348422        111775         14926.47     11.6330          17.9727    
     348964        111943         14956.53     11.6342          17.9727    
     349558        112085         14986.56     11.6352          17.9727    
     350164        112228         15016.55     11.6360          17.9727    
     350742        112391         15046.58     11.6371          17.9727    
     351323        112546         15076.53     11.6382          17.9727    
     351903        112708         15106.53     11.6392          17.9727    
     352482+       112859         15136.53     11.6404          17.9727    
     353041        113014         15166.50     11.6412          17.9727    
     353621        113164         15196.51     11.6425          17.9727    
     354240        113291         15226.51     11.6436          17.9727    
     354823        113437         15256.52     11.6444          17.9727    
     355412        113593         15286.58     11.6455          17.9727    
     356045        113732         15316.57     11.6465          17.9727    
     356618        113895         15346.55     11.6475          17.9727    
     357156        114070         15376.54     11.6485          17.9727    
     357742        114255         15406.60     11.6492          17.9727    
     358308        114440         15436.58     11.6492          17.9727    
     358902        114634         15466.64     11.6492          17.9727    
     359475        114821         15496.64     11.6492          17.9727    
     360051        114980         15526.64     11.6492          17.9727    
     360630        115156         15556.67     11.6492          17.9727    
     361233        115304         15586.67     11.6492          17.9727    
     361829        115468         15616.67     11.6492          17.9727    
     362404        115637         15646.70     11.6495          17.9727    
     362996        115776         15676.73     11.6499          17.9727    
     363560        115939         15706.76     11.6511          17.9727    
     364148        116073         15736.76     11.6523          17.9727    
     364730        116217         15766.76     11.6534          17.9727    
     365279        116362         15796.80     11.6545          17.9727    
     365793        116512         15826.85     11.6556          17.9727    
     365952+       116518         15856.85     11.6558          17.9727    
     366013        116491         15886.97     11.6560          17.9727    
     366081+       116464         15917.02     11.6562          17.9727    
     366138+       116426         15947.06     11.6564          17.9727    
     366232        116401         15977.04     11.6566          17.9727    
     366346+       116394         16007.03     11.6569          17.9727    
     366473+       116390         16037.04     11.6572          17.9727    
     366537        116372         16067.14     11.6575          17.9727    
     366625        116369         16097.15     11.6578          17.9727    
     366707        116362         16127.17     11.6581          17.9727    
     366772        116350         16157.16     11.6584          17.9727    
     367329        116501         16187.15     11.6593          17.9727    
     367864        116681         16217.15     11.6601          17.9727    
     368415        116837         16247.08     11.6612          17.9727    
     368944        116993         16277.13     11.6622          17.9727    
     369494        117172         16307.13     11.6632          17.9727    
     370072+       117338         16337.31     11.6643          17.9727    
     370611        117498         16367.36     11.6651          17.9727    
     371188        117647         16397.38     11.6657          17.9727    
     371757        117795         16427.36     11.6670          17.9727    
     372302        117928         16457.34     11.6683          17.9727    
     372846        118061         16487.29     11.6693          17.9727    
     373365        118223         16517.36     11.6699          17.9727    
     373890        118402         16547.40     11.6706          17.9727    
     374437        118550         16577.34     11.6713          17.9727    
     374993        118693         16607.37     11.6725          17.9727    
     375533        118840         16637.32     11.6732          17.9727    
     376072        118997         16667.30     11.6740          17.9727    
     376633        119134         16697.29     11.6748          17.9727    
     377179        119298         16727.29     11.6758          17.9727    
     377744        119402         16757.25     11.6769          17.9727    
     378297        119564         16787.30     11.6779          17.9727    
     378799        119728         16817.33     11.6786          17.9727    
     379364        119865         16847.31     11.6794          17.9727    
     379885        120019         16877.31     11.6805          17.9727    
     380287+       120091         16907.26     11.6814          17.9727    
     380446        120097         16937.28     11.6816          17.9727    
     380961        120247         16967.29     11.6821          17.9727    
     381508+       120398         16997.28     11.6830          17.9727    
     382016        120559         17027.26     11.6837          17.9727    
     382570        120703         17057.26     11.6846          17.9727    
     383111        120851         17087.29     11.6856          17.9727    
     383670        120991         17117.30     11.6867          17.9727    
     384234        121132         17147.35     11.6876          17.9727    
     384776        121275         17177.32     11.6884          17.9727    
     385316        121397         17207.32     11.6892          17.9727    
     385866        121537         17237.22     11.6903          17.9727    
     386414        121691         17267.24     11.6911          17.9727    
     386987        121815         17297.23     11.6918          17.9727    
     387542        121968         17327.27     11.6926          17.9727    
     388092        122085         17357.03     11.6935          17.9727    
     388575        122233         17386.25     11.6943          17.9727    
*    389028        122372         17412.32     11.6954          17.9727    
     389556        122521         17442.25     11.6962          17.9727    
     390085+       122644         17472.61     11.6968          17.9727    
     390589        122796         17502.61     11.6974          17.9727    
     391157        122915         17532.52     11.6982          17.9727    
     391648        123050         17562.47     11.6987          17.9727    
     392170        123186         17592.36     11.6995          17.9727    
     392675        123355         17622.25     11.7002          17.9727    
     393236        123490         17652.11     11.7009          17.9727    
     393750        123656         17682.07     11.7018          17.9727    
     394242        123806         17712.07     11.7025          17.9727    
     394712        123958         17742.12     11.7030          17.9727    
     395176        124094         17771.82     11.7039          17.9727    
     395655        124225         17801.82     11.7046          17.9727    
     396161        124357         17831.79     11.7057          17.9727    
     396676        124487         17861.82     11.7069          17.9727    
     397237        124616         17891.88     11.7079          17.9727    
     397784        124726         17921.91     11.7088          17.9727    
     398348        124875         17951.89     11.7098          17.9727    
     398892        125020         17981.92     11.7106          17.9727    
     399236        125098         18000.00     11.7112          17.9727    

                    *** Max. allowable time exceeded ***      

 Wall clock time:                 18064.00
 Total CPU time used:             18000.00

 Total no. of BaR iterations:  399236
 Best solution found at node:  389028
 Max. no. of nodes in memory:  125098
 
 All done
===========================================================================
