===========================================================================
 BARON version 18.5.8. Built: WIN-64 Tue May 8 15:02:43 EDT 2018 

 BARON is a product of The Optimization Firm, LLC. http://www.minlp.com/

 If you use this software, please cite publications from
 http://www.minlp.com/about-baron, such as: 

 Kilinc, M. and N. V. Sahinidis, Exploiting integrality in the global
 optimization of mixed-integer nonlinear programming problems in BARON,
 Optimization Methods and Software, 33, 540-562, 2018.
===========================================================================
 This BARON run may utilize the following subsolver(s)
 For LP/MIP: ILOG CPLEX                                      
 For NLP: MINOS, GAMS external NLP, IPOPT, FILTERSD, FILTERSQP
===========================================================================
    The options used in solving the problem are as follows:
       maxtime        =  0.1800E+05
       maxiter        =      -1
       numsol         =       1
       firstfeas      =       0
       cutoff         =  0.1000E+52
       epsa           =  0.1000E-08
       epsr           =  0.1000E-01
       deltaterm      =       0
       deltaa         =  0.1000E+52
       deltar         =  0.1000E+01
       deltat         = -0.1000E+03
       boxtol         =  0.1000E-07
       isoltol        =  0.1000E-03
       absconfeastol  =  0.1000E-04
       relconfeastol  =  0.0000E+00
       absintfeastol  =  0.1000E-04
       relintfeastol  =  0.0000E+00
       results        =       1
       summary        =       1
       times          =       1
       prtimefreq     =  0.3000E+02
       prfreq         = 1000000
       prlevel        =       1
       numprint       =      -1
       numprintdual   =      -1
       lpsol          =       3
       nlpsol         =      -1
       allowminos     =       1
       allowsnopt     =       1
       allowexternal  =       1
       allowipopt     =       1
       allowfiltersd  =       1
       allowfiltersqp =       1
       dolocal        =       1
       numloc         =      -2
       locres         =       0
       pdo            =      -2
       brvarstra      =       0
       brptstra       =       0
       nodesel        =       0
       compiis        =       0
       iisint         =       1
       iisorder       =      -1
       threads        =       1
===========================================================================
 Doing local search
 Solving bounding LP
 Starting multi-start local search
 Preprocessing found feasible solution with value  16.0556226702     
 Done with local search
===========================================================================
  Iteration    Open nodes         Time (s)    Lower bound      Upper bound
*         1             1             1.81     1.70476          12.9413    
          1             1             2.57     2.43601          12.9413    
        478           275            31.67     7.21395          12.9413    
       1289           706            60.70     7.23518          12.9413    
       2070          1164            89.31     7.25147          12.9413    
       2851+         1574           117.80     7.32355          12.9413    
       3668+         1971           145.83     7.39883          12.9413    
       4476          2419           173.05     7.43184          12.9413    
       5289          2891           200.74     7.49478          12.9413    
       6185+         3314           228.81     7.52861          12.9413    
*      6924          3666           253.53     7.56877          12.9412    
       7394          3902           283.41     7.57018          12.9412    
       8168          4255           313.06     7.60332          12.9412    
       8884          4582           342.64     7.61849          12.9412    
       9660          4988           372.20     7.63028          12.9412    
      10482          5380           401.81     7.63955          12.9412    
      11358          5842           431.17     7.64562          12.9412    
      12215          6236           460.55     7.65706          12.9412    
      13223          6678           489.94     7.67855          12.9412    
      14033          7064           519.42     7.69881          12.9412    
      14991          7465           549.01     7.73090          12.9412    
      15792          7840           578.31     7.74775          12.9412    
      16685          8256           607.69     7.77079          12.9412    
      17594          8635           637.11     7.80465          12.9412    
      18503          9013           666.64     7.83661          12.9412    
      19343          9391           696.00     7.86248          12.9412    
      20183          9740           725.56     7.89553          12.9412    
      20781         10011           757.04     7.91879          12.9412    
      21579         10348           786.45     7.94061          12.9412    
      22645         10897           815.81     7.95301          12.9412    
      23889         11509           845.37     7.95301          12.9412    
      25083         12103           874.81     7.95301          12.9412    
      26320+        12649           904.76     7.95301          12.9412    
      27474         13198           934.38     7.95301          12.9412    
      28654         13643           964.09     7.95301          12.9412    
      29685         14041           993.88     7.95301          12.9412    
      30748         14481          1023.87     7.95301          12.9412    
      31901         14983          1053.52     7.95301          12.9412    
      32989         15379          1083.19     7.95301          12.9412    
      34194         15921          1112.82     7.95301          12.9412    
      35441         16452          1142.25     7.95301          12.9412    
      36363+        16765          1171.88     7.95301          12.9412    
      36455+        16695          1201.80     7.95301          12.9412    
      36585+        16598          1231.78     7.95301          12.9412    
      36681+        16517          1261.75     7.95301          12.9412    
      36753+        16465          1291.69     7.95301          12.9412    
      36852+        16389          1321.64     7.95301          12.9412    
      36973+        16291          1351.59     7.95301          12.9412    
      37052+        16232          1381.54     7.95301          12.9412    
      37146+        16171          1411.48     7.95301          12.9412    
      37261+        16079          1441.39     7.95301          12.9412    
      37345         16019          1471.32     7.95301          12.9412    
      37490+        15918          1501.26     7.95301          12.9412    
      37571+        15856          1531.26     7.95301          12.9412    
      37670+        15781          1561.21     7.95301          12.9412    
      37739+        15730          1591.23     7.95301          12.9412    
      37838+        15658          1621.21     7.95301          12.9412    
      37935+        15583          1651.18     7.95301          12.9412    
      38038+        15506          1681.14     7.95301          12.9412    
      38109+        15450          1711.10     7.95301          12.9412    
      38225+        15366          1741.08     7.95301          12.9412    
      38337         15280          1771.06     7.95301          12.9412    
      38413+        15226          1801.03     7.95301          12.9412    
      38499+        15170          1831.06     7.95301          12.9412    
      38559+        15121          1861.09     7.95301          12.9412    
      38661         15048          1891.09     7.95301          12.9412    
      38766+        14976          1921.12     7.95301          12.9412    
      38839+        14915          1951.14     7.95301          12.9412    
      38935+        14849          1981.13     7.95301          12.9412    
      38945+        14846          2011.13     7.95301          12.9412    
      39030+        14816          2041.16     7.95301          12.9412    
      39888         15229          2071.16     7.95301          12.9412    
      41151         15864          2101.18     7.95301          12.9412    
      42406         16487          2131.16     7.95301          12.9412    
      43660         17013          2161.18     7.95301          12.9412    
      44931         17606          2191.17     7.95301          12.9412    
      46195         18063          2221.19     7.95301          12.9412    
      47444         18477          2251.19     7.95301          12.9412    
      48468+        18774          2281.25     7.95301          12.9412    
      48657+        18622          2311.25     7.95301          12.9412    
      48857         18463          2341.25     7.95301          12.9412    
      49013+        18335          2371.25     7.95301          12.9412    
      49155+        18219          2401.28     7.95301          12.9412    
      49322+        18075          2431.31     7.95301          12.9412    
      49441         17976          2461.32     7.95301          12.9412    
      49574+        17868          2491.34     7.95301          12.9412    
      49619+        17833          2521.38     7.95301          12.9412    
      49729+        17743          2551.38     7.95301          12.9412    
      49779+        17708          2581.43     7.95301          12.9412    
      49799+        17696          2611.49     7.95301          12.9412    
      49902+        17622          2641.55     7.95301          12.9412    
      49963+        17578          2671.56     7.95301          12.9412    
      50015+        17545          2701.59     7.95301          12.9412    
      50109+        17482          2731.62     7.95301          12.9412    
      50226+        17392          2761.62     7.95301          12.9412    
      50321         17319          2791.62     7.95301          12.9412    
      50415+        17251          2821.65     7.95301          12.9412    
      50472+        17236          2851.70     7.95301          12.9412    
      50603+        17157          2881.70     7.95308          12.9412    
      50672+        17116          2911.71     7.95313          12.9412    
      50774+        17050          2941.71     7.95323          12.9412    
      50853         17007          2971.74     7.95329          12.9412    
      50926+        16972          3001.77     7.95339          12.9412    
      51041         16902          3031.82     7.95359          12.9412    
      51144         16839          3061.83     7.95376          12.9412    
      51239+        16796          3091.88     7.95390          12.9412    
      51351+        16738          3121.88     7.95405          12.9412    
      51435+        16690          3151.88     7.95418          12.9412    
      51504+        16650          3181.89     7.95427          12.9412    
      51585+        16611          3211.94     7.95444          12.9412    
      51685+        16559          3241.98     7.95462          12.9412    
      51809+        16505          3272.07     7.95485          12.9412    
      51920+        16439          3302.10     7.95504          12.9412    
      52001+        16390          3332.13     7.95520          12.9412    
      52111+        16311          3362.13     7.95538          12.9412    
      52198+        16257          3392.15     7.95566          12.9412    
      52293+        16222          3422.19     7.95596          12.9412    
      52385+        16172          3452.22     7.95633          12.9412    
      52461+        16125          3482.24     7.95675          12.9412    
      52537         16074          3512.28     7.95701          12.9412    
      52613         16037          3542.35     7.95749          12.9412    
      52747+        15953          3572.38     7.95806          12.9412    
      52813         15921          3602.39     7.95841          12.9412    
      52903+        15875          3632.42     7.95883          12.9412    
      52995+        15826          3662.47     7.95923          12.9412    
      53083+        15771          3692.51     7.95951          12.9412    
      53159+        15725          3722.53     7.95987          12.9412    
      53255+        15676          3752.51     7.96031          12.9412    
      53335+        15634          3782.53     7.96058          12.9412    
      53435+        15572          3812.54     7.96093          12.9412    
      53529+        15509          3842.57     7.96143          12.9412    
      53589+        15471          3872.57     7.96165          12.9412    
      53649+        15441          3902.57     7.96219          12.9412    
      53734+        15392          3932.57     7.96263          12.9412    
      53838         15368          3962.60     7.96312          12.9412    
      53946+        15311          3992.60     7.96416          12.9412    
      54027+        15262          4022.61     7.96476          12.9412    
      54086+        15233          4052.61     7.96548          12.9412    
      54143+        15200          4082.61     7.96584          12.9412    
      54251+        15132          4112.67     7.96710          12.9412    
      54326+        15089          4142.70     7.96803          12.9412    
      54417+        15028          4172.70     7.96853          12.9412    
      54544         14971          4202.70     7.96965          12.9412    
      54691+        14914          4232.76     7.97110          12.9412    
      54809+        14850          4262.79     7.97203          12.9412    
      54941+        14774          4292.84     7.97348          12.9412    
      55051+        14702          4322.80     7.97416          12.9412    
      55181+        14626          4352.80     7.97551          12.9412    
      55326+        14550          4382.82     7.97670          12.9412    
      55527+        14480          4413.19     7.97776          12.9412    
      55683+        14387          4443.21     7.97916          12.9412    
      55823+        14298          4473.22     7.98023          12.9412    
      55950+        14229          4503.27     7.98165          12.9412    
      56089+        14137          4533.28     7.98244          12.9412    
      56199+        14068          4563.29     7.98318          12.9412    
      56352+        13987          4594.79     7.98445          12.9412    
      57028         14162          4624.79     7.98949          12.9412    
      58016+        14501          4655.04     7.99302          12.9412    
      58908         14831          4685.04     7.99772          12.9412    
      59781         15202          4715.04     8.00091          12.9412    
      60606         15508          4745.05     8.00745          12.9412    
      61472         15845          4775.05     8.01488          12.9412    
      62400         16189          4805.05     8.02059          12.9412    
      63343         16579          4835.06     8.02568          12.9412    
      64364         17104          4865.06     8.02568          12.9412    
      65302         17509          4895.06     8.02568          12.9412    
      66266         17826          4925.08     8.03009          12.9412    
      67230         18206          4955.09     8.03330          12.9412    
      68139         18565          4985.11     8.04021          12.9412    
      69028         18894          5015.10     8.04220          12.9412    
      69909         19211          5045.10     8.04502          12.9412    
      70830         19503          5075.10     8.04873          12.9412    
      71748         19803          5105.10     8.05402          12.9412    
      72656         20090          5135.10     8.05784          12.9412    
      73477         20395          5165.10     8.06156          12.9412    
      74371         20699          5196.16     8.06501          12.9412    
      75273         21005          5226.17     8.06860          12.9412    
      76127+        21284          5256.22     8.07275          12.9412    
      76960         21596          5286.22     8.07690          12.9412    
      77840         22009          5316.22     8.07690          12.9412    
      78696         22438          5346.22     8.07690          12.9412    
      79559         22842          5376.25     8.07823          12.9412    
      80395         23187          5406.26     8.07964          12.9412    
      81218         23533          5436.28     8.08001          12.9412    
      82136         23847          5466.27     8.08042          12.9412    
      82989         24161          5496.27     8.08142          12.9412    
      83927         24522          5526.27     8.08230          12.9412    
      84850         24853          5556.27     8.08294          12.9412    
      85756         25174          5586.30     8.08513          12.9412    
      86930         25515          5616.27     8.08602          12.9412    
      88090         25823          5646.30     8.08672          12.9412    
      89293         26148          5676.31     8.08682          12.9412    
      90431         26461          5706.33     8.08721          12.9412    
      91546         26712          5736.34     8.08722          12.9412    
      92632         27046          5766.34     8.08722          12.9412    
      93775         27346          5796.33     8.08722          12.9412    
      94852         27695          5826.34     8.08722          12.9412    
      95932         27956          5856.36     8.08722          12.9412    
      96960         28172          5886.35     8.08725          12.9412    
      98068         28436          5916.37     8.08732          12.9412    
      99117         28768          5946.51     8.08732          12.9412    
     100220         29053          5976.51     8.08732          12.9412    
     101282         29306          6006.54     8.08732          12.9412    
     102327         29597          6036.54     8.08807          12.9412    
     103436         29960          6066.55     8.08807          12.9412    
     104536         30294          6096.57     8.08807          12.9412    
     105676         30576          6126.56     8.08807          12.9412    
     106876         30904          6156.58     8.08807          12.9412    
     108086         31180          6186.56     8.08807          12.9412    
     109039+        31410          6216.59     8.08807          12.9412    
     109320+        31251          6246.62     8.08808          12.9412    
     109463+        31174          6276.68     8.08837          12.9412    
     109535+        31133          6306.70     8.08866          12.9412    
     109565+        31120          6336.73     8.08876          12.9412    
     109625+        31082          6366.78     8.08911          12.9412    
     109757+        31014          6396.79     8.08996          12.9412    
     109849+        30957          6426.80     8.09039          12.9412    
     109921+        30914          6456.80     8.09081          12.9412    
     110003+        30870          6486.79     8.09148          12.9412    
     110081         30832          6516.86     8.09186          12.9412    
     110167         30788          6546.88     8.09234          12.9412    
     110276+        30734          6576.91     8.09272          12.9412    
     110363+        30690          6606.94     8.09331          12.9412    
     110461+        30639          6636.94     8.09372          12.9412    
     110575+        30578          6667.00     8.09417          12.9412    
     110655+        30534          6697.04     8.09465          12.9412    
     110747+        30488          6727.03     8.09496          12.9412    
     110861+        30421          6757.03     8.09544          12.9412    
     110955+        30373          6787.03     8.09585          12.9412    
     111089+        30289          6817.04     8.09636          12.9412    
     111183+        30235          6847.12     8.09698          12.9412    
     111253+        30195          6877.24     8.09736          12.9412    
     111351+        30146          6907.33     8.09811          12.9412    
     111469+        30100          6937.36     8.09848          12.9412    
     111553         30049          6967.39     8.09924          12.9412    
     111647+        29996          6997.50     8.09951          12.9412    
     111780+        29919          7027.55     8.09966          12.9412    
     111921+        29835          7057.59     8.09975          12.9412    
     112027+        29770          7087.59     8.09985          12.9412    
     112072+        29737          7117.67     8.10007          12.9412    
     112141+        29699          7147.69     8.10026          12.9412    
     112251+        29632          7177.68     8.10070          12.9412    
     112387+        29536          7207.68     8.10137          12.9412    
     112437+        29507          7237.68     8.10163          12.9412    
     112547+        29444          7267.74     8.10243          12.9412    
     112645+        29393          7297.77     8.10309          12.9412    
     113011         29438          7327.77     8.10401          12.9412    
     113962         29705          7357.77     8.10414          12.9412    
     114828         29959          7387.79     8.10440          12.9412    
     115654         30193          7417.79     8.10525          12.9412    
     116604         30458          7447.80     8.10528          12.9412    
     117638         30835          7477.80     8.10528          12.9412    
     118685         31117          7507.81     8.10528          12.9412    
     119774         31393          7537.83     8.10528          12.9412    
     120850         31614          7567.84     8.10528          12.9412    
     121869         31965          7597.86     8.10528          12.9412    
     122851         32331          7627.89     8.10528          12.9412    
     123802         32633          7657.89     8.10528          12.9412    
     124805         32911          7687.89     8.10528          12.9412    
     125844         33174          7717.88     8.10528          12.9412    
     126831         33368          7747.88     8.10528          12.9412    
     127823         33558          7777.88     8.10528          12.9412    
     128766         33792          7807.88     8.10528          12.9412    
     129720         34017          7837.90     8.10528          12.9412    
     130684         34211          7867.88     8.10528          12.9412    
     131635         34419          7897.89     8.10535          12.9412    
     132599         34776          7927.91     8.10545          12.9412    
     133583         35065          7957.88     8.10545          12.9412    
     134625         35400          7987.88     8.10545          12.9412    
     135666         35637          8017.91     8.10545          12.9412    
     136679         35863          8047.92     8.10545          12.9412    
     137633         36196          8077.97     8.10545          12.9412    
     138602         36438          8107.98     8.10545          12.9412    
     139504         36669          8137.98     8.10545          12.9412    
     140449         37011          8167.98     8.10545          12.9412    
     141374         37278          8197.98     8.10545          12.9412    
     142036+        37408          8227.98     8.10545          12.9412    
     142132+        37338          8258.01     8.10545          12.9412    
     142243+        37273          8288.04     8.10545          12.9412    
     142321+        37238          8318.04     8.10545          12.9412    
     142417+        37191          8348.04     8.10545          12.9412    
     142507+        37145          8378.06     8.10545          12.9412    
     142583+        37104          8408.11     8.10546          12.9412    
     142679+        37054          8438.12     8.10547          12.9412    
     142731+        37029          8468.14     8.10548          12.9412    
     142830+        36976          8498.17     8.10552          12.9412    
     142862+        36962          8528.23     8.10555          12.9412    
     142980         36897          8558.25     8.10594          12.9412    
     143048         36861          8588.25     8.10621          12.9412    
     143139+        36796          8618.32     8.10646          12.9412    
     143256+        36727          8648.35     8.10715          12.9412    
     143381+        36645          8678.43     8.10768          12.9412    
     143413+        36625          8708.51     8.10790          12.9412    
     143481+        36596          8738.55     8.10819          12.9412    
     143525+        36567          8768.55     8.10847          12.9412    
     143587+        36541          8798.57     8.10860          12.9412    
     143635+        36517          8828.58     8.10883          12.9412    
     143764+        36440          8858.63     8.10958          12.9412    
     143855+        36380          8888.61     8.10969          12.9412    
     143940+        36323          8918.62     8.10972          12.9412    
     144044         36270          8948.62     8.11025          12.9412    
     144083+        36247          8978.62     8.11029          12.9412    
     144195+        36186          9008.71     8.11053          12.9412    
     144269+        36143          9038.71     8.11106          12.9412    
     144331+        36113          9068.73     8.11143          12.9412    
     144411+        36079          9098.91     8.11147          12.9412    
     144475+        36053          9129.05     8.11185          12.9412    
     144585+        35990          9159.18     8.11250          12.9412    
     144679+        35937          9189.30     8.11305          12.9412    
     144769+        35880          9219.47     8.11364          12.9412    
     144833+        35842          9249.61     8.11400          12.9412    
     144921+        35792          9279.75     8.11441          12.9412    
     145030+        35726          9309.92     8.11493          12.9412    
     145097+        35693          9340.09     8.11525          12.9412    
     145183+        35650          9370.23     8.11552          12.9412    
     145275+        35605          9400.34     8.11580          12.9412    
     145351+        35562          9430.40     8.11586          12.9412    
     145453+        35503          9460.49     8.11606          12.9412    
     145540+        35453          9490.59     8.11666          12.9412    
     145615+        35411          9520.68     8.11706          12.9412    
     145693+        35363          9550.76     8.11738          12.9412    
     145791+        35301          9580.82     8.11768          12.9412    
     145890+        35245          9610.91     8.11780          12.9412    
     146001+        35170          9641.02     8.11781          12.9412    
     146116+        35092          9671.08     8.11815          12.9412    
     146165+        35068          9701.19     8.11839          12.9412    
     146257+        35009          9731.26     8.11873          12.9412    
     146358         34927          9761.31     8.11896          12.9412    
     146439+        34888          9791.36     8.11939          12.9412    
     146526+        34855          9821.40     8.11995          12.9412    
     146651+        34777          9851.45     8.12058          12.9412    
     146735+        34733          9881.48     8.12126          12.9412    
     146815+        34703          9911.54     8.12154          12.9412    
     146891+        34654          9941.57     8.12185          12.9412    
     146979+        34596          9971.66     8.12265          12.9412    
     147075+        34537         10001.77     8.12348          12.9412    
     147167+        34476         10031.82     8.12395          12.9412    
     147255+        34446         10061.83     8.12408          12.9412    
     147344         34409         10091.89     8.12451          12.9412    
     147469+        34359         10121.92     8.12508          12.9412    
     147559+        34298         10151.95     8.12553          12.9412    
     147611+        34271         10181.98     8.12575          12.9412    
     147687+        34223         10212.06     8.12604          12.9412    
     147777+        34184         10242.09     8.12621          12.9412    
     147884+        34111         10272.15     8.12668          12.9412    
     147957+        34081         10302.18     8.12709          12.9412    
     148094         34062         10332.21     8.12754          12.9412    
     149013         34401         10362.23     8.12754          12.9412    
     149942         34686         10392.22     8.12754          12.9412    
     150897         34944         10422.22     8.12754          12.9412    
     151815         35201         10452.24     8.12754          12.9412    
     152706         35420         10482.24     8.12754          12.9412    
     153562         35648         10512.25     8.12788          12.9412    
     154396         35930         10542.27     8.12788          12.9412    
     155278         36198         10572.30     8.12788          12.9412    
     156147         36438         10602.30     8.12788          12.9412    
     157056         36662         10632.33     8.12788          12.9412    
     157933         36882         10662.33     8.12788          12.9412    
     158813         37128         10692.32     8.12788          12.9412    
     159714         37347         10722.32     8.12788          12.9412    
     160618         37558         10752.32     8.12788          12.9412    
     161536         37738         10782.32     8.12788          12.9412    
     162436         37925         10812.34     8.12788          12.9412    
     163392         38175         10842.33     8.12788          12.9412    
     164363         38345         10872.38     8.12788          12.9412    
     165309         38565         10902.40     8.12788          12.9412    
     166146         38766         10932.42     8.12788          12.9412    
     167028         38963         10962.46     8.12788          12.9412    
     167840         39146         10992.45     8.12837          12.9412    
     168730         39304         11022.47     8.12882          12.9412    
     169502         39532         11052.50     8.12938          12.9412    
     170324         39763         11082.48     8.13062          12.9412    
     171134         40098         11112.48     8.13062          12.9412    
     171988         40375         11142.51     8.13062          12.9412    
     172796         40645         11172.51     8.13062          12.9412    
     173607         40861         11202.51     8.13062          12.9412    
     174369+        41134         11232.67     8.13063          12.9412    
     175131         41427         11262.66     8.13065          12.9412    
     175790         41761         11292.66     8.13065          12.9412    
     176509         42058         11322.69     8.13067          12.9412    
     177252         42316         11352.69     8.13092          12.9412    
     177950         42524         11382.69     8.13118          12.9412    
     178766         42756         11412.72     8.13193          12.9412    
     179661         42990         11442.75     8.13196          12.9412    
     180455         43244         11472.78     8.13269          12.9412    
     181277         43493         11502.78     8.13310          12.9412    
     182040         43703         11532.78     8.13337          12.9412    
     182854         43905         11562.78     8.13397          12.9412    
     183691         44087         11592.81     8.13459          12.9412    
     184491         44286         11622.81     8.13495          12.9412    
     185260         44516         11652.81     8.13544          12.9412    
     186102         44697         11682.81     8.13561          12.9412    
     186939         44897         11712.79     8.13575          12.9412    
     187745         45094         11742.79     8.13639          12.9412    
     188566         45326         11772.79     8.13671          12.9412    
     189299         45571         11802.82     8.13702          12.9412    
     190071         45778         11832.83     8.13743          12.9412    
     190880         45979         11862.88     8.13802          12.9412    
     191632         46196         11892.89     8.13856          12.9412    
     192400         46434         11922.92     8.13891          12.9412    
     193139         46695         11952.92     8.13926          12.9412    
     193919         46957         11982.92     8.13959          12.9412    
     194704         47202         12012.93     8.13990          12.9412    
     195496         47432         12042.95     8.14006          12.9412    
     196279         47646         12072.98     8.14018          12.9412    
     197030         47858         12103.01     8.14043          12.9412    
     197800         48133         12133.01     8.14066          12.9412    
     198586         48348         12163.01     8.14083          12.9412    
     199376         48547         12193.02     8.14102          12.9412    
     200167         48793         12223.05     8.14123          12.9412    
     200965         48996         12253.07     8.14139          12.9412    
     201734         49204         12283.10     8.14164          12.9412    
     202463         49509         12313.11     8.14172          12.9412    
     203220         49742         12343.13     8.14172          12.9412    
     203966         49940         12373.13     8.14187          12.9412    
     204543         50092         12403.14     8.14197          12.9412    
     204640+        50032         12433.48     8.14202          12.9412    
     204741+        49983         12463.50     8.14207          12.9412    
     204843+        49928         12493.50     8.14213          12.9412    
     204964+        49850         12523.50     8.14220          12.9412    
     205039+        49803         12553.53     8.14225          12.9412    
     205100         49764         12583.56     8.14230          12.9412    
     205181+        49714         12613.55     8.14237          12.9412    
     205222         49692         12643.54     8.14244          12.9412    
     205313+        49638         12673.58     8.14256          12.9412    
     205396+        49593         12703.65     8.14263          12.9412    
     205409+        49587         12733.64     8.14264          12.9412    
     205457+        49564         12763.74     8.14268          12.9412    
     205523+        49525         12793.75     8.14273          12.9412    
     205600+        49484         12823.73     8.14285          12.9412    
     205643+        49454         12853.83     8.14288          12.9412    
     205702+        49421         12883.83     8.14295          12.9412    
     205787+        49369         12913.86     8.14308          12.9412    
     205859+        49328         12943.86     8.14320          12.9412    
     205972         49258         12973.90     8.14332          12.9412    
     206086+        49188         13003.93     8.14348          12.9412    
     206165+        49133         13034.02     8.14359          12.9412    
     206213+        49100         13064.08     8.14366          12.9412    
     206293+        49052         13094.08     8.14380          12.9412    
     206372         49004         13124.08     8.14387          12.9412    
     206469+        48949         13154.08     8.14400          12.9412    
     206571+        48890         13184.11     8.14420          12.9412    
     206615+        48863         13214.14     8.14430          12.9412    
     206623+        48862         13244.14     8.14430          12.9412    
     206679+        48831         13274.17     8.14437          12.9412    
     206697+        48824         13304.19     8.14440          12.9412    
     206741+        48796         13334.26     8.14447          12.9412    
     206803+        48763         13364.31     8.14457          12.9412    
     206909+        48701         13394.32     8.14475          12.9412    
     206955+        48680         13424.31     8.14484          12.9412    
     206972+        48670         13454.38     8.14487          12.9412    
     207067+        48609         13484.46     8.14506          12.9412    
     207135+        48566         13514.48     8.14515          12.9412    
     207215+        48511         13544.47     8.14527          12.9412    
     207325+        48445         13574.50     8.14557          12.9412    
     207387+        48406         13604.52     8.14570          12.9412    
     207423+        48381         13634.53     8.14572          12.9412    
     207502+        48334         13664.53     8.14595          12.9412    
     207614+        48266         13694.59     8.14623          12.9412    
     207712+        48202         13724.64     8.14646          12.9412    
     207747+        48179         13754.67     8.14658          12.9412    
     207803+        48146         13784.72     8.14673          12.9412    
     207897+        48085         13814.75     8.14685          12.9412    
     207993+        48022         13844.75     8.14713          12.9412    
     208023+        48007         13874.74     8.14719          12.9412    
     208115+        47945         13904.73     8.14741          12.9412    
     208189+        47895         13934.74     8.14766          12.9412    
     208271+        47842         13964.77     8.14773          12.9412    
     208307+        47822         13994.80     8.14785          12.9412    
     208349+        47801         14024.88     8.14796          12.9412    
     208421+        47752         14054.88     8.14808          12.9412    
     208459+        47726         14084.89     8.14813          12.9412    
     208528+        47688         14115.05     8.14824          12.9412    
     208629+        47626         14145.11     8.14854          12.9412    
     208687+        47594         14175.17     8.14875          12.9412    
     208740+        47558         14205.19     8.14883          12.9412    
     208842+        47492         14235.37     8.14916          12.9412    
     208948+        47424         14265.45     8.14945          12.9412    
     208994+        47393         14295.53     8.14958          12.9412    
     209091+        47328         14325.57     8.14983          12.9412    
     209158+        47277         14355.57     8.14991          12.9412    
     209269+        47214         14385.60     8.15023          12.9412    
     209305+        47192         14415.62     8.15039          12.9412    
     209350+        47170         14445.66     8.15052          12.9412    
     209447         47107         14475.71     8.15080          12.9412    
     209559+        47030         14505.75     8.15101          12.9412    
     209595+        47008         14535.80     8.15111          12.9412    
     209636+        46988         14565.86     8.15123          12.9412    
     209689         46956         14595.86     8.15131          12.9412    
     209772+        46903         14625.92     8.15150          12.9412    
     209844+        46853         14655.97     8.15169          12.9412    
     209905+        46823         14686.00     8.15179          12.9412    
     209979+        46784         14716.06     8.15205          12.9412    
     210039+        46746         14746.13     8.15239          12.9412    
     210113+        46701         14776.17     8.15260          12.9412    
     210177+        46670         14806.16     8.15277          12.9412    
     210265+        46622         14836.21     8.15295          12.9412    
     210349+        46574         14866.24     8.15333          12.9412    
     210448+        46505         14896.30     8.15369          12.9412    
     210558+        46431         14926.35     8.15402          12.9412    
     210595+        46400         14956.39     8.15405          12.9412    
     210615         46388         14986.41     8.15410          12.9412    
     210696+        46336         15016.47     8.15442          12.9412    
     210787+        46281         15046.53     8.15465          12.9412    
     210882+        46212         15076.58     8.15486          12.9412    
     210945+        46166         15106.58     8.15508          12.9412    
     210989+        46139         15136.67     8.15521          12.9412    
     211070+        46092         15166.68     8.15547          12.9412    
     211142+        46044         15196.71     8.15570          12.9412    
     211223         45990         15226.76     8.15590          12.9412    
     211297         45943         15256.79     8.15605          12.9412    
     211343+        45911         15286.80     8.15621          12.9412    
     211417+        45866         15316.82     8.15637          12.9412    
     211485+        45816         15347.00     8.15652          12.9412    
     211537         45781         15377.05     8.15661          12.9412    
     211611+        45729         15407.06     8.15669          12.9412    
     211678+        45684         15437.06     8.15694          12.9412    
     211761+        45624         15467.06     8.15723          12.9412    
     211799         45596         15497.14     8.15733          12.9412    
     211831+        45571         15527.19     8.15760          12.9412    
     211918+        45501         15557.18     8.15788          12.9412    
     211973+        45463         15587.23     8.15804          12.9412    
     212077+        45388         15617.23     8.15836          12.9412    
     212098+        45378         15647.27     8.15843          12.9412    
     212143+        45353         15677.29     8.15858          12.9412    
     212243+        45291         15707.30     8.15891          12.9412    
     212277+        45269         15737.32     8.15904          12.9412    
     212337+        45227         15767.35     8.15925          12.9412    
     212430+        45165         15797.36     8.15953          12.9412    
     212541+        45088         15827.38     8.15989          12.9412    
     212561+        45075         15857.41     8.16001          12.9412    
     212614+        45037         15887.42     8.16022          12.9412    
     212702         44972         15917.47     8.16038          12.9412    
     212769+        44923         15947.50     8.16067          12.9412    
     212848         44868         15977.50     8.16101          12.9412    
     212881+        44847         16007.56     8.16116          12.9412    
     212935+        44804         16037.59     8.16150          12.9412    
     212987+        44766         16067.60     8.16156          12.9412    
     213049+        44730         16097.60     8.16181          12.9412    
     213118         44679         16127.62     8.16214          12.9412    
     213184+        44641         16157.73     8.16236          12.9412    
     213253+        44584         16187.74     8.16266          12.9412    
     213321+        44545         16217.77     8.16291          12.9412    
     213411+        44487         16247.77     8.16340          12.9412    
     213486+        44427         16277.78     8.16370          12.9412    
     213537+        44392         16307.86     8.16394          12.9412    
     213599+        44350         16337.94     8.16430          12.9412    
     213653+        44314         16367.94     8.16469          12.9412    
     213710+        44281         16397.95     8.16495          12.9412    
     213789+        44230         16428.01     8.16548          12.9412    
     213836+        44206         16458.06     8.16562          12.9412    
     213927+        44150         16488.06     8.16622          12.9412    
     213998+        44102         16518.07     8.16669          12.9412    
     214069         44058         16548.13     8.16703          12.9412    
     214113         44038         16578.16     8.16726          12.9412    
     214199+        44008         16608.18     8.16744          12.9412    
     214274+        43962         16638.16     8.16776          12.9412    
     214349+        43915         16668.16     8.16816          12.9412    
     214433+        43855         16698.21     8.16885          12.9412    
     214493+        43812         16728.22     8.16919          12.9412    
     214565+        43763         16758.22     8.16955          12.9412    
     214623+        43730         16789.79     8.16994          12.9412    
     214680+        43689         16819.84     8.16998          12.9412    
     214755+        43639         16849.92     8.17028          12.9412    
     214829+        43593         16879.95     8.17051          12.9412    
     214869+        43566         16909.99     8.17090          12.9412    
     214933+        43534         16940.04     8.17151          12.9412    
     214988+        43492         16970.12     8.17204          12.9412    
     215063+        43444         17000.16     8.17274          12.9412    
     215159+        43385         17030.18     8.17370          12.9412    
     215215+        43349         17060.32     8.17415          12.9412    
     215268+        43311         17090.33     8.17451          12.9412    
     215338+        43274         17120.42     8.17520          12.9412    
     215413+        43220         17150.48     8.17583          12.9412    
     215481+        43179         17180.62     8.17641          12.9412    
     215531+        43146         17210.62     8.17676          12.9412    
     215573         43126         17240.65     8.17683          12.9412    
     215672+        43089         17270.70     8.17777          12.9412    
     215732+        43056         17300.78     8.17830          12.9412    
     215801         43014         17330.78     8.17889          12.9412    
     215869+        42977         17360.84     8.17998          12.9412    
     215957+        42923         17390.87     8.18082          12.9412    
     216051         42887         17420.97     8.18183          12.9412    
     216111         42853         17450.97     8.18217          12.9412    
     216185+        42816         17481.02     8.18332          12.9412    
     216223+        42795         17511.08     8.18385          12.9412    
     216285         42762         17541.14     8.18430          12.9412    
     216367+        42722         17571.55     8.18509          12.9412    
     216439+        42684         17601.58     8.18635          12.9412    
     216521+        42634         17631.58     8.18702          12.9412    
     216571         42598         17661.56     8.18714          12.9412    
     216599+        42585         17691.62     8.18734          12.9412    
     216683+        42553         17721.68     8.18875          12.9412    
     216759+        42508         17751.73     8.18924          12.9412    
     216809+        42475         17781.76     8.18952          12.9412    
     216939         42456         17811.84     8.19051          12.9412    
     217037+        42413         17841.83     8.19201          12.9412    
     217099+        42383         17871.87     8.19271          12.9412    
     217173+        42339         17901.94     8.19365          12.9412    
     217246+        42296         17931.93     8.19475          12.9412    
     217314         42280         17962.00     8.19553          12.9412    
     217407+        42250         17992.05     8.19661          12.9412    
     217425         42239         18000.00     8.19664          12.9412    

                    *** Max. allowable time exceeded ***      

 Wall clock time:                 18031.00
 Total CPU time used:             18000.00

 Total no. of BaR iterations:  217425
 Best solution found at node:    6924
 Max. no. of nodes in memory:   50095
 
 All done
===========================================================================
