===========================================================================
 BARON version 18.5.8. Built: WIN-64 Tue May 8 15:02:43 EDT 2018 

 BARON is a product of The Optimization Firm, LLC. http://www.minlp.com/

 If you use this software, please cite publications from
 http://www.minlp.com/about-baron, such as: 

 Kilinc, M. and N. V. Sahinidis, Exploiting integrality in the global
 optimization of mixed-integer nonlinear programming problems in BARON,
 Optimization Methods and Software, 33, 540-562, 2018.
===========================================================================
 This BARON run may utilize the following subsolver(s)
 For LP/MIP: ILOG CPLEX                                      
 For NLP: MINOS, GAMS external NLP, IPOPT, FILTERSD, FILTERSQP
===========================================================================
    The options used in solving the problem are as follows:
       maxtime        =  0.1800E+05
       maxiter        =      -1
       numsol         =       1
       firstfeas      =       0
       cutoff         =  0.1000E+52
       epsa           =  0.1000E-08
       epsr           =  0.1000E-01
       deltaterm      =       0
       deltaa         =  0.1000E+52
       deltar         =  0.1000E+01
       deltat         = -0.1000E+03
       boxtol         =  0.1000E-07
       isoltol        =  0.1000E-03
       absconfeastol  =  0.1000E-04
       relconfeastol  =  0.0000E+00
       absintfeastol  =  0.1000E-04
       relintfeastol  =  0.0000E+00
       results        =       1
       summary        =       1
       times          =       1
       prtimefreq     =  0.3000E+02
       prfreq         = 1000000
       prlevel        =       1
       numprint       =      -1
       numprintdual   =      -1
       lpsol          =       3
       nlpsol         =      -1
       allowminos     =       1
       allowsnopt     =       1
       allowexternal  =       1
       allowipopt     =       1
       allowfiltersd  =       1
       allowfiltersqp =       1
       dolocal        =       1
       numloc         =      -2
       locres         =       0
       pdo            =      -2
       brvarstra      =       0
       brptstra       =       0
       nodesel        =       0
       compiis        =       0
       iisint         =       1
       iisorder       =      -1
       threads        =       1
===========================================================================
 Doing local search
 Solving bounding LP
 Starting multi-start local search
 Done with local search
===========================================================================
  Iteration    Open nodes         Time (s)    Lower bound      Upper bound
*         1             1             5.48     1.43015          7.53803    
          1             1             5.90     1.43015          7.53803    
         42+           24            35.83     1.43015          7.53803    
        137+           86            65.83     1.78007          7.53803    
        273+          159            95.82     1.90873          7.53803    
        450+          260           126.78     1.97090          7.53803    
        603           345           156.80     2.47697          7.53803    
        790           451           187.14     6.34528          7.53803    
        965           560           217.47     6.34528          7.53803    
       1138           659           249.74     6.34528          7.53803    
       1394           809           279.69     6.34528          7.53803    
       1542           900           309.71     6.34528          7.53803    
       1724           991           339.72     6.34528          7.53803    
       1908          1089           369.74     6.34528          7.53803    
       2071          1177           402.01     6.34528          7.53803    
       2314          1312           432.01     6.34528          7.53803    
       2565          1486           462.04     6.34528          7.53803    
       2809          1671           492.04     6.34528          7.53803    
       3007          1777           522.82     6.34528          7.53803    
       3278          1912           553.79     6.34528          7.53803    
       3572          2061           583.80     6.34528          7.53803    
       3836          2160           614.39     6.34528          7.53803    
       4069          2250           644.39     6.34528          7.53803    
       4368+         2382           674.42     6.34528          7.53803    
       4540          2495           704.75     6.34528          7.53803    
       4778          2648           736.09     6.34528          7.53803    
       5054+         2780           766.31     6.34528          7.53803    
       5280          2894           796.34     6.34528          7.53803    
       5512          2993           826.37     6.34528          7.53803    
       5710          3091           856.35     6.34528          7.53803    
       5939          3189           888.33     6.34528          7.53803    
       6287          3278           920.64     6.34528          7.53803    
       6674+         3407           952.50     6.34528          7.53803    
       6930          3549           982.49     6.34528          7.53803    
       7165+         3670          1012.48     6.34528          7.53803    
       7349+         3797          1042.48     6.34528          7.53803    
       7562          3916          1072.40     6.34528          7.53803    
       7808+         4040          1102.38     6.34528          7.53803    
       8010          4168          1132.40     6.34528          7.53803    
       8243+         4307          1162.46     6.34528          7.53803    
       8491          4412          1192.52     6.34528          7.53803    
       8689          4510          1222.52     6.34528          7.53803    
       9022          4645          1252.56     6.34528          7.53803    
       9277+         4775          1282.55     6.34528          7.53803    
       9488          4906          1312.56     6.34528          7.53803    
       9729+         5010          1342.56     6.34528          7.53803    
       9937          5113          1372.61     6.34528          7.53803    
      10194+         5232          1402.57     6.34528          7.53803    
      10436          5329          1432.73     6.34528          7.53803    
      10717          5432          1462.91     6.34528          7.53803    
      11106          5614          1492.95     6.34528          7.53803    
      11404+         5740          1525.07     6.34528          7.53803    
      11735          5911          1555.05     6.34528          7.53803    
      12060+         6059          1585.13     6.34528          7.53803    
      12366+         6188          1615.30     6.34528          7.53803    
      12626          6302          1645.31     6.34528          7.53803    
      12848+         6411          1676.12     6.34528          7.53803    
      13045          6563          1706.18     6.34528          7.53803    
      13244          6673          1736.17     6.34528          7.53803    
      13433          6768          1766.17     6.34528          7.53803    
      13687          6885          1796.23     6.34528          7.53803    
      13910          6997          1826.24     6.34528          7.53803    
      14169+         7109          1857.46     6.34528          7.53803    
      14412+         7217          1890.89     6.34528          7.53803    
      14604          7314          1922.43     6.34528          7.53803    
      14981          7383          1955.18     6.34528          7.53803    
      15340          7520          1985.18     6.34528          7.53803    
      15599+         7663          2015.86     6.34528          7.53803    
      15907          7815          2048.09     6.34528          7.53803    
      16226          7980          2078.09     6.34528          7.53803    
      16548          8123          2108.12     6.34528          7.53803    
      16898          8297          2138.18     6.34528          7.53803    
      17305          8453          2168.18     6.34528          7.53803    
      17647          8607          2198.19     6.34528          7.53803    
      18048          8739          2230.41     6.34528          7.53803    
      18442          8884          2260.44     6.34528          7.53803    
      18800          9039          2290.47     6.34528          7.53803    
      19199          9167          2320.59     6.34528          7.53803    
      19589          9260          2350.62     6.34528          7.53803    
      19998          9362          2380.65     6.34528          7.53803    
      20315          9490          2410.65     6.34528          7.53803    
      20535          9606          2440.71     6.34528          7.53803    
      20745          9708          2470.73     6.34528          7.53803    
      21054+         9828          2501.83     6.34528          7.53803    
      21270          9906          2532.02     6.34528          7.53803    
      21531          9999          2562.08     6.34528          7.53803    
      21801         10099          2592.14     6.34528          7.53803    
      22151         10239          2622.16     6.34528          7.53803    
      22471         10316          2652.16     6.34528          7.53803    
      22696+        10416          2682.80     6.34528          7.53803    
      23054         10577          2712.86     6.34528          7.53803    
      23306         10673          2742.86     6.34528          7.53803    
      23606         10787          2772.86     6.34528          7.53803    
      23917         10919          2802.85     6.34528          7.53803    
      24250         11071          2832.95     6.34528          7.53803    
      24594         11176          2862.98     6.34528          7.53803    
      24881         11304          2895.30     6.34528          7.53803    
      25288         11406          2929.04     6.34528          7.53803    
      25680         11544          2959.06     6.34528          7.53803    
      26091         11678          2989.07     6.34528          7.53803    
      26384+        11777          3021.15     6.34528          7.53803    
      26696         11929          3051.25     6.34528          7.53803    
      26986         12080          3081.58     6.34528          7.53803    
      27204         12195          3111.63     6.34528          7.53803    
      27397         12298          3142.19     6.34528          7.53803    
      27692         12445          3172.17     6.34528          7.53803    
      27936         12580          3202.51     6.34528          7.53803    
      28227+        12727          3232.50     6.34528          7.53803    
      28510         12853          3262.56     6.34528          7.53803    
      28740         12947          3292.59     6.34528          7.53803    
      29051+        13065          3322.57     6.34528          7.53803    
      29254+        13148          3352.56     6.34528          7.53803    
      29489         13264          3382.57     6.34528          7.53803    
      29770         13391          3414.66     6.34528          7.53803    
      30005         13489          3444.66     6.34528          7.53803    
      30337+        13624          3478.56     6.34528          7.53803    
      30621         13762          3508.56     6.34528          7.53803    
      30936         13866          3538.63     6.34528          7.53803    
      31278         13987          3568.73     6.34528          7.53803    
      31654+        14095          3600.27     6.34528          7.53803    
      32002+        14238          3631.92     6.34528          7.53803    
      32381         14339          3661.94     6.34528          7.53803    
      32815         14406          3691.94     6.34528          7.53803    
      33132         14491          3722.00     6.34528          7.53803    
      33480         14580          3752.03     6.34528          7.53803    
      33824         14672          3782.04     6.34528          7.53803    
      34112         14766          3812.07     6.34528          7.53803    
      34412         14874          3842.09     6.34528          7.53803    
      34715         14983          3872.15     6.34528          7.53803    
      35106         15112          3902.24     6.34528          7.53803    
      35475         15244          3932.24     6.34528          7.53803    
      35740         15383          3962.49     6.34528          7.53803    
      36046         15500          3992.50     6.34528          7.53803    
      36336+        15598          4023.02     6.34528          7.53803    
      36701         15730          4053.61     6.34528          7.53803    
      37062+        15866          4083.65     6.34528          7.53803    
      37288         15962          4113.75     6.34528          7.53803    
      37541         16059          4143.73     6.34528          7.53803    
      37813         16173          4173.74     6.34528          7.53803    
      38097+        16305          4203.73     6.34528          7.53803    
      38442         16418          4233.77     6.34528          7.53803    
      38687+        16566          4264.16     6.34528          7.53803    
      39025         16721          4294.16     6.34528          7.53803    
      39406         16851          4324.18     6.34528          7.53803    
      39742         16957          4355.95     6.34528          7.53803    
      40122         17088          4386.00     6.34528          7.53803    
      40467+        17189          4416.34     6.34528          7.53803    
      40792         17285          4446.34     6.34528          7.53803    
      41150         17365          4476.34     6.34528          7.53803    
      41604         17428          4506.65     6.34528          7.53803    
      42073+        17483          4537.24     6.34528          7.53803    
      42437         17593          4567.27     6.34528          7.53803    
      42786         17661          4599.85     6.34528          7.53803    
      43204         17761          4629.88     6.34528          7.53803    
      43505         17900          4659.86     6.34528          7.53803    
      43787         18023          4691.04     6.34528          7.53803    
      44195         18168          4721.06     6.34528          7.53803    
      44566         18307          4751.09     6.34528          7.53803    
      44846+        18428          4784.66     6.34528          7.53803    
      45217         18561          4817.12     6.34528          7.53803    
      45550+        18688          4847.12     6.34528          7.53803    
      45770         18808          4877.12     6.34528          7.53803    
      46167         18957          4907.12     6.34528          7.53803    
      46496         19048          4937.15     6.34528          7.53803    
      46845         19166          4967.15     6.34528          7.53803    
      47255+        19257          4998.40     6.34528          7.53803    
      47520         19366          5028.43     6.34528          7.53803    
      47843+        19526          5058.41     6.34528          7.53803    
      48209+        19691          5088.49     6.34528          7.53803    
      48501         19790          5118.53     6.34528          7.53803    
      48770         19920          5148.52     6.34528          7.53803    
      49021         20019          5178.58     6.34528          7.53803    
      49309         20136          5208.59     6.34528          7.53803    
      49635         20260          5238.76     6.34528          7.53803    
      49950         20374          5268.84     6.34528          7.53803    
      50224         20454          5299.39     6.34528          7.53803    
      50549         20596          5329.38     6.34528          7.53803    
      50869         20756          5359.40     6.34528          7.53803    
      51167         20844          5389.40     6.34528          7.53803    
      51449+        20974          5420.30     6.34528          7.53803    
      51794         21106          5450.32     6.34528          7.53803    
      52090+        21227          5480.52     6.34528          7.53803    
      52402+        21375          5513.42     6.34528          7.53803    
      52742+        21518          5544.59     6.34528          7.53803    
      52977         21628          5574.62     6.34528          7.53803    
      53178         21707          5604.66     6.34528          7.53803    
      53506         21809          5634.74     6.34528          7.53803    
      53815         21924          5664.72     6.34528          7.53803    
      54161         22047          5694.71     6.34528          7.53803    
      54538         22186          5724.71     6.34528          7.53803    
      54898         22318          5754.71     6.34528          7.53803    
      55227         22462          5784.74     6.34528          7.53803    
      55601         22563          5814.77     6.34528          7.53803    
      55957+        22641          5845.83     6.34528          7.53803    
      56335         22746          5875.82     6.34528          7.53803    
      56626         22851          5905.82     6.34528          7.53803    
      56979         22951          5935.84     6.34528          7.53803    
      57365         23055          5965.87     6.34528          7.53803    
      57646         23134          5998.04     6.34528          7.53803    
      57998+        23265          6028.75     6.34528          7.53803    
      58349         23370          6059.86     6.34528          7.53803    
      58708+        23520          6090.11     6.34528          7.53803    
      59051         23625          6120.12     6.34528          7.53803    
      59441         23737          6150.68     6.34528          7.53803    
      59818         23832          6180.68     6.34528          7.53803    
      60087         23971          6210.68     6.34528          7.53803    
      60373         24058          6240.76     6.34528          7.53803    
      60722         24157          6270.74     6.34528          7.53803    
      60986         24251          6300.74     6.34528          7.53803    
      61290         24392          6330.79     6.34528          7.53803    
      61599         24482          6360.83     6.34528          7.53803    
      61912         24575          6390.92     6.34528          7.53803    
      62196         24680          6423.82     6.34528          7.53803    
      62522+        24837          6453.82     6.34528          7.53803    
      62855         24985          6483.84     6.34528          7.53803    
      63121         25087          6513.88     6.34528          7.53803    
      63486         25243          6543.95     6.34528          7.53803    
      63794         25374          6575.91     6.34528          7.53803    
      64140+        25511          6606.21     6.34528          7.53803    
      64487+        25675          6637.66     6.34528          7.53803    
      64827         25826          6667.64     6.34528          7.53803    
      65068         25924          6697.89     6.34528          7.53803    
      65390         26038          6727.89     6.34528          7.53803    
      65717         26149          6757.90     6.34528          7.53803    
      66037+        26285          6788.07     6.34528          7.53803    
      66367         26402          6818.13     6.34528          7.53803    
      66693         26496          6848.16     6.34528          7.53803    
      67065         26625          6878.18     6.34528          7.53803    
      67411         26747          6909.35     6.34528          7.53803    
      67798         26858          6939.35     6.34528          7.53803    
      68168         26954          6969.38     6.34528          7.53803    
      68540         27055          6999.42     6.34528          7.53803    
      68908         27189          7029.45     6.34528          7.53803    
      69108         27260          7059.51     6.34528          7.53803    
      69451         27398          7089.56     6.34528          7.53803    
      69796         27491          7120.57     6.34528          7.53803    
      70122         27622          7150.60     6.34528          7.53803    
      70433         27731          7180.62     6.34528          7.53803    
      70704+        27846          7211.63     6.34528          7.53803    
      70949         27941          7241.66     6.34528          7.53803    
      71284         28095          7271.69     6.34528          7.53803    
      71648         28231          7301.77     6.34528          7.53803    
      71982         28333          7334.92     6.34528          7.53803    
      72340         28466          7364.95     6.34528          7.53803    
      72641         28573          7394.95     6.34528          7.53803    
      73036         28664          7424.98     6.34528          7.53803    
      73298+        28756          7455.94     6.34528          7.53803    
      73620         28866          7485.97     6.34528          7.53803    
      73971         28957          7515.96     6.34528          7.53803    
      74223         29054          7546.08     6.34528          7.53803    
      74559         29168          7576.08     6.34528          7.53803    
      74878         29305          7606.11     6.34528          7.53803    
      75167         29398          7637.76     6.34528          7.53803    
      75538         29535          7667.79     6.34528          7.53803    
      75810         29655          7697.84     6.34528          7.53803    
      76126         29765          7727.85     6.34528          7.53803    
      76382         29889          7757.85     6.34528          7.53803    
      76730         30033          7787.90     6.34528          7.53803    
      77131         30169          7817.94     6.34528          7.53803    
      77489+        30286          7850.49     6.34528          7.53803    
      77820         30413          7880.59     6.34528          7.53803    
      78140         30532          7910.64     6.34528          7.53803    
      78432         30642          7940.75     6.34528          7.53803    
      78716+        30746          7970.78     6.34528          7.53803    
      79122+        30855          8000.85     6.34528          7.53803    
      79438         30962          8030.88     6.34528          7.53803    
      79771         31096          8060.92     6.34528          7.53803    
      80042         31186          8090.91     6.34528          7.53803    
      80299         31225          8120.94     6.34528          7.53803    
      80654+        31306          8154.59     6.34528          7.53803    
      81013+        31431          8184.58     6.34528          7.53803    
      81224+        31510          8214.64     6.34528          7.53803    
      81554         31645          8244.68     6.34528          7.53803    
      81884         31747          8274.64     6.34528          7.53803    
      82219         31873          8305.79     6.34528          7.53803    
      82602+        31992          8335.90     6.34528          7.53803    
      82897         32063          8365.91     6.34528          7.53803    
      83230+        32165          8395.52     6.34528          7.53803    
      83578         32302          8425.46     6.34528          7.53803    
      83875         32428          8455.02     6.34528          7.53803    
      84158         32507          8484.55     6.34528          7.53803    
      84449         32597          8514.13     6.34528          7.53803    
      84728         32694          8543.71     6.34528          7.53803    
      85005         32812          8573.33     6.34528          7.53803    
      85250         32918          8602.86     6.34528          7.53803    
      85583+        33041          8632.99     6.34528          7.53803    
      85884         33156          8662.53     6.34528          7.53803    
      86167         33303          8692.86     6.34528          7.53803    
      86480         33426          8722.72     6.34528          7.53803    
      86826         33534          8752.59     6.34528          7.53803    
      87070         33627          8782.44     6.34528          7.53803    
      87353+        33727          8812.37     6.34528          7.53803    
      87598         33829          8842.18     6.34528          7.53803    
      87917         33928          8872.10     6.34528          7.53803    
      88222         34040          8901.99     6.34528          7.53803    
      88565         34154          8931.84     6.34528          7.53803    
      88840         34294          8961.70     6.34528          7.53803    
      89147         34425          8992.76     6.34528          7.53803    
      89502+        34537          9023.36     6.34528          7.53803    
      89850         34655          9053.36     6.34528          7.53803    
      90212         34794          9083.35     6.34528          7.53803    
      90533         34922          9113.28     6.34528          7.53803    
      90939         35038          9143.22     6.34528          7.53803    
      91263         35138          9174.54     6.34528          7.53803    
      91582         35235          9204.48     6.34528          7.53803    
      91940         35349          9234.46     6.34528          7.53803    
      92227         35452          9264.45     6.34528          7.53803    
      92538+        35532          9295.66     6.34528          7.53803    
      92885         35667          9325.63     6.34528          7.53803    
      93154         35773          9355.61     6.34528          7.53803    
      93487         35913          9385.60     6.34528          7.53803    
      93796         36044          9415.60     6.34528          7.53803    
      94185         36158          9445.58     6.34528          7.53803    
      94505         36278          9479.12     6.34528          7.53803    
      94874         36403          9513.72     6.34528          7.53803    
      95197         36540          9543.67     6.34528          7.53803    
      95485         36683          9573.66     6.34528          7.53803    
      95864         36840          9603.67     6.34528          7.53803    
      96170         36948          9633.70     6.34528          7.53803    
      96539+        37044          9663.70     6.34528          7.53803    
      96792         37125          9693.90     6.34528          7.53803    
      97158+        37262          9723.87     6.34528          7.53803    
      97495         37403          9753.88     6.34528          7.53803    
      97877         37505          9783.88     6.34528          7.53803    
      98287+        37593          9813.88     6.34528          7.53803    
      98534         37655          9843.91     6.34528          7.53803    
      98870         37781          9873.90     6.34528          7.53803    
      99208         37897          9903.90     6.34528          7.53803    
      99522         38023          9933.94     6.34528          7.53803    
      99882         38131          9963.91     6.34528          7.53803    
     100225+        38241          9993.88     6.34528          7.53803    
     100494         38314         10023.89     6.34528          7.53803    
     100782         38431         10053.97     6.34528          7.53803    
     101156         38553         10084.01     6.34528          7.53803    
     101400         38640         10114.09     6.34528          7.53803    
     101706+        38747         10147.15     6.34528          7.53803    
     101978         38839         10177.13     6.34528          7.53803    
     102336         38960         10207.16     6.34528          7.53803    
     102656         39036         10237.16     6.34528          7.53803    
     102955         39144         10267.10     6.34528          7.53803    
     103205         39215         10297.19     6.34528          7.53803    
     103534+        39270         10328.79     6.34528          7.53803    
     103887         39345         10358.84     6.34528          7.53803    
     104160+        39446         10389.93     6.34528          7.53803    
     104412         39552         10419.93     6.34528          7.53803    
     104642         39652         10449.93     6.34528          7.53803    
     104960         39763         10479.94     6.34528          7.53803    
     105316         39836         10509.88     6.34528          7.53803    
     105604         39948         10539.83     6.34528          7.53803    
     105881+        40042         10570.64     6.34528          7.53803    
     106119         40128         10600.64     6.34528          7.53803    
     106408         40225         10630.64     6.34528          7.53803    
     106700+        40358         10661.01     6.34528          7.53803    
     106994+        40475         10692.18     6.34528          7.53803    
     107307         40571         10722.21     6.34528          7.53803    
     107632         40695         10752.24     6.34528          7.53803    
     108007         40784         10782.21     6.34528          7.53803    
     108312         40873         10812.20     6.34528          7.53803    
     108644         40982         10842.18     6.34528          7.53803    
     108869         41084         10873.27     6.34528          7.53803    
     109189+        41242         10903.28     6.34528          7.53803    
     109418         41361         10934.08     6.34528          7.53803    
     109781         41540         10964.08     6.34528          7.53803    
     110092         41636         10994.06     6.34528          7.53803    
     110438         41787         11024.09     6.34528          7.53803    
     110723+        41895         11054.87     6.34528          7.53803    
     110925         41997         11084.87     6.34528          7.53803    
     111162+        42130         11114.85     6.34528          7.53803    
     111400+        42249         11147.08     6.34528          7.53803    
     111719         42345         11177.07     6.34528          7.53803    
     112014         42464         11207.81     6.34528          7.53803    
     112308         42571         11237.92     6.34528          7.53803    
     112597         42700         11267.91     6.34528          7.53803    
     112867+        42793         11301.85     6.34528          7.53803    
     113124         42907         11331.88     6.34528          7.53803    
     113456         43016         11361.93     6.34528          7.53803    
     113752         43126         11391.97     6.34528          7.53803    
     114069         43250         11421.94     6.34528          7.53803    
     114305+        43345         11451.96     6.34528          7.53803    
     114524         43442         11482.09     6.34528          7.53803    
     114780         43532         11512.14     6.34528          7.53803    
     115086         43652         11542.17     6.34528          7.53803    
     115396         43780         11572.14     6.34528          7.53803    
     115729         43919         11602.15     6.34528          7.53803    
     116014         44059         11632.12     6.34528          7.53803    
     116270+        44166         11662.06     6.34528          7.53803    
     116519         44276         11692.04     6.34528          7.53803    
     116836         44364         11722.01     6.34528          7.53803    
     117161         44470         11752.07     6.34528          7.53803    
     117476         44563         11782.05     6.34528          7.53803    
     117780         44658         11812.02     6.34528          7.53803    
     118050+        44761         11842.75     6.34528          7.53803    
     118386         44918         11872.69     6.34528          7.53803    
     118653         45007         11903.92     6.34528          7.53803    
     118983         45129         11933.94     6.34528          7.53803    
     119281+        45244         11964.86     6.34528          7.53803    
     119533         45342         11994.90     6.34528          7.53803    
     119903+        45447         12025.45     6.34528          7.53803    
     120198         45557         12055.43     6.34528          7.53803    
     120516+        45685         12085.49     6.34528          7.53803    
     120910         45801         12115.52     6.34528          7.53803    
     121174         45916         12145.52     6.34528          7.53803    
     121440         46035         12175.55     6.34528          7.53803    
     121721         46139         12205.57     6.34528          7.53803    
     121990+        46226         12235.92     6.34528          7.53803    
     122307         46322         12265.95     6.34528          7.53803    
     122620+        46439         12297.04     6.34528          7.53803    
     122922         46554         12327.03     6.34528          7.53803    
     123235+        46655         12357.51     6.34528          7.53803    
     123529         46741         12387.51     6.34528          7.53803    
     123845+        46857         12417.68     6.34528          7.53803    
     124162         46964         12447.69     6.34528          7.53803    
     124427         47091         12477.69     6.34528          7.53803    
     124751         47202         12507.68     6.34528          7.53803    
     125100+        47292         12538.63     6.34528          7.53803    
     125410         47400         12568.58     6.34528          7.53803    
     125729+        47519         12598.77     6.34528          7.53803    
     126051         47615         12628.73     6.34528          7.53803    
     126391         47745         12658.75     6.34528          7.53803    
     126769         47858         12688.73     6.34528          7.53803    
     127030         47940         12718.96     6.34528          7.53803    
     127357         48052         12748.93     6.34528          7.53803    
     127635         48176         12779.01     6.34528          7.53803    
     127950         48289         12808.98     6.34528          7.53803    
     128268+        48374         12839.19     6.34528          7.53803    
     128561         48495         12869.21     6.34528          7.53803    
     128902         48613         12900.66     6.34528          7.53803    
     129248         48715         12930.66     6.34528          7.53803    
     129562         48823         12960.66     6.34528          7.53803    
     129915+        48938         12991.40     6.34528          7.53803    
     130162         49043         13022.92     6.34528          7.53803    
     130515         49156         13052.95     6.34528          7.53803    
     130806+        49259         13085.44     6.34528          7.53803    
     131092         49367         13115.49     6.34528          7.53803    
     131391         49501         13145.58     6.34528          7.53803    
     131680         49599         13175.61     6.34528          7.53803    
     131990+        49709         13208.79     6.34528          7.53803    
     132252         49804         13238.87     6.34528          7.53803    
     132532         49902         13268.82     6.34528          7.53803    
     132860         50007         13299.37     6.34528          7.53803    
     133137         50135         13329.44     6.34528          7.53803    
     133484+        50231         13359.97     6.34528          7.53803    
     133834         50361         13389.96     6.34528          7.53803    
     134158         50491         13419.99     6.34528          7.53803    
     134470         50603         13449.99     6.34528          7.53803    
     134805         50722         13480.55     6.34528          7.53803    
     135116         50820         13510.53     6.34528          7.53803    
     135439+        50938         13540.64     6.34528          7.53803    
     135727         51057         13570.67     6.34528          7.53803    
     136043+        51179         13603.41     6.34528          7.53803    
     136311         51280         13633.46     6.34528          7.53803    
     136661         51383         13663.46     6.34528          7.53803    
     136978         51486         13693.44     6.34528          7.53803    
     137284         51621         13724.34     6.34528          7.53803    
     137588         51738         13754.44     6.34528          7.53803    
     137920+        51818         13784.42     6.34528          7.53803    
     138193         51880         13816.57     6.34528          7.53803    
     138501         51977         13846.52     6.34528          7.53803    
     138776         52101         13876.52     6.34528          7.53803    
     139117         52230         13906.51     6.34528          7.53803    
     139471         52333         13936.52     6.34528          7.53803    
     139806         52415         13966.55     6.34528          7.53803    
     140098         52508         13996.55     6.34528          7.53803    
     140366         52606         14026.58     6.34528          7.53803    
     140722+        52716         14057.03     6.34528          7.53803    
     141056         52810         14087.03     6.34528          7.53803    
     141368+        52897         14119.87     6.34528          7.53803    
     141714         53025         14149.92     6.34528          7.53803    
     142022         53112         14179.90     6.34528          7.53803    
     142354+        53211         14214.22     6.34528          7.53803    
     142679         53341         14244.22     6.34528          7.53803    
     142992         53446         14274.23     6.34528          7.53803    
     143358+        53527         14306.40     6.34528          7.53803    
     143646         53579         14336.46     6.34528          7.53803    
     144016         53672         14366.46     6.34528          7.53803    
     144332         53752         14396.47     6.34528          7.53803    
     144576         53851         14426.49     6.34528          7.53803    
     144914         53946         14456.55     6.34528          7.53803    
     145221         54061         14486.60     6.34528          7.53803    
     145521         54150         14516.64     6.34528          7.53803    
     145887+        54254         14548.00     6.34528          7.53803    
     146189         54342         14577.95     6.34528          7.53803    
     146502+        54468         14608.81     6.34528          7.53803    
     146803         54570         14638.78     6.34528          7.53803    
     147121         54694         14668.76     6.34528          7.53803    
     147466         54808         14698.80     6.34528          7.53803    
     147774         54903         14728.80     6.34528          7.53803    
     148117         54991         14758.86     6.34528          7.53803    
     148428         55090         14788.83     6.34528          7.53803    
     148763+        55205         14820.42     6.34528          7.53803    
     149044         55288         14850.41     6.34528          7.53803    
     149363         55391         14880.37     6.34528          7.53803    
     149661+        55479         14911.03     6.34528          7.53803    
     149978         55574         14941.00     6.34528          7.53803    
     150303         55686         14970.96     6.34528          7.53803    
     150675         55782         15001.01     6.34528          7.53803    
     151060         55877         15033.32     6.34528          7.53803    
     151407         55968         15063.29     6.34528          7.53803    
     151771         56069         15093.25     6.34528          7.53803    
     152117         56166         15123.31     6.34528          7.53803    
     152478         56247         15153.36     6.34528          7.53803    
     152757+        56356         15183.81     6.34528          7.53803    
     153087         56434         15213.81     6.34528          7.53803    
     153435         56556         15243.79     6.34528          7.53803    
     153744         56647         15273.76     6.34528          7.53803    
     154104         56735         15303.79     6.34528          7.53803    
     154472         56821         15333.78     6.34528          7.53803    
     154832         56922         15363.79     6.34528          7.53803    
     155216         56996         15393.80     6.34528          7.53803    
     155517         57050         15423.83     6.34528          7.53803    
     155883         57181         15453.86     6.34528          7.53803    
     156340         57256         15483.82     6.34528          7.53803    
     156764         57312         15513.85     6.34528          7.53803    
     157135         57392         15544.25     6.34528          7.53803    
     157523         57473         15574.24     6.34528          7.53803    
     157831         57579         15604.27     6.34528          7.53803    
     158125         57656         15634.33     6.34528          7.53803    
     158420         57753         15664.33     6.34528          7.53803    
     158816         57823         15694.34     6.34528          7.53803    
     159149         57919         15724.48     6.34528          7.53803    
     159490         58046         15754.46     6.34528          7.53803    
     159836         58139         15784.48     6.34528          7.53803    
     160125+        58245         15817.02     6.34528          7.53803    
     160384         58330         15847.07     6.34528          7.53803    
     160768         58439         15877.06     6.34528          7.53803    
     161022         58532         15910.57     6.34528          7.53803    
     161365         58644         15940.56     6.34528          7.53803    
     161657         58778         15970.65     6.34528          7.53803    
     161971+        58886         16001.51     6.34528          7.53803    
     162235         58983         16031.52     6.34528          7.53803    
     162471         59070         16061.55     6.34528          7.53803    
     162751         59158         16091.55     6.34528          7.53803    
     162984         59267         16121.55     6.34528          7.53803    
     163304+        59363         16151.56     6.34528          7.53803    
     163578         59466         16181.55     6.34528          7.53803    
     163878         59538         16211.55     6.34528          7.53803    
     164154         59627         16241.58     6.34528          7.53803    
     164420         59708         16273.51     6.34528          7.53803    
     164708         59780         16303.49     6.34528          7.53803    
     164898         59843         16333.65     6.34528          7.53803    
     165275         59918         16363.66     6.34528          7.53803    
     165554         60026         16393.91     6.34528          7.53803    
     165876         60122         16423.88     6.34528          7.53803    
     166189+        60193         16453.86     6.34528          7.53803    
     166522         60312         16483.86     6.34528          7.53803    
     166812         60416         16514.59     6.34528          7.53803    
     167081         60509         16544.62     6.34528          7.53803    
     167408         60644         16574.65     6.34528          7.53803    
     167768         60743         16604.62     6.34528          7.53803    
     168120         60819         16634.62     6.34528          7.53803    
     168443         60944         16664.63     6.34528          7.53803    
     168742         61017         16694.67     6.34528          7.53803    
     169040         61128         16724.68     6.34528          7.53803    
     169375         61222         16754.65     6.34528          7.53803    
     169620         61321         16784.65     6.34528          7.53803    
     169972         61431         16815.86     6.34528          7.53803    
     170297         61533         16845.88     6.34528          7.53803    
     170606         61621         16875.86     6.34528          7.53803    
     170925         61747         16905.94     6.34528          7.53803    
     171187         61840         16935.97     6.34528          7.53803    
     171578         61914         16967.09     6.34528          7.53803    
     171940         61989         16997.09     6.34528          7.53803    
     172222         62092         17027.09     6.34528          7.53803    
     172577         62221         17057.10     6.34528          7.53803    
     172872         62311         17089.44     6.34528          7.53803    
     173238+        62452         17119.41     6.34528          7.53803    
     173484+        62558         17150.11     6.34528          7.53803    
     173753         62621         17180.27     6.34528          7.53803    
     174098         62741         17210.34     6.34528          7.53803    
     174345         62804         17240.34     6.34528          7.53803    
     174642         62906         17270.36     6.34528          7.53803    
     174958         63009         17300.34     6.34528          7.53803    
     175281         63134         17330.37     6.34528          7.53803    
     175648         63224         17360.35     6.34528          7.53803    
     176035         63318         17390.37     6.34528          7.53803    
     176366+        63411         17421.19     6.34528          7.53803    
     176722         63485         17451.32     6.34528          7.53803    
     177002         63597         17481.30     6.34528          7.53803    
     177216         63688         17511.38     6.34528          7.53803    
     177485         63771         17542.42     6.34528          7.53803    
     177807         63906         17572.45     6.34528          7.53803    
     178108         64017         17602.45     6.34528          7.53803    
     178329         64115         17632.43     6.34528          7.53803    
     178639         64227         17662.51     6.34528          7.53803    
     178895         64309         17692.49     6.34528          7.53803    
     179208         64391         17722.49     6.34528          7.53803    
     179524+        64507         17753.16     6.34528          7.53803    
     179829         64604         17783.21     6.34528          7.53803    
     180152         64722         17814.97     6.34528          7.53803    
     180539         64799         17844.96     6.34528          7.53803    
     180911         64879         17874.94     6.34528          7.53803    
     181273         64973         17904.98     6.34528          7.53803    
     181601+        65105         17935.03     6.34528          7.53803    
     181902         65191         17965.06     6.34528          7.53803    
     182183         65298         17995.12     6.34528          7.53803    
     182209         65306         18000.00     6.34528          7.53803    

                    *** Max. allowable time exceeded ***      

 Wall clock time:                 18021.00
 Total CPU time used:             18000.00

 Total no. of BaR iterations:  182209
 Best solution found at node:  174003
 Max. no. of nodes in memory:   65306
 
 All done
===========================================================================
