===========================================================================
 BARON version 18.5.8. Built: WIN-64 Tue May 8 15:02:43 EDT 2018 

 BARON is a product of The Optimization Firm, LLC. http://www.minlp.com/

 If you use this software, please cite publications from
 http://www.minlp.com/about-baron, such as: 

 Kilinc, M. and N. V. Sahinidis, Exploiting integrality in the global
 optimization of mixed-integer nonlinear programming problems in BARON,
 Optimization Methods and Software, 33, 540-562, 2018.
===========================================================================
 This BARON run may utilize the following subsolver(s)
 For LP/MIP: ILOG CPLEX                                      
 For NLP: MINOS, GAMS external NLP, IPOPT, FILTERSD, FILTERSQP
===========================================================================
    The options used in solving the problem are as follows:
       maxtime        =  0.1800E+05
       maxiter        =      -1
       numsol         =       1
       firstfeas      =       0
       cutoff         =  0.1000E+52
       epsa           =  0.1000E-08
       epsr           =  0.1000E-01
       deltaterm      =       0
       deltaa         =  0.1000E+52
       deltar         =  0.1000E+01
       deltat         = -0.1000E+03
       boxtol         =  0.1000E-07
       isoltol        =  0.1000E-03
       absconfeastol  =  0.1000E-04
       relconfeastol  =  0.0000E+00
       absintfeastol  =  0.1000E-04
       relintfeastol  =  0.0000E+00
       results        =       1
       summary        =       1
       times          =       1
       prtimefreq     =  0.3000E+02
       prfreq         = 1000000
       prlevel        =       1
       numprint       =      -1
       numprintdual   =      -1
       lpsol          =       3
       nlpsol         =      -1
       allowminos     =       1
       allowsnopt     =       1
       allowexternal  =       1
       allowipopt     =       1
       allowfiltersd  =       1
       allowfiltersqp =       1
       dolocal        =       1
       numloc         =      -2
       locres         =       0
       pdo            =      -2
       brvarstra      =       0
       brptstra       =       0
       nodesel        =       0
       compiis        =       0
       iisint         =       1
       iisorder       =      -1
       threads        =       1
===========================================================================
 Doing local search
 Solving bounding LP
 Starting multi-start local search
 Preprocessing found feasible solution with value  16.7326858612     
 Preprocessing found feasible solution with value  13.1764017205     
 Done with local search
===========================================================================
  Iteration    Open nodes         Time (s)    Lower bound      Upper bound
          1             1             2.61     3.65679          13.1764    
        360           220            31.84     7.57001          13.1764    
        997+          600            60.45     7.85029          13.1764    
       1614+          892           113.54     7.85055          13.1764    
       2650+         1394           141.95     7.87680          13.1764    
       3728          1797           171.06     7.91903          13.1764    
       4961          2139           199.88     7.95029          13.1764    
       5582          2441           248.49     8.00736          13.1764    
       6487          2904           276.68     8.07148          13.1764    
       7566          3270           305.39     8.08311          13.1764    
       8664          3682           334.15     8.10603          13.1764    
       9662          4143           363.81     8.13955          13.1764    
      10881+         4556           393.45     8.15706          13.1764    
      11933          5035           422.97     8.18181          13.1764    
      12921          5511           452.39     8.19793          13.1764    
      13930          5938           482.12     8.21905          13.1764    
      14938          6389           511.62     8.23093          13.1764    
      15920+         6811           541.17     8.24274          13.1764    
      16835          7219           570.79     8.26136          13.1764    
      17776          7655           600.15     8.28815          13.1764    
      18574          8056           629.43     8.29584          13.1764    
      19492          8506           658.75     8.30601          13.1764    
      20476          8965           688.03     8.32133          13.1764    
      21486+         9468           717.06     8.33546          13.1764    
      22516          9952           746.22     8.34974          13.1764    
      23435         10360           775.57     8.36017          13.1764    
      24399+        10784           806.51     8.38227          13.1764    
      25419         11230           835.73     8.39673          13.1764    
      26455         11652           865.01     8.41810          13.1764    
      27457+        12028           894.38     8.44054          13.1764    
      28436         12443           923.64     8.46460          13.1764    
      29391         12856           953.26     8.48305          13.1764    
      30374         13289           983.23     8.50205          13.1764    
      31384         13768          1013.23     8.51847          13.1764    
      32432+        14232          1043.23     8.52997          13.1764    
      33439         14709          1073.21     8.53958          13.1764    
      34399+        15158          1103.25     8.55166          13.1764    
      35387         15629          1133.24     8.55877          13.1764    
      36327         16092          1163.25     8.56713          13.1764    
      37103         16480          1193.22     8.57472          13.1764    
      37992         16931          1223.14     8.57882          13.1764    
      38838+        17370          1254.65     8.58408          13.1764    
      39663         17732          1284.61     8.58861          13.1764    
      40632         18108          1314.59     8.59292          13.1764    
      41631         18540          1344.60     8.59588          13.1764    
      42509         18909          1374.59     8.60133          13.1764    
      43458         19380          1404.63     8.60765          13.1764    
      44297         19789          1434.62     8.61299          13.1764    
      45222         20214          1464.62     8.61803          13.1764    
      46181+        20692          1494.72     8.62284          13.1764    
      47161         21145          1524.75     8.62600          13.1764    
      47926         21564          1554.78     8.62629          13.1764    
*     48027         21617          1557.75     8.62629          13.1757    
      49057         22105          1587.76     8.62711          13.1757    
      50052         22578          1617.76     8.63088          13.1757    
      51106         23014          1647.76     8.63248          13.1757    
      52126         23414          1677.76     8.63364          13.1757    
      53226         23857          1707.74     8.63492          13.1757    
      54413+        24298          1737.90     8.63647          13.1757    
      55509         24730          1767.88     8.63770          13.1757    
      56545         25166          1797.86     8.63894          13.1757    
      57686         25584          1827.82     8.64040          13.1757    
      58782         25975          1857.75     8.64132          13.1757    
      59864         26394          1887.71     8.64222          13.1757    
      60916         26831          1917.69     8.64335          13.1757    
      61928         27250          1947.69     8.64402          13.1757    
      63032+        27669          1977.80     8.64457          13.1757    
      64154         28086          2007.81     8.64621          13.1757    
      65198         28501          2037.83     8.64873          13.1757    
      66214         28907          2067.82     8.65160          13.1757    
      67206         29306          2097.82     8.65491          13.1757    
      68100         29630          2127.85     8.65879          13.1757    
      69014         30052          2157.84     8.66262          13.1757    
      69982         30438          2187.88     8.66754          13.1757    
      70930         30814          2217.88     8.67243          13.1757    
      71820         31189          2247.85     8.67768          13.1757    
      72695         31540          2277.86     8.68250          13.1757    
      73636         31983          2307.85     8.68707          13.1757    
      74610         32411          2337.88     8.69069          13.1757    
      75545         32848          2367.86     8.69395          13.1757    
      76436         33214          2397.88     8.69863          13.1757    
      77392         33599          2427.89     8.70281          13.1757    
      78341         33973          2457.91     8.70785          13.1757    
      79222         34321          2487.94     8.71158          13.1757    
      80158         34720          2517.95     8.71654          13.1757    
      81160         35104          2547.98     8.72064          13.1757    
      82094         35487          2577.98     8.72454          13.1757    
      83003         35853          2607.99     8.72743          13.1757    
      83865         36215          2637.98     8.72977          13.1757    
      84828         36583          2668.01     8.73243          13.1757    
      85782         36915          2697.97     8.73469          13.1757    
      86773         37274          2728.01     8.73774          13.1757    
      87803+        37605          2758.19     8.73957          13.1757    
      88785         37991          2788.19     8.74221          13.1757    
      89690         38384          2818.19     8.74515          13.1757    
      90504         38738          2848.19     8.74686          13.1757    
      91419         39109          2879.20     8.75053          13.1757    
      92311         39487          2909.22     8.75366          13.1757    
      93238         39860          2939.23     8.75611          13.1757    
      94128         40237          2969.26     8.75893          13.1757    
      94990         40608          2999.24     8.76102          13.1757    
      95872         41006          3029.26     8.76451          13.1757    
      96780+        41406          3059.44     8.76718          13.1757    
      97631         41764          3089.48     8.77123          13.1757    
      98478+        42096          3119.47     8.77557          13.1757    
      99319+        42454          3149.61     8.77860          13.1757    
     100374         42737          3179.61     8.78027          13.1757    
     101167         43061          3209.63     8.78382          13.1757    
     102070         43433          3239.64     8.78749          13.1757    
     102917         43791          3269.59     8.78969          13.1757    
     103820         44178          3299.62     8.79343          13.1757    
     104702         44548          3329.62     8.79556          13.1757    
     105682         44886          3359.62     8.79778          13.1757    
     106479+        45224          3389.82     8.80069          13.1757    
     107363         45617          3419.82     8.80372          13.1757    
     108225         45985          3449.84     8.80647          13.1757    
     109082         46360          3479.82     8.80940          13.1757    
     109808         46708          3509.82     8.81091          13.1757    
     110659         47075          3539.83     8.81394          13.1757    
     111467         47410          3569.83     8.81632          13.1757    
     112333         47777          3599.85     8.81867          13.1757    
     113106         48117          3629.88     8.82143          13.1757    
     113898+        48475          3660.06     8.82443          13.1757    
     114719         48808          3690.11     8.82695          13.1757    
     115541         49169          3720.11     8.83072          13.1757    
     116399         49525          3750.12     8.83405          13.1757    
     117229+        49901          3780.22     8.83761          13.1757    
     118083         50250          3810.23     8.84072          13.1757    
     118931         50598          3840.21     8.84274          13.1757    
     119794         50905          3870.23     8.84486          13.1757    
     120714         51211          3900.23     8.84733          13.1757    
     121575         51516          3930.24     8.84887          13.1757    
     122443         51860          3960.27     8.85251          13.1757    
     123194         52194          3990.29     8.85619          13.1757    
     123979         52545          4020.30     8.85882          13.1757    
     124805         52894          4050.29     8.86169          13.1757    
     125593         53222          4080.25     8.86519          13.1757    
     126442         53595          4110.27     8.86833          13.1757    
     127242         53936          4140.27     8.87144          13.1757    
     128087         54288          4170.28     8.87413          13.1757    
     128886+        54622          4200.44     8.87769          13.1757    
     129661         54921          4230.45     8.88101          13.1757    
     130403         55239          4260.43     8.88399          13.1757    
     131175         55558          4290.43     8.88663          13.1757    
     131968         55862          4320.43     8.88759          13.1757    
     132778         56154          4350.45     8.89102          13.1757    
     133598         56504          4380.46     8.89480          13.1757    
     134391         56839          4410.46     8.89726          13.1757    
     135182         57163          4440.46     8.90016          13.1757    
     135946+        57482          4471.52     8.90201          13.1757    
     136814         57846          4501.52     8.90434          13.1757    
     137633         58142          4531.52     8.90687          13.1757    
     138386         58438          4561.56     8.90899          13.1757    
     139115         58738          4591.55     8.91165          13.1757    
     139833         58986          4621.55     8.91346          13.1757    
     140714         59304          4651.56     8.91555          13.1757    
     141567         59597          4681.56     8.91854          13.1757    
     142412         59884          4711.57     8.92097          13.1757    
     143223         60166          4741.59     8.92325          13.1757    
     144085         60494          4771.59     8.92571          13.1757    
     144911         60805          4801.62     8.92862          13.1757    
     145693         61110          4831.62     8.93097          13.1757    
     146500         61408          4861.65     8.93346          13.1757    
     147307         61736          4891.61     8.93623          13.1757    
     148051         62013          4921.63     8.93917          13.1757    
     148321+        62090          4951.63     8.94044          13.1757    
     148400+        62089          4981.67     8.94069          13.1757    
     148654         62157          5011.72     8.94180          13.1757    
     149385         62455          5041.72     8.94499          13.1757    
     150167         62750          5071.70     8.94810          13.1757    
     150965         63069          5101.72     8.95064          13.1757    
     151749         63403          5131.73     8.95291          13.1757    
     152541         63738          5161.76     8.95486          13.1757    
     153322         64040          5191.79     8.95681          13.1757    
     154117         64348          5221.79     8.95919          13.1757    
     154842         64616          5251.84     8.96166          13.1757    
     155615         64919          5281.85     8.96482          13.1757    
     156324         65187          5312.24     8.96763          13.1757    
     157051         65510          5342.27     8.97046          13.1757    
     157823         65835          5372.27     8.97321          13.1757    
     158546         66138          5402.28     8.97580          13.1757    
     159299         66431          5432.30     8.97813          13.1757    
     160071         66719          5462.33     8.98069          13.1757    
     160793+        67005          5492.62     8.98350          13.1757    
     161632         67361          5522.64     8.98436          13.1757    
     162405         67676          5552.67     8.98688          13.1757    
     163178+        67977          5583.01     8.98944          13.1757    
     163953         68263          5612.99     8.99212          13.1757    
     164718         68544          5642.99     8.99453          13.1757    
     165467         68831          5673.01     8.99621          13.1757    
     166161         69113          5703.02     8.99860          13.1757    
     166941         69417          5733.01     9.00131          13.1757    
     167632         69672          5763.00     9.00389          13.1757    
     168423         69935          5793.02     9.00659          13.1757    
     169174         70222          5823.02     9.00947          13.1757    
     169898         70510          5853.00     9.01294          13.1757    
     170586+        70757          5883.16     9.01593          13.1757    
     171324         71068          5913.20     9.01861          13.1757    
     171989+        71359          5943.34     9.02040          13.1757    
     172681         71649          5973.36     9.02308          13.1757    
     173401         71935          6003.37     9.02541          13.1757    
     174074         72211          6033.42     9.02762          13.1757    
     174714         72484          6063.42     9.02980          13.1757    
     174954+        72571          6093.46     9.03063          13.1757    
     175046+        72573          6123.48     9.03112          13.1757    
     175099+        72560          6153.54     9.03145          13.1757    
     175140+        72542          6183.57     9.03164          13.1757    
     175227+        72546          6213.60     9.03208          13.1757    
     175297         72542          6243.71     9.03235          13.1757    
     175372+        72545          6273.72     9.03261          13.1757    
     175423         72530          6303.74     9.03291          13.1757    
     175469+        72507          6333.81     9.03309          13.1757    
     175507+        72484          6363.87     9.03321          13.1757    
     175533+        72471          6393.89     9.03330          13.1757    
     175578         72459          6423.93     9.03347          13.1757    
     175630+        72438          6453.96     9.03381          13.1757    
     175696         72416          6483.95     9.03429          13.1757    
     175747+        72395          6513.99     9.03463          13.1757    
     175815+        72368          6544.04     9.03488          13.1757    
     175849+        72351          6574.08     9.03497          13.1757    
     175884+        72333          6604.12     9.03531          13.1757    
     175936+        72325          6634.13     9.03553          13.1757    
     176017+        72318          6664.13     9.03574          13.1757    
     176092+        72325          6694.16     9.03620          13.1757    
     176132+        72316          6724.20     9.03631          13.1757    
     176172+        72307          6754.25     9.03661          13.1757    
     176210         72301          6784.27     9.03691          13.1757    
     176891         72543          6814.28     9.03959          13.1757    
     177570         72829          6844.29     9.04201          13.1757    
     178238         73073          6874.29     9.04509          13.1757    
     178993         73334          6904.29     9.04738          13.1757    
     179642         73612          6934.31     9.04868          13.1757    
     180293         73860          6964.31     9.05113          13.1757    
     181015         74127          6994.32     9.05417          13.1757    
     181714+        74393          7025.44     9.05712          13.1757    
     182426         74676          7055.46     9.05982          13.1757    
     183155+        74936          7085.57     9.06292          13.1757    
     183860         75217          7115.58     9.06528          13.1757    
     184541         75465          7145.58     9.06758          13.1757    
     185214+        75692          7175.94     9.06953          13.1757    
     185855         75943          7205.95     9.07215          13.1757    
     186524         76234          7235.97     9.07508          13.1757    
     187214         76517          7266.00     9.07835          13.1757    
     187972         76808          7296.00     9.07982          13.1757    
     188731         77084          7326.01     9.08161          13.1757    
     189372         77324          7356.01     9.08435          13.1757    
     190055         77583          7386.02     9.08608          13.1757    
     190741         77839          7416.02     9.08894          13.1757    
     191420         78089          7446.02     9.09146          13.1757    
     192114         78346          7476.05     9.09450          13.1757    
     192781         78590          7506.08     9.09702          13.1757    
     193091+        78700          7536.21     9.09794          13.1757    
     193181+        78688          7566.24     9.09841          13.1757    
     193238+        78681          7596.31     9.09874          13.1757    
     193274         78661          7626.34     9.09891          13.1757    
     193303+        78648          7656.37     9.09931          13.1757    
     193354+        78624          7686.43     9.09965          13.1757    
     193393+        78602          7716.46     9.09977          13.1757    
     193446+        78585          7746.54     9.10014          13.1757    
     193584         78621          7776.54     9.10088          13.1757    
     193632+        78614          7806.54     9.10110          13.1757    
     193696+        78611          7836.63     9.10152          13.1757    
     193996         78712          7866.66     9.10277          13.1757    
     194611         78983          7896.65     9.10517          13.1757    
     195256         79238          7926.66     9.10804          13.1757    
     195922         79485          7956.64     9.11023          13.1757    
     196570+        79761          7988.19     9.11252          13.1757    
     197186         80014          8018.20     9.11457          13.1757    
     197811         80266          8048.23     9.11718          13.1757    
     198451         80515          8078.28     9.11926          13.1757    
     199062         80750          8108.28     9.12129          13.1757    
     199699         80974          8138.31     9.12358          13.1757    
     200366         81243          8168.29     9.12605          13.1757    
     201036         81477          8198.34     9.12904          13.1757    
     201659         81734          8228.33     9.13236          13.1757    
     202294         81969          8258.33     9.13385          13.1757    
     202939         82222          8288.35     9.13589          13.1757    
     203540+        82455          8318.47     9.13730          13.1757    
     204015+        82632          8348.49     9.13957          13.1757    
     204090+        82619          8378.50     9.13982          13.1757    
     204130+        82597          8408.50     9.14009          13.1757    
     204177+        82571          8438.55     9.14037          13.1757    
     204210+        82556          8468.59     9.14050          13.1757    
     204258         82546          8498.68     9.14065          13.1757    
     204845+        82792          8528.90     9.14229          13.1757    
     205538         83021          8558.92     9.14429          13.1757    
     206210         83269          8588.96     9.14637          13.1757    
     207235+        83363          8618.88     9.14648          13.1757    
     208269         83381          8648.90     9.14706          13.1757    
     208856         83610          8678.91     9.14860          13.1757    
     209519+        83860          8708.93     9.15079          13.1757    
     210159         84111          8738.93     9.15299          13.1757    
     210808         84374          8768.96     9.15507          13.1757    
     211474+        84619          8799.11     9.15748          13.1757    
     212076         84831          8829.09     9.15895          13.1757    
     212699         85034          8859.09     9.16054          13.1757    
     213385         85323          8889.09     9.16161          13.1757    
     213991         85617          8919.08     9.16230          13.1757    
     214624         85867          8949.11     9.16337          13.1757    
     215255         86131          8979.12     9.16493          13.1757    
     215869         86400          9009.14     9.16710          13.1757    
     216492         86677          9039.13     9.16865          13.1757    
     217116         86949          9069.13     9.17010          13.1757    
     217735         87188          9099.15     9.17178          13.1757    
     218394         87413          9129.16     9.17367          13.1757    
     219023         87639          9159.18     9.17524          13.1757    
     219626         87868          9189.21     9.17698          13.1757    
     220244         88124          9219.22     9.17927          13.1757    
     220855         88359          9249.22     9.18166          13.1757    
     221529+        88587          9279.24     9.18410          13.1757    
     222145         88824          9309.24     9.18603          13.1757    
     222921         88968          9339.25     9.18776          13.1757    
     223563         89237          9369.25     9.18986          13.1757    
     224213         89474          9399.29     9.19218          13.1757    
     224874         89704          9429.32     9.19418          13.1757    
     225537         89919          9459.34     9.19621          13.1757    
     226179         90142          9489.35     9.19850          13.1757    
     226785+        90363          9519.46     9.20026          13.1757    
     227444         90583          9549.49     9.20160          13.1757    
     228104         90809          9579.52     9.20335          13.1757    
     228721         91038          9609.52     9.20526          13.1757    
     229268         91266          9639.54     9.20699          13.1757    
     229930         91498          9669.54     9.20889          13.1757    
     230553         91709          9699.53     9.21104          13.1757    
     231192         91944          9729.56     9.21307          13.1757    
     231836         92155          9759.56     9.21506          13.1757    
     232511         92386          9789.56     9.21701          13.1757    
     233134         92618          9819.59     9.21880          13.1757    
     233777         92868          9849.62     9.22087          13.1757    
     234324         93069          9879.64     9.22211          13.1757    
     234946         93310          9909.67     9.22386          13.1757    
     235575         93511          9939.71     9.22574          13.1757    
     236211         93727          9969.73     9.22752          13.1757    
     236862         93920          9999.74     9.22955          13.1757    
     237505         94137         10029.74     9.23090          13.1757    
     238125         94374         10059.76     9.23262          13.1757    
     238739         94593         10089.77     9.23426          13.1757    
     239379         94823         10119.80     9.23568          13.1757    
     239996         95083         10149.82     9.23742          13.1757    
     240588         95306         10179.78     9.23901          13.1757    
     241222         95565         10209.83     9.24069          13.1757    
     241838         95765         10239.86     9.24252          13.1757    
     242482+        95993         10270.81     9.24392          13.1757    
     243063         96197         10300.81     9.24537          13.1757    
     243713         96396         10330.81     9.24710          13.1757    
     244550         96579         10360.84     9.24804          13.1757    
     245187         96822         10390.82     9.24960          13.1757    
     245804+        97056         10420.85     9.25116          13.1757    
     246415         97268         10450.87     9.25290          13.1757    
     247057         97509         10480.88     9.25479          13.1757    
     247645         97705         10510.88     9.25673          13.1757    
     248211         97897         10540.88     9.25864          13.1757    
     248344+        97912         10570.89     9.25903          13.1757    
     248385+        97891         10600.95     9.25911          13.1757    
     248423+        97873         10631.05     9.25925          13.1757    
     248493+        97887         10661.22     9.25975          13.1757    
     248592         97906         10691.25     9.26014          13.1757    
     249149         98118         10721.26     9.26141          13.1757    
     249786         98343         10751.25     9.26286          13.1757    
     250399         98572         10781.25     9.26462          13.1757    
     251006         98768         10811.26     9.26663          13.1757    
     251584         98986         10841.29     9.26819          13.1757    
     252207         99196         10871.32     9.27020          13.1757    
     252915         99384         10901.32     9.27107          13.1757    
     253504         99598         10931.30     9.27289          13.1757    
     254107         99827         10961.33     9.27480          13.1757    
     254729        100058         10991.33     9.27599          13.1757    
     255167        100220         11021.39     9.27725          13.1757    
     255222        100204         11051.39     9.27741          13.1757    
     255252+       100191         11081.47     9.27760          13.1757    
     255291        100182         11111.58     9.27773          13.1757    
     255345+       100151         11141.61     9.27794          13.1757    
     255417+       100137         11171.68     9.27831          13.1757    
     255465+       100119         11201.73     9.27858          13.1757    
     255544        100103         11231.70     9.27894          13.1757    
     255591+       100082         11261.76     9.27919          13.1757    
     255633+       100058         11291.77     9.27941          13.1757    
     255679+       100029         11321.83     9.27954          13.1757    
     255705+       100016         11351.83     9.27962          13.1757    
     255735+        99999         11381.86     9.27982          13.1757    
     255767+        99991         11411.93     9.27996          13.1757    
     255788+        99984         11442.05     9.28015          13.1757    
     255825+        99962         11472.03     9.28028          13.1757    
     255864+        99942         11502.03     9.28056          13.1757    
     255909+        99918         11532.05     9.28081          13.1757    
     255944+        99901         11562.06     9.28092          13.1757    
     256057         99923         11592.11     9.28143          13.1757    
     256131+        99908         11622.09     9.28187          13.1757    
     256159+        99896         11652.09     9.28202          13.1757    
     256203+        99883         11682.10     9.28222          13.1757    
     256651        100043         11712.13     9.28370          13.1757    
     257211        100253         11742.13     9.28533          13.1757    
     257765        100475         11772.13     9.28646          13.1757    
     258317        100681         11802.16     9.28843          13.1757    
     258895+       100889         11832.21     9.29018          13.1757    
     259424        101095         11862.22     9.29143          13.1757    
     259999        101318         11892.21     9.29293          13.1757    
     260542        101523         11922.22     9.29451          13.1757    
     261113        101715         11952.24     9.29594          13.1757    
     261719        101891         11982.23     9.29771          13.1757    
     262317+       102086         12012.25     9.30009          13.1757    
     262898        102292         12042.26     9.30206          13.1757    
     263503        102492         12072.26     9.30361          13.1757    
     264122        102723         12102.26     9.30470          13.1757    
     264720        102925         12132.28     9.30629          13.1757    
     265293        103114         12162.26     9.30784          13.1757    
     265963        103331         12192.26     9.30881          13.1757    
     266728        103541         12222.29     9.30881          13.1757    
     267507        103773         12252.27     9.30881          13.1757    
     268279        103961         12282.25     9.30882          13.1757    
     268944        104112         12312.29     9.31048          13.1757    
     269596        104318         12342.33     9.31186          13.1757    
     270219        104533         12372.36     9.31312          13.1757    
     270922        104701         12402.34     9.31393          13.1757    
     271533+       104898         12433.54     9.31557          13.1757    
     272124        105097         12463.54     9.31693          13.1757    
     272747+       105256         12493.71     9.31831          13.1757    
     273354        105448         12523.68     9.31947          13.1757    
     273996        105657         12553.68     9.32060          13.1757    
     274724        105883         12583.71     9.32094          13.1757    
     275356        106069         12613.77     9.32249          13.1757    
     276001        106337         12643.87     9.32305          13.1757    
     276657        106577         12673.91     9.32316          13.1757    
     277269        106774         12703.91     9.32470          13.1757    
     277891        106982         12733.94     9.32585          13.1757    
     278471        107192         12763.96     9.32715          13.1757    
     279037        107402         12793.99     9.32832          13.1757    
     279659        107604         12823.97     9.32996          13.1757    
     280351        107798         12853.97     9.33096          13.1757    
     281097        108052         12883.97     9.33096          13.1757    
     281900        108268         12913.97     9.33096          13.1757    
     282641        108499         12943.96     9.33096          13.1757    
     283401        108706         12974.00     9.33096          13.1757    
     284171        108893         13003.99     9.33096          13.1757    
     284919        109101         13034.02     9.33096          13.1757    
     285676        109317         13063.99     9.33097          13.1757    
     286385        109549         13094.01     9.33097          13.1757    
     287046        109759         13124.00     9.33139          13.1757    
     287703        109936         13153.99     9.33259          13.1757    
     288267        110089         13183.97     9.33345          13.1757    
     288911        110278         13214.00     9.33431          13.1757    
     289545        110442         13244.03     9.33531          13.1757    
     290235        110658         13274.03     9.33559          13.1757    
     290882        110865         13304.08     9.33627          13.1757    
     291547        111127         13334.09     9.33635          13.1757    
     292236        111384         13364.14     9.33635          13.1757    
     292896        111599         13394.15     9.33648          13.1757    
     293506        111786         13424.10     9.33719          13.1757    
     294128        111969         13454.13     9.33800          13.1757    
     294778        112204         13484.17     9.33828          13.1757    
     295451+       112487         13514.20     9.33828          13.1757    
     296173        112747         13544.23     9.33828          13.1757    
     296894        113014         13574.27     9.33828          13.1757    
     297630        113314         13604.27     9.33828          13.1757    
     298351        113533         13634.28     9.33828          13.1757    
     299066        113810         13664.33     9.33828          13.1757    
     299784        114035         13694.33     9.33828          13.1757    
     300503        114274         13724.34     9.33828          13.1757    
     301220        114530         13754.36     9.33828          13.1757    
     301948        114817         13784.39     9.33828          13.1757    
     302655        115056         13814.40     9.33828          13.1757    
     303380        115325         13844.40     9.33828          13.1757    
     304113        115584         13874.42     9.33828          13.1757    
     304847        115836         13904.43     9.33828          13.1757    
     305579        116119         13934.45     9.33828          13.1757    
     306326        116335         13964.45     9.33828          13.1757    
     307036        116569         13994.49     9.33828          13.1757    
     307718        116813         14024.52     9.33828          13.1757    
     308477+       117056         14054.54     9.33828          13.1757    
     309248        117293         14084.60     9.33828          13.1757    
     309995        117530         14114.63     9.33828          13.1757    
     310709        117753         14144.63     9.33828          13.1757    
     311420        118018         14174.64     9.33828          13.1757    
     312129        118225         14204.67     9.33828          13.1757    
     312844        118439         14234.67     9.33828          13.1757    
     313568        118658         14264.70     9.33828          13.1757    
     314299        118906         14294.70     9.33828          13.1757    
     315053+       119137         14324.75     9.33828          13.1757    
     315821        119342         14354.73     9.33828          13.1757    
     316551        119557         14384.74     9.33828          13.1757    
     317333        119777         14414.76     9.33828          13.1757    
     318157        119947         14444.79     9.33828          13.1757    
     318876        120167         14474.80     9.33828          13.1757    
     319586        120393         14504.83     9.33828          13.1757    
     320270        120622         14534.85     9.33828          13.1757    
     320991        120811         14564.86     9.33828          13.1757    
     321756        120991         14594.91     9.33828          13.1757    
     322458        121220         14624.94     9.33828          13.1757    
     323186        121427         14654.95     9.33828          13.1757    
     323914        121567         14684.95     9.33828          13.1757    
     324341        121611         14715.04     9.33828          13.1757    
     324434+       121522         14745.04     9.33828          13.1757    
     324518+       121445         14775.12     9.33828          13.1757    
     324611        121354         14805.12     9.33828          13.1757    
     324712+       121269         14835.13     9.33828          13.1757    
     324813+       121187         14865.13     9.33828          13.1757    
     324943+       121081         14895.18     9.33828          13.1757    
     325027+       121006         14925.22     9.33828          13.1757    
     325126        120920         14955.27     9.33828          13.1757    
     325260        120811         14985.33     9.33828          13.1757    
     325373+       120715         15015.38     9.33828          13.1757    
     325457+       120643         15045.42     9.33828          13.1757    
     325539+       120574         15075.42     9.33828          13.1757    
     325633+       120495         15105.47     9.33828          13.1757    
     325728+       120411         15135.47     9.33828          13.1757    
     325811+       120339         15165.47     9.33828          13.1757    
     325901        120261         15195.45     9.33828          13.1757    
     325989+       120187         15225.56     9.33828          13.1757    
     326081+       120106         15255.60     9.33828          13.1757    
     326167+       120031         15285.66     9.33828          13.1757    
     326257+       119952         15315.71     9.33828          13.1757    
     326335+       119885         15345.79     9.33828          13.1757    
     326433+       119800         15375.83     9.33828          13.1757    
     326533+       119712         15405.89     9.33828          13.1757    
     326631+       119630         15435.89     9.33828          13.1757    
     326730        119554         15465.89     9.33828          13.1757    
     326833+       119469         15495.95     9.33828          13.1757    
     326925        119395         15526.03     9.33828          13.1757    
     327045+       119294         15556.08     9.33828          13.1757    
     327145+       119213         15586.04     9.33828          13.1757    
     327226+       119161         15616.14     9.33828          13.1757    
     327305+       119110         15646.18     9.33828          13.1757    
     327374+       119065         15676.21     9.33828          13.1757    
     327446+       119018         15706.27     9.33828          13.1757    
     327524+       118970         15736.27     9.33828          13.1757    
     327625+       118898         15766.29     9.33828          13.1757    
     327694        118860         15796.35     9.33832          13.1757    
     327777+       118807         15826.41     9.33838          13.1757    
     327846+       118763         15856.42     9.33847          13.1757    
     327929+       118711         15886.44     9.33856          13.1757    
     327953+       118697         15916.50     9.33859          13.1757    
     328013+       118661         15946.50     9.33869          13.1757    
     328107+       118598         15976.50     9.33882          13.1757    
     328192+       118543         16006.51     9.33897          13.1757    
     328268+       118497         16036.53     9.33919          13.1757    
     328332+       118457         16066.59     9.33940          13.1757    
     328385+       118423         16096.65     9.33948          13.1757    
     328430+       118395         16126.67     9.33957          13.1757    
     328489+       118360         16156.68     9.33976          13.1757    
     328554+       118319         16186.68     9.33988          13.1757    
     328582+       118301         16216.71     9.33997          13.1757    
     328653+       118255         16246.77     9.34013          13.1757    
     328687+       118235         16276.83     9.34021          13.1757    
     328737+       118204         16306.88     9.34029          13.1757    
     328784+       118179         16336.91     9.34039          13.1757    
     328843+       118142         16366.91     9.34055          13.1757    
     328884+       118118         16396.89     9.34067          13.1757    
     328910+       118103         16426.89     9.34070          13.1757    
     328981+       118057         16456.95     9.34091          13.1757    
     328999+       118043         16487.03     9.34093          13.1757    
     329037+       118021         16517.15     9.34098          13.1757    
     329055+       118011         16547.12     9.34101          13.1757    
     329128+       117971         16577.17     9.34115          13.1757    
     329189+       117940         16607.24     9.34127          13.1757    
     329263        117901         16637.32     9.34143          13.1757    
     329331+       117860         16667.35     9.34165          13.1757    
     329407+       117823         16697.36     9.34181          13.1757    
     329455+       117798         16727.47     9.34196          13.1757    
     329497+       117776         16757.53     9.34202          13.1757    
     329535+       117755         16787.58     9.34212          13.1757    
     329603+       117720         16817.67     9.34226          13.1757    
     329649+       117697         16847.72     9.34232          13.1757    
     329681+       117680         16877.73     9.34245          13.1757    
     329716+       117656         16907.73     9.34253          13.1757    
     329760+       117624         16937.79     9.34264          13.1757    
     329833+       117580         16967.85     9.34285          13.1757    
     329855        117566         16997.85     9.34291          13.1757    
     329915+       117536         17027.88     9.34299          13.1757    
     329952+       117513         17057.96     9.34305          13.1757    
     330005+       117484         17087.96     9.34311          13.1757    
     330047+       117459         17118.01     9.34320          13.1757    
     330079+       117442         17148.04     9.34326          13.1757    
     330115+       117415         17178.13     9.34330          13.1757    
     330173+       117383         17208.17     9.34353          13.1757    
     330213+       117366         17238.20     9.34368          13.1757    
     330269+       117327         17268.25     9.34383          13.1757    
     330315+       117301         17298.36     9.34390          13.1757    
     330361+       117276         17328.44     9.34404          13.1757    
     330429+       117235         17358.45     9.34423          13.1757    
     330487+       117202         17388.51     9.34426          13.1757    
     330503+       117191         17418.59     9.34429          13.1757    
     330533+       117171         17448.60     9.34433          13.1757    
     330557+       117162         17478.62     9.34445          13.1757    
     330609+       117134         17508.71     9.34458          13.1757    
     330654+       117112         17538.88     9.34470          13.1757    
     330711+       117070         17568.89     9.34484          13.1757    
     330763+       117042         17598.91     9.34501          13.1757    
     330795+       117023         17628.97     9.34513          13.1757    
     330839        116993         17658.96     9.34527          13.1757    
     330870+       116973         17689.03     9.34544          13.1757    
     330904+       116950         17719.11     9.34560          13.1757    
     330917+       116944         17749.17     9.34565          13.1757    
     330945+       116930         17779.18     9.34569          13.1757    
     330997+       116905         17809.17     9.34579          13.1757    
     331085+       116855         17839.21     9.34615          13.1757    
     331124        116831         17869.28     9.34617          13.1757    
     331181+       116801         17899.30     9.34641          13.1757    
     331207+       116789         17929.38     9.34650          13.1757    
     331231+       116775         17959.54     9.34655          13.1757    
     331245+       116771         17989.57     9.34660          13.1757    
     331279        116749         18000.02     9.34667          13.1757    

                    *** Max. allowable time exceeded ***      

 Wall clock time:                 18031.00
 Total CPU time used:             18000.02

 Total no. of BaR iterations:  331279
 Best solution found at node:  121861
 Max. no. of nodes in memory:  121642
 
 All done
===========================================================================
