===========================================================================
 BARON version 18.5.8. Built: WIN-64 Tue May 8 15:02:43 EDT 2018 

 BARON is a product of The Optimization Firm, LLC. http://www.minlp.com/

 If you use this software, please cite publications from
 http://www.minlp.com/about-baron, such as: 

 Kilinc, M. and N. V. Sahinidis, Exploiting integrality in the global
 optimization of mixed-integer nonlinear programming problems in BARON,
 Optimization Methods and Software, 33, 540-562, 2018.
===========================================================================
 This BARON run may utilize the following subsolver(s)
 For LP/MIP: ILOG CPLEX                                      
 For NLP: MINOS, GAMS external NLP, IPOPT, FILTERSD, FILTERSQP
===========================================================================
    The options used in solving the problem are as follows:
       maxtime        =  0.1800E+05
       maxiter        =      -1
       numsol         =       1
       firstfeas      =       0
       cutoff         =  0.1000E+52
       epsa           =  0.1000E-08
       epsr           =  0.1000E-01
       deltaterm      =       0
       deltaa         =  0.1000E+52
       deltar         =  0.1000E+01
       deltat         = -0.1000E+03
       boxtol         =  0.1000E-07
       isoltol        =  0.1000E-03
       absconfeastol  =  0.1000E-04
       relconfeastol  =  0.0000E+00
       absintfeastol  =  0.1000E-04
       relintfeastol  =  0.0000E+00
       results        =       1
       summary        =       1
       times          =       1
       prtimefreq     =  0.3000E+02
       prfreq         = 1000000
       prlevel        =       1
       numprint       =      -1
       numprintdual   =      -1
       lpsol          =       3
       nlpsol         =      -1
       allowminos     =       1
       allowsnopt     =       1
       allowexternal  =       1
       allowipopt     =       1
       allowfiltersd  =       1
       allowfiltersqp =       1
       dolocal        =       1
       numloc         =      -2
       locres         =       0
       pdo            =      -2
       brvarstra      =       0
       brptstra       =       0
       nodesel        =       0
       compiis        =       0
       iisint         =       1
       iisorder       =      -1
       threads        =       1
===========================================================================
 Doing local search
 Solving bounding LP
 Starting multi-start local search
 Done with local search
===========================================================================
  Iteration    Open nodes         Time (s)    Lower bound      Upper bound
*         1             1             5.07      0.00000         57.2134    
*         1             1             5.44     2.01039          28.7672    
          1             1             6.61     2.01039          28.7672    
*         4             3             8.86     2.01039          23.7745    
*         4             3            10.65     2.01039          18.9397    
*        27            19            30.75     2.01039          18.4774    
*        27            19            35.60     2.01039          18.3097    
        114            71            65.68     8.45966          18.3097    
        274+          171            95.16     8.98415          18.3097    
        449           278           124.86     10.1180          18.3097    
        678           403           153.86     11.7663          18.3097    
        919+          531           182.65     14.5239          18.3097    
       1142           667           211.18     14.5278          18.3097    
       1377+          801           239.09     14.6160          18.3097    
       1626           944           266.68     14.7716          18.3097    
       1863          1093           295.50     14.7720          18.3097    
       2112+         1263           324.86     14.7720          18.3097    
       2410          1444           354.31     14.7720          18.3097    
       2660          1562           384.17     14.7720          18.3097    
       2841          1666           471.31     14.7720          18.3097    
       3072          1769           501.22     14.7720          18.3097    
       3408          1933           530.89     14.7720          18.3097    
       3705          2106           560.15     14.7722          18.3097    
       4054          2253           589.67     14.7737          18.3097    
       4322          2392           619.21     14.7737          18.3097    
       4630          2549           648.82     14.7738          18.3097    
       4964          2731           678.46     14.7752          18.3097    
       5306          2937           707.93     14.7752          18.3097    
       5654          3134           737.54     14.7752          18.3097    
       5975          3323           767.04     14.7752          18.3097    
       6275          3510           796.60     14.7752          18.3097    
       6613          3699           826.06     14.7752          18.3097    
       6958          3899           855.60     14.7752          18.3097    
       7274+         4101           885.31     14.7752          18.3097    
       7565          4262           914.81     14.7752          18.3097    
       7896          4452           944.35     14.7752          18.3097    
       8227+         4642           973.96     14.7760          18.3097    
       8528          4832          1002.76     14.7760          18.3097    
       8837          4996          1031.99     14.7770          18.3097    
       9162          5163          1061.38     14.7785          18.3097    
       9441          5310          1090.53     14.7797          18.3097    
       9766          5476          1120.02     14.7813          18.3097    
      10101+         5655          1149.93     14.7825          18.3097    
      10451          5826          1179.91     14.7841          18.3097    
      10826          6006          1209.85     14.7847          18.3097    
      11169          6167          1239.82     14.7873          18.3097    
      11513          6331          1269.72     14.7879          18.3097    
      11851          6505          1299.74     14.7894          18.3097    
      12166          6682          1329.66     14.7902          18.3097    
      12492          6861          1359.61     14.7902          18.3097    
      12859          7050          1389.55     14.7908          18.3097    
      13206          7222          1419.45     14.7928          18.3097    
      13517          7391          1449.44     14.7943          18.3097    
      13822          7552          1479.34     14.7953          18.3097    
      14120          7689          1509.33     14.7973          18.3097    
      14395          7846          1539.32     14.7990          18.3097    
      14710          8024          1569.25     14.8004          18.3097    
      15017          8208          1599.20     14.8021          18.3097    
      15301          8373          1629.06     14.8033          18.3097    
      15563          8520          1659.02     14.8048          18.3097    
      15864          8692          1688.87     14.8049          18.3097    
      16142+         8835          1718.85     14.8066          18.3097    
      16435          9015          1748.82     14.8069          18.3097    
      16726          9194          1778.86     14.8072          18.3097    
      17014          9355          1808.80     14.8073          18.3097    
      17312          9521          1838.78     14.8073          18.3097    
      17646          9709          1868.75     14.8073          18.3097    
      17956          9896          1898.72     14.8073          18.3097    
      18237         10054          1928.91     14.8090          18.3097    
      18519         10216          1958.86     14.8099          18.3097    
      18796         10363          1988.79     14.8102          18.3097    
      19099         10516          2018.75     14.8111          18.3097    
      19438         10684          2048.71     14.8128          18.3097    
      19749         10846          2078.67     14.8147          18.3097    
      20061         11005          2108.63     14.8157          18.3097    
      20418         11182          2138.73     14.8170          18.3097    
      20711         11325          2168.73     14.8183          18.3097    
      21033+        11495          2198.69     14.8191          18.3097    
      21302         11643          2228.68     14.8198          18.3097    
      21583         11796          2258.66     14.8206          18.3097    
      21873         11939          2288.64     14.8213          18.3097    
      22184         12088          2318.61     14.8219          18.3097    
      22516         12232          2348.58     14.8227          18.3097    
      22858         12392          2378.55     14.8244          18.3097    
      23168         12559          2408.55     14.8256          18.3097    
      23489         12701          2438.55     14.8268          18.3097    
      23819         12882          2468.54     14.8287          18.3097    
      24132         13047          2498.54     14.8304          18.3097    
      24476         13199          2528.54     14.8321          18.3097    
      24822         13367          2558.53     14.8336          18.3097    
      25163         13527          2588.51     14.8352          18.3097    
      25528         13659          2618.51     14.8369          18.3097    
      25875+        13814          2648.49     14.8387          18.3097    
      26223         13990          2678.51     14.8402          18.3097    
      26559         14143          2708.50     14.8414          18.3097    
      26939         14306          2738.50     14.8434          18.3097    
      27270         14480          2768.52     14.8451          18.3097    
      27617         14632          2798.52     14.8467          18.3097    
      27999         14764          2828.52     14.8484          18.3097    
      28355         14944          2858.53     14.8492          18.3097    
      28678         15110          2888.55     14.8505          18.3097    
      29070         15276          2918.56     14.8523          18.3097    
      29443         15440          2948.59     14.8533          18.3097    
      29809         15586          2978.57     14.8551          18.3097    
      30165+        15749          3008.56     14.8564          18.3097    
      30510         15921          3038.56     14.8576          18.3097    
      30877         16091          3068.56     14.8587          18.3097    
      31215         16260          3098.54     14.8604          18.3097    
      31596         16445          3128.55     14.8616          18.3097    
      31907         16596          3158.54     14.8624          18.3097    
      32279         16762          3188.52     14.8645          18.3097    
      32619         16922          3218.64     14.8658          18.3097    
      32949         17072          3248.71     14.8667          18.3097    
      33215+        17204          3278.80     14.8682          18.3097    
      33542         17342          3308.83     14.8696          18.3097    
      33911         17484          3338.83     14.8711          18.3097    
      34237+        17644          3368.81     14.8718          18.3097    
      34604         17785          3398.79     14.8732          18.3097    
      35016         17950          3428.81     14.8750          18.3097    
      35331         18086          3458.81     14.8769          18.3097    
      35684         18243          3488.78     14.8785          18.3097    
      36073         18382          3518.77     14.8795          18.3097    
      36443         18521          3548.77     14.8812          18.3097    
      36817         18679          3578.80     14.8827          18.3097    
      37147         18831          3608.79     14.8839          18.3097    
      37477         18993          3638.79     14.8856          18.3097    
      37787         19129          3668.78     14.8869          18.3097    
      38149         19293          3698.77     14.8885          18.3097    
      38531         19435          3728.78     14.8901          18.3097    
      38913         19578          3758.77     14.8909          18.3097    
      39301         19733          3788.92     14.8923          18.3097    
      39653         19878          3818.89     14.8940          18.3097    
      40004+        20035          3848.87     14.8952          18.3097    
      40327+        20169          3878.86     14.8961          18.3097    
      40693         20328          3908.87     14.8978          18.3097    
      41066         20471          3938.88     14.8990          18.3097    
      41412         20642          3968.87     14.9000          18.3097    
      41762         20791          3998.91     14.9013          18.3097    
      42109         20935          4028.93     14.9023          18.3097    
      42496         21088          4058.94     14.9037          18.3097    
      42863+        21226          4088.91     14.9045          18.3097    
      43275+        21336          4118.89     14.9050          18.3097    
      43641         21496          4148.88     14.9063          18.3097    
      44009         21653          4178.89     14.9074          18.3097    
      44371         21801          4208.88     14.9086          18.3097    
      44726         21958          4238.91     14.9095          18.3097    
      45067         22117          4268.94     14.9110          18.3097    
      45450         22262          4298.98     14.9117          18.3097    
      45797         22394          4329.00     14.9130          18.3097    
      46140         22540          4358.98     14.9140          18.3097    
      46478         22683          4388.99     14.9155          18.3097    
      46800         22847          4418.98     14.9162          18.3097    
      47173         22999          4448.99     14.9174          18.3097    
      47532+        23134          4478.98     14.9186          18.3097    
      47870+        23281          4509.12     14.9197          18.3097    
      48215         23452          4539.11     14.9206          18.3097    
      48555         23606          4569.11     14.9217          18.3097    
      48917         23758          4599.10     14.9230          18.3097    
      49281         23908          4629.08     14.9238          18.3097    
      49663+        24059          4659.06     14.9249          18.3097    
      50032         24202          4689.03     14.9258          18.3097    
      50394+        24359          4719.19     14.9267          18.3097    
      50773         24512          4749.19     14.9279          18.3097    
      51141         24668          4779.22     14.9289          18.3097    
      51473         24816          4809.32     14.9299          18.3097    
      51830         24954          4839.32     14.9311          18.3097    
      52197         25108          4869.32     14.9320          18.3097    
      52558         25247          4899.34     14.9330          18.3097    
      52888         25389          4929.32     14.9338          18.3097    
      53229         25528          4959.32     14.9350          18.3097    
      53552         25669          4989.35     14.9358          18.3097    
      53937+        25806          5019.33     14.9366          18.3097    
      54221         25944          5049.33     14.9375          18.3097    
      54565         26070          5079.33     14.9384          18.3097    
      54910+        26213          5109.34     14.9395          18.3097    
      55258         26353          5139.34     14.9404          18.3097    
      55595         26504          5169.36     14.9414          18.3097    
      55918         26667          5199.37     14.9421          18.3097    
      56257         26804          5229.37     14.9429          18.3097    
      56621         26943          5259.40     14.9437          18.3097    
      56970         27077          5289.42     14.9442          18.3097    
      57337+        27220          5319.60     14.9450          18.3097    
      57676         27357          5349.63     14.9457          18.3097    
      58023         27497          5379.63     14.9465          18.3097    
      58367         27650          5409.66     14.9472          18.3097    
      58723         27798          5439.66     14.9480          18.3097    
      59068         27917          5469.63     14.9490          18.3097    
      59405         28053          5499.63     14.9497          18.3097    
      59743         28188          5529.61     14.9507          18.3097    
      60084         28326          5559.59     14.9515          18.3097    
      60423+        28472          5589.58     14.9522          18.3097    
      60770         28597          5619.56     14.9530          18.3097    
      61141         28753          5649.54     14.9537          18.3097    
      61495         28889          5679.59     14.9544          18.3097    
      61836         29029          5709.61     14.9550          18.3097    
      62181         29164          5739.59     14.9558          18.3097    
      62555         29296          5769.60     14.9567          18.3097    
      62919         29426          5799.65     14.9576          18.3097    
      63291         29549          5829.66     14.9583          18.3097    
      63639         29674          5859.68     14.9591          18.3097    
      63989         29820          5889.66     14.9597          18.3097    
      64338         29954          5919.69     14.9603          18.3097    
      64705         30086          5949.69     14.9609          18.3097    
      65050         30213          5979.72     14.9617          18.3097    
      65412         30352          6009.69     14.9622          18.3097    
      65763         30487          6039.64     14.9629          18.3097    
      66119         30619          6069.62     14.9634          18.3097    
      66442         30770          6099.64     14.9642          18.3097    
      66772         30901          6129.61     14.9648          18.3097    
      67134         31054          6159.61     14.9653          18.3097    
      67508         31167          6189.59     14.9661          18.3097    
      67831         31303          6219.60     14.9667          18.3097    
      68228         31433          6249.59     14.9674          18.3097    
      68599         31578          6279.56     14.9683          18.3097    
      68977         31683          6309.54     14.9692          18.3097    
      69340         31806          6339.51     14.9701          18.3097    
      69694         31971          6369.51     14.9707          18.3097    
      70075         32100          6399.52     14.9715          18.3097    
      70430         32241          6429.52     14.9722          18.3097    
      70823         32381          6459.55     14.9729          18.3097    
      71181         32526          6489.56     14.9734          18.3097    
      71531         32687          6519.59     14.9741          18.3097    
      71926         32848          6549.61     14.9746          18.3097    
      72268         32977          6579.84     14.9753          18.3097    
      72645         33088          6609.86     14.9760          18.3097    
      73001         33209          6639.84     14.9766          18.3097    
      73337         33359          6669.85     14.9772          18.3097    
      73687         33495          6699.87     14.9778          18.3097    
      74048         33634          6729.88     14.9785          18.3097    
      74399         33764          6759.88     14.9791          18.3097    
      74770+        33887          6789.91     14.9800          18.3097    
      75107         34026          6819.90     14.9805          18.3097    
      75461         34160          6849.88     14.9812          18.3097    
      75862         34290          6879.86     14.9819          18.3097    
      76227         34433          6909.86     14.9826          18.3097    
      76574         34556          6939.88     14.9832          18.3097    
      76943         34690          6969.86     14.9840          18.3097    
      77297         34816          6999.87     14.9847          18.3097    
      77665         34929          7029.90     14.9854          18.3097    
      78049         35068          7059.89     14.9861          18.3097    
      78425         35205          7089.89     14.9868          18.3097    
      78807         35341          7119.90     14.9872          18.3097    
      79141         35464          7149.90     14.9878          18.3097    
      79488         35595          7179.92     14.9885          18.3097    
      79839         35718          7209.90     14.9891          18.3097    
      80185         35835          7239.93     14.9899          18.3097    
      80552         35955          7269.91     14.9907          18.3097    
      80921         36115          7299.96     14.9913          18.3097    
      81292+        36239          7329.97     14.9920          18.3097    
      81611         36372          7359.97     14.9924          18.3097    
      81953         36512          7389.95     14.9931          18.3097    
      82274         36643          7419.97     14.9937          18.3097    
      82619         36776          7449.95     14.9948          18.3097    
      82993         36892          7479.95     14.9958          18.3097    
      83374         37024          7509.95     14.9966          18.3097    
      83725+        37151          7539.95     14.9974          18.3097    
      84066         37279          7569.95     14.9982          18.3097    
      84408         37413          7599.93     14.9988          18.3097    
      84727         37499          7629.92     14.9996          18.3097    
      85130         37604          7659.91     15.0003          18.3097    
      85466         37721          7689.93     15.0010          18.3097    
      85810         37833          7719.94     15.0016          18.3097    
      86185         37942          7750.02     15.0023          18.3097    
      86524+        38084          7780.18     15.0031          18.3097    
      86849         38213          7810.16     15.0039          18.3097    
      87221         38331          7840.16     15.0044          18.3097    
      87582         38470          7870.16     15.0052          18.3097    
      87964         38591          7900.14     15.0060          18.3097    
      88306         38715          7930.12     15.0069          18.3097    
      88704         38851          7960.12     15.0075          18.3097    
      89063+        38964          7990.11     15.0082          18.3097    
      89406         39069          8020.09     15.0088          18.3097    
      89756         39193          8050.07     15.0092          18.3097    
      90115         39300          8080.09     15.0099          18.3097    
      90471         39425          8110.06     15.0107          18.3097    
      90814         39523          8140.07     15.0113          18.3097    
      91145         39624          8170.08     15.0119          18.3097    
      91489         39747          8200.10     15.0125          18.3097    
      91863         39845          8230.33     15.0133          18.3097    
      92225         39957          8260.32     15.0139          18.3097    
      92543         40078          8290.30     15.0144          18.3097    
      92882         40204          8320.33     15.0152          18.3097    
      93231         40329          8350.31     15.0161          18.3097    
      93619         40467          8380.31     15.0166          18.3097    
      93985         40568          8410.33     15.0176          18.3097    
      94342         40695          8440.33     15.0183          18.3097    
      94697+        40820          8470.28     15.0191          18.3097    
      95037         40917          8500.29     15.0198          18.3097    
      95375         41018          8530.31     15.0206          18.3097    
      95743         41150          8560.34     15.0212          18.3097    
      96090         41256          8590.32     15.0221          18.3097    
      96452         41359          8620.32     15.0226          18.3097    
      96824         41458          8650.30     15.0233          18.3097    
      97213         41548          8680.30     15.0242          18.3097    
      97569         41646          8710.28     15.0250          18.3097    
      97923         41749          8740.28     15.0261          18.3097    
      98247         41856          8770.30     15.0265          18.3097    
      98511         41983          8800.28     15.0266          18.3097    
      98856         42120          8830.33     15.0269          18.3097    
      99197         42231          8860.34     15.0272          18.3097    
      99498         42333          8890.40     15.0275          18.3097    
      99787         42446          8920.43     15.0275          18.3097    
     100120         42540          8950.45     15.0280          18.3097    
     100406         42673          8980.46     15.0283          18.3097    
     100724         42774          9010.45     15.0289          18.3097    
     101084         42886          9040.43     15.0294          18.3097    
     101399         43040          9070.41     15.0298          18.3097    
     101728         43144          9100.46     15.0303          18.3097    
     102083         43284          9130.44     15.0306          18.3097    
     102436         43405          9160.44     15.0311          18.3097    
     102774         43527          9190.49     15.0315          18.3097    
     103147         43649          9220.53     15.0321          18.3097    
     103521         43746          9250.52     15.0328          18.3097    
     103826         43877          9280.50     15.0332          18.3097    
     104114         44000          9310.53     15.0332          18.3097    
     104454         44132          9340.51     15.0332          18.3097    
     104780         44247          9370.51     15.0334          18.3097    
     105063         44397          9400.50     15.0334          18.3097    
     105377         44527          9430.53     15.0335          18.3097    
     105716         44642          9460.52     15.0337          18.3097    
     106017+        44757          9490.51     15.0342          18.3097    
     106354         44873          9520.51     15.0349          18.3097    
     106641         44999          9550.49     15.0351          18.3097    
     106991         45125          9580.71     15.0354          18.3097    
     107304         45255          9610.71     15.0357          18.3097    
     107621         45377          9640.67     15.0362          18.3097    
     107954         45502          9670.69     15.0365          18.3097    
     108294         45678          9700.70     15.0367          18.3097    
     108645         45843          9730.69     15.0369          18.3097    
     108979         45996          9760.72     15.0371          18.3097    
     109311         46111          9790.75     15.0375          18.3097    
     109650         46228          9820.79     15.0380          18.3097    
     109989         46341          9850.85     15.0385          18.3097    
     110326         46481          9880.84     15.0390          18.3097    
     110679         46589          9910.84     15.0397          18.3097    
     111003+        46709          9940.82     15.0402          18.3097    
     111343         46829          9970.88     15.0408          18.3097    
     111687         46954         10000.88     15.0413          18.3097    
     112044         47076         10030.86     15.0416          18.3097    
     112417         47225         10060.94     15.0418          18.3097    
     112794         47366         10090.94     15.0425          18.3097    
     113118         47492         10120.96     15.0430          18.3097    
     113470         47601         10150.94     15.0438          18.3097    
     113858         47715         10180.94     15.0447          18.3097    
     114188         47843         10210.92     15.0454          18.3097    
     114501         47950         10240.97     15.0459          18.3097    
     114838         48081         10270.98     15.0466          18.3097    
     115190         48190         10300.96     15.0473          18.3097    
     115554         48293         10330.96     15.0481          18.3097    
     115892         48407         10360.90     15.0488          18.3097    
     116236+        48527         10390.87     15.0494          18.3097    
     116594         48652         10420.90     15.0500          18.3097    
     116905         48774         10450.88     15.0503          18.3097    
     117265         48870         10480.88     15.0510          18.3097    
     117608         49003         10510.88     15.0517          18.3097    
     117922         49113         10540.88     15.0525          18.3097    
     118231         49226         10570.89     15.0532          18.3097    
     118573         49339         10600.89     15.0538          18.3097    
     118903         49441         10630.86     15.0544          18.3097    
     119255         49554         10660.87     15.0550          18.3097    
     119575         49679         10690.86     15.0559          18.3097    
     119935         49813         10720.84     15.0564          18.3097    
     120274         49942         10750.86     15.0571          18.3097    
     120577         50030         10780.84     15.0578          18.3097    
     120902         50130         10810.84     15.0585          18.3097    
     121264+        50242         10840.84     15.0592          18.3097    
     121566         50351         10870.52     15.0600          18.3097    
     121875         50468         10900.37     15.0606          18.3097    
     122218+        50557         10930.24     15.0612          18.3097    
     122552         50674         10960.51     15.0619          18.3097    
     122884         50779         10990.49     15.0625          18.3097    
     123226         50891         11020.47     15.0631          18.3097    
     123531         51012         11050.46     15.0636          18.3097    
     123865         51135         11080.49     15.0641          18.3097    
     124200         51242         11110.45     15.0648          18.3097    
     124549         51362         11140.45     15.0658          18.3097    
     124887         51479         11170.48     15.0664          18.3097    
     125224         51594         11200.43     15.0672          18.3097    
     125565         51703         11230.39     15.0680          18.3097    
     125881         51823         11260.37     15.0688          18.3097    
     126251         51940         11290.38     15.0695          18.3097    
     126585         52071         11320.35     15.0701          18.3097    
     126913         52192         11350.34     15.0707          18.3097    
     127232         52310         11380.33     15.0715          18.3097    
     127571         52434         11410.32     15.0723          18.3097    
     127930         52549         11440.25     15.0730          18.3097    
     128292         52643         11470.21     15.0738          18.3097    
     128629+        52761         11500.11     15.0743          18.3097    
     128969+        52898         11530.17     15.0748          18.3097    
     129279         53025         11560.14     15.0755          18.3097    
     129611         53150         11590.13     15.0759          18.3097    
     129897         53297         11620.16     15.0763          18.3097    
     130198         53438         11650.17     15.0766          18.3097    
     130524         53556         11680.09     15.0769          18.3097    
     130900         53672         11710.04     15.0774          18.3097    
     131251         53784         11739.92     15.0776          18.3097    
     131579         53892         11769.85     15.0781          18.3097    
     131911         54029         11799.84     15.0786          18.3097    
     132221         54168         11829.79     15.0790          18.3097    
     132511         54308         11859.63     15.0791          18.3097    
     132812         54441         11889.60     15.0794          18.3097    
     133173         54555         11919.77     15.0798          18.3097    
     133518         54704         11950.38     15.0802          18.3097    
     133851         54841         11980.92     15.0805          18.3097    
     134178         54979         12011.55     15.0811          18.3097    
     134616         55096         12042.08     15.0811          18.3097    
     135017         55219         12072.70     15.0815          18.3097    
     135365         55350         12103.26     15.0821          18.3097    
     135777         55485         12133.84     15.0821          18.3097    
     136184         55596         12164.40     15.0822          18.3097    
     136554         55726         12194.96     15.0827          18.3097    
     136891         55837         12225.41     15.0833          18.3097    
     137205+        55961         12255.63     15.0838          18.3097    
     137551         56101         12285.84     15.0842          18.3097    
     137956         56215         12316.12     15.0846          18.3097    
     138346         56298         12346.36     15.0850          18.3097    
     138599         56369         12376.59     15.0854          18.3097    
     138823         56455         12406.87     15.0857          18.3097    
     139119+        56539         12437.07     15.0858          18.3097    
     139423         56646         12467.35     15.0863          18.3097    
     139736         56785         12497.52     15.0865          18.3097    
     140072         56916         12527.69     15.0869          18.3097    
     140392         57067         12557.82     15.0873          18.3097    
     140727+        57195         12588.11     15.0879          18.3097    
     141059         57317         12618.22     15.0880          18.3097    
     141412         57436         12648.36     15.0888          18.3097    
     141787         57558         12678.51     15.0892          18.3097    
     142155         57684         12708.64     15.0894          18.3097    
     142529         57812         12738.75     15.0898          18.3097    
     142918         57919         12768.85     15.0899          18.3097    
     143264         58034         12798.96     15.0903          18.3097    
     143600         58167         12829.05     15.0906          18.3097    
     143960         58280         12859.10     15.0909          18.3097    
     144306         58403         12889.18     15.0914          18.3097    
     144635         58539         12919.27     15.0918          18.3097    
     144996         58643         12949.22     15.0922          18.3097    
     145301         58748         12979.16     15.0928          18.3097    
     145660         58876         13009.08     15.0935          18.3097    
     145998         58997         13038.98     15.0940          18.3097    
     146338         59111         13068.91     15.0945          18.3097    
     146678         59215         13098.81     15.0952          18.3097    
     146992         59328         13128.76     15.0960          18.3097    
     147291         59447         13158.68     15.0965          18.3097    
     147613         59560         13188.61     15.0970          18.3097    
     147968         59666         13218.51     15.0976          18.3097    
     148329         59774         13248.49     15.0982          18.3097    
     148651         59874         13278.52     15.0987          18.3097    
     148986         59991         13308.52     15.0994          18.3097    
     149317         60088         13338.54     15.0997          18.3097    
     149677         60220         13368.52     15.1001          18.3097    
     150034         60340         13398.50     15.1004          18.3097    
     150404         60439         13428.50     15.1006          18.3097    
     150783+        60549         13458.52     15.1011          18.3097    
     151120+        60666         13488.49     15.1016          18.3097    
     151471         60790         13518.47     15.1023          18.3097    
     151824         60899         13548.47     15.1030          18.3097    
     152206         61033         13578.50     15.1035          18.3097    
     152559         61139         13608.54     15.1041          18.3097    
     152873         61270         13638.54     15.1047          18.3097    
     153221         61419         13668.56     15.1051          18.3097    
     153585         61548         13698.57     15.1057          18.3097    
     153928         61664         13728.57     15.1063          18.3097    
     154300         61776         13758.60     15.1069          18.3097    
     154640         61891         13788.65     15.1073          18.3097    
     154983         62006         13818.65     15.1080          18.3097    
     155349         62145         13848.71     15.1084          18.3097    
     155688         62264         13878.74     15.1085          18.3097    
     156056         62393         13908.78     15.1086          18.3097    
     156431         62505         13938.81     15.1092          18.3097    
     156779         62642         13968.88     15.1098          18.3097    
     157148+        62753         13998.80     15.1102          18.3097    
     157471         62867         14028.39     15.1108          18.3097    
     157818         63005         14058.31     15.1113          18.3097    
     158169+        63128         14087.94     15.1116          18.3097    
     158469         63219         14117.64     15.1121          18.3097    
     158785         63328         14147.40     15.1126          18.3097    
     159128         63438         14177.17     15.1130          18.3097    
     159488         63535         14207.03     15.1136          18.3097    
     159818         63637         14236.95     15.1142          18.3097    
     160129         63746         14266.87     15.1146          18.3097    
     160462         63853         14296.74     15.1153          18.3097    
     160774         63959         14326.62     15.1158          18.3097    
     161120         64068         14356.57     15.1163          18.3097    
     161428         64186         14386.62     15.1168          18.3097    
     161742+        64303         14416.60     15.1175          18.3097    
     162089         64405         14446.54     15.1182          18.3097    
     162400         64502         14476.41     15.1188          18.3097    
     162720         64620         14506.42     15.1195          18.3097    
     163032         64718         14536.41     15.1203          18.3097    
     163333         64832         14566.34     15.1211          18.3097    
     163650         64939         14596.33     15.1217          18.3097    
     163981         65045         14626.36     15.1222          18.3097    
     164298         65153         14656.29     15.1227          18.3097    
     164662         65255         14686.37     15.1231          18.3097    
     165022         65369         14716.37     15.1236          18.3097    
     165342         65482         14746.38     15.1240          18.3097    
     165699         65587         14776.38     15.1244          18.3097    
     166177         65676         14806.41     15.1246          18.3097    
     166539         65795         14836.38     15.1247          18.3097    
     166878         65913         14866.40     15.1251          18.3097    
     167234         66008         14896.32     15.1256          18.3097    
     167570         66112         14926.32     15.1262          18.3097    
     167871         66222         14956.33     15.1267          18.3097    
     168203         66335         14986.39     15.1272          18.3097    
     168562         66442         15016.36     15.1278          18.3097    
     168906         66541         15046.30     15.1285          18.3097    
     169257         66647         15076.26     15.1293          18.3097    
     169578         66755         15106.45     15.1302          18.3097    
     169939+        66869         15136.42     15.1309          18.3097    
     170266         66967         15166.39     15.1315          18.3097    
     170560         67077         15196.34     15.1320          18.3097    
     170889         67176         15226.31     15.1327          18.3097    
     171205         67271         15256.23     15.1336          18.3097    
     171521         67377         15286.16     15.1342          18.3097    
     171861         67478         15316.18     15.1349          18.3097    
     172205         67578         15346.22     15.1354          18.3097    
     172511         67688         15376.21     15.1358          18.3097    
     172870         67790         15406.27     15.1364          18.3097    
     173224         67869         15436.30     15.1370          18.3097    
     173561         67971         15466.30     15.1379          18.3097    
     173854         68079         15496.31     15.1386          18.3097    
     174168         68171         15526.37     15.1392          18.3097    
     174507         68258         15556.37     15.1399          18.3097    
     174810         68362         15586.39     15.1406          18.3097    
     175135         68450         15616.40     15.1412          18.3097    
     175452         68539         15646.45     15.1419          18.3097    
     175788         68631         15676.54     15.1427          18.3097    
     176102         68732         15706.55     15.1436          18.3097    
     176419         68815         15736.60     15.1444          18.3097    
     176747         68898         15766.63     15.1450          18.3097    
     177072         68978         15796.68     15.1458          18.3097    
     177426         69069         15826.69     15.1468          18.3097    
     177746         69177         15856.71     15.1473          18.3097    
     178059         69287         15886.74     15.1479          18.3097    
     178370         69389         15916.77     15.1486          18.3097    
     178692         69500         15946.80     15.1492          18.3097    
     179055         69596         15976.83     15.1496          18.3097    
     179403         69707         16006.84     15.1501          18.3097    
     179692         69815         16036.92     15.1503          18.3097    
     180053         69911         16066.95     15.1506          18.3097    
     180390         70026         16096.95     15.1509          18.3097    
     180725         70121         16127.02     15.1516          18.3097    
     181071         70228         16157.02     15.1523          18.3097    
     181417         70340         16187.04     15.1527          18.3097    
     181738         70439         16217.04     15.1531          18.3097    
     182075+        70542         16247.05     15.1535          18.3097    
     182391         70629         16277.08     15.1540          18.3097    
     182710         70724         16307.08     15.1544          18.3097    
     183073         70816         16337.11     15.1551          18.3097    
     183383         70923         16367.11     15.1557          18.3097    
     183697         71013         16397.13     15.1562          18.3097    
     184027         71098         16427.14     15.1565          18.3097    
     184357         71174         16457.22     15.1571          18.3097    
     184642         71279         16487.25     15.1576          18.3097    
     184944         71374         16517.32     15.1582          18.3097    
     185263         71461         16547.35     15.1586          18.3097    
     185593         71578         16577.35     15.1590          18.3097    
     185989         71645         16607.35     15.1594          18.3097    
     186312         71728         16637.40     15.1601          18.3097    
     186620         71838         16667.43     15.1606          18.3097    
     186955         71937         16697.46     15.1611          18.3097    
     187253         72045         16727.47     15.1617          18.3097    
     187573         72129         16757.52     15.1622          18.3097    
     187893         72238         16787.55     15.1626          18.3097    
     188256         72307         16817.56     15.1635          18.3097    
     188578         72428         16847.63     15.1638          18.3097    
     188925         72538         16877.69     15.1643          18.3097    
     189240         72635         16907.73     15.1646          18.3097    
     189578         72723         16937.76     15.1652          18.3097    
     189893         72850         16967.85     15.1655          18.3097    
     190196         72941         16997.88     15.1659          18.3097    
     190500         73049         17027.90     15.1666          18.3097    
     190825+        73139         17057.90     15.1672          18.3097    
     191139         73241         17087.90     15.1678          18.3097    
     191455         73331         17117.93     15.1684          18.3097    
     191770         73423         17147.99     15.1688          18.3097    
     192093         73536         17177.99     15.1692          18.3097    
     192405         73669         17208.00     15.1694          18.3097    
     192754         73791         17238.17     15.1697          18.3097    
     193104         73879         17268.19     15.1703          18.3097    
     193424+        73963         17298.26     15.1707          18.3097    
     193728         74072         17328.28     15.1713          18.3097    
     194055         74175         17358.34     15.1717          18.3097    
     194349         74286         17388.37     15.1723          18.3097    
     194672+        74379         17418.37     15.1729          18.3097    
     194998         74485         17448.42     15.1734          18.3097    
     195301         74583         17478.45     15.1739          18.3097    
     195611         74687         17508.49     15.1743          18.3097    
     195947+        74827         17538.90     15.1746          18.3097    
     196260         74948         17568.93     15.1750          18.3097    
     196589         75059         17598.96     15.1754          18.3097    
     196905         75185         17628.97     15.1757          18.3097    
     197214         75305         17658.99     15.1761          18.3097    
     197511         75405         17688.98     15.1765          18.3097    
     197826         75516         17719.00     15.1770          18.3097    
     198154         75630         17749.06     15.1774          18.3097    
     198445         75738         17779.15     15.1778          18.3097    
     198741         75825         17809.20     15.1783          18.3097    
     199055         75936         17839.24     15.1787          18.3097    
     199396         76018         17869.29     15.1791          18.3097    
     199703         76116         17899.38     15.1796          18.3097    
     200015         76198         17929.43     15.1802          18.3097    
     200349         76309         17959.51     15.1808          18.3097    
     200675         76413         17989.61     15.1812          18.3097    
     200790         76449         18000.00     15.1813          18.3097    

                    *** Max. allowable time exceeded ***      

 Wall clock time:                 18036.00
 Total CPU time used:             18000.00

 Total no. of BaR iterations:  200790
 Best solution found at node:   13532
 Max. no. of nodes in memory:   76449
 
 All done
===========================================================================
