===========================================================================
 BARON version 18.5.8. Built: WIN-64 Tue May 8 15:02:43 EDT 2018 

 BARON is a product of The Optimization Firm, LLC. http://www.minlp.com/

 If you use this software, please cite publications from
 http://www.minlp.com/about-baron, such as: 

 Kilinc, M. and N. V. Sahinidis, Exploiting integrality in the global
 optimization of mixed-integer nonlinear programming problems in BARON,
 Optimization Methods and Software, 33, 540-562, 2018.
===========================================================================
 This BARON run may utilize the following subsolver(s)
 For LP/MIP: ILOG CPLEX                                      
 For NLP: MINOS, GAMS external NLP, IPOPT, FILTERSD, FILTERSQP
===========================================================================
    The options used in solving the problem are as follows:
       maxtime        =  0.1800E+05
       maxiter        =      -1
       numsol         =       1
       firstfeas      =       0
       cutoff         =  0.1000E+52
       epsa           =  0.1000E-08
       epsr           =  0.1000E-01
       deltaterm      =       0
       deltaa         =  0.1000E+52
       deltar         =  0.1000E+01
       deltat         = -0.1000E+03
       boxtol         =  0.1000E-07
       isoltol        =  0.1000E-03
       absconfeastol  =  0.1000E-04
       relconfeastol  =  0.0000E+00
       absintfeastol  =  0.1000E-04
       relintfeastol  =  0.0000E+00
       results        =       1
       summary        =       1
       times          =       1
       prtimefreq     =  0.3000E+02
       prfreq         = 1000000
       prlevel        =       1
       numprint       =      -1
       numprintdual   =      -1
       lpsol          =       3
       nlpsol         =      -1
       allowminos     =       1
       allowsnopt     =       1
       allowexternal  =       1
       allowipopt     =       1
       allowfiltersd  =       1
       allowfiltersqp =       1
       dolocal        =       1
       numloc         =      -2
       locres         =       0
       pdo            =      -2
       brvarstra      =       0
       brptstra       =       0
       nodesel        =       0
       compiis        =       0
       iisint         =       1
       iisorder       =      -1
       threads        =       1
===========================================================================
 Doing local search
 Solving bounding LP
 Starting multi-start local search
 Done with local search
===========================================================================
  Iteration    Open nodes         Time (s)    Lower bound      Upper bound
*         1             1             1.83     1.52355          7.53803    
          1             1             3.51     2.02716          7.53803    
        663+          343            33.85     6.35354          7.53803    
       1558           861            63.18     6.35354          7.53803    
       2397+         1334            92.99     6.35354          7.53803    
       3211+         1813           122.37     6.35357          7.53803    
       3961          2257           151.34     6.35357          7.53803    
       4642          2647           180.90     6.35357          7.53803    
       5220          2968           210.88     6.35357          7.53803    
       5880          3319           240.74     6.35358          7.53803    
       6797+         3812           269.93     6.35590          7.53803    
       7439          4118           299.99     6.36156          7.53803    
       8501          4213           329.79     6.36233          7.53803    
       9381          4560           359.10     6.37265          7.53803    
      10167          4858           388.71     6.38375          7.53803    
      11107          5196           417.86     6.41015          7.53803    
      11862          5446           446.44     6.42718          7.53803    
      12822          5804           475.48     6.45508          7.53803    
      13866          6102           504.21     6.49007          7.53803    
      14737          6265           533.70     6.53933          7.53803    
      15706          6554           564.58     6.58555          7.53803    
      16418          6764           593.55     6.61133          7.53803    
      17514          7356           622.49     6.61133          7.53803    
      18733          7908           652.19     6.61140          7.53803    
      19884          8374           681.96     6.61149          7.53803    
      21201          8849           711.66     6.61155          7.53803    
      22480          9247           741.46     6.61160          7.53803    
      23826          9550           771.32     6.61179          7.53803    
      24943          9849           801.08     6.61480          7.53803    
      26187         10333           830.83     6.61662          7.53803    
      27335         10723           860.61     6.61804          7.53803    
      28697         11243           890.33     6.61948          7.53803    
      30128         11727           921.48     6.61948          7.53803    
      31786         12250           951.12     6.61948          7.53803    
      33601         12869           980.62     6.61948          7.53803    
      35513         13404          1010.14     6.61948          7.53803    
      37301         14094          1039.56     6.61948          7.53803    
      39146         14827          1068.81     6.61948          7.53803    
      41026         15494          1098.37     6.61948          7.53803    
      42918         16019          1127.87     6.61948          7.53803    
      44828+        16460          1157.34     6.61948          7.53803    
      46737+        16915          1187.03     6.61948          7.53803    
      48602         17351          1216.45     6.61948          7.53803    
      50227         17714          1245.96     6.61971          7.53803    
      52047         17996          1275.50     6.62065          7.53803    
      53645         18352          1305.01     6.62225          7.53803    
      55366         18668          1334.56     6.62321          7.53803    
      56595         18932          1364.28     6.62471          7.53803    
      57835+        19236          1395.01     6.62614          7.53803    
      59142         19543          1424.63     6.62907          7.53803    
      60697         20022          1454.19     6.62954          7.53803    
      62178         20267          1483.69     6.63194          7.53803    
      63381+        20566          1513.16     6.63418          7.53803    
      64534         20866          1542.79     6.63499          7.53803    
      65816         21159          1572.46     6.63638          7.53803    
      67051+        21481          1602.24     6.63748          7.53803    
      68192         21838          1631.66     6.63861          7.53803    
      69359         22157          1661.19     6.63900          7.53803    
      70471+        22546          1690.72     6.64021          7.53803    
      71678         22873          1720.32     6.64155          7.53803    
      72991         23187          1749.75     6.64354          7.53803    
      74041         23554          1779.19     6.64557          7.53803    
      75384         23978          1808.63     6.64675          7.53803    
      76611         24333          1838.14     6.64911          7.53803    
      77678         24660          1867.50     6.65071          7.53803    
      79050         25065          1896.93     6.65137          7.53803    
      80105         25304          1926.53     6.65198          7.53803    
      81231         25571          1956.30     6.65310          7.53803    
      82419         25895          1986.30     6.65451          7.53803    
      83741         26245          2016.27     6.65705          7.53803    
      85381         26657          2046.23     6.65766          7.53803    
      86518         26968          2078.06     6.65766          7.53803    
      88054         27214          2108.04     6.65778          7.53803    
      89538         27697          2138.02     6.65786          7.53803    
      91116         28227          2168.02     6.65786          7.53803    
      92646         28693          2198.01     6.65786          7.53803    
      94152         29195          2227.99     6.65786          7.53803    
      95631         29682          2257.97     6.65786          7.53803    
      97214         30026          2287.96     6.65824          7.53803    
      98598         30349          2317.94     6.65860          7.53803    
     100058         30785          2347.91     6.65879          7.53803    
     101395         30993          2377.89     6.65966          7.53803    
     102973         31376          2407.88     6.65995          7.53803    
     104472         31767          2437.86     6.66054          7.53803    
     106021         32241          2467.83     6.66054          7.53803    
     107539         32720          2497.81     6.66054          7.53803    
     109004         33153          2527.78     6.66054          7.53803    
     110421         33453          2557.76     6.66081          7.53803    
     111860         33892          2587.74     6.66085          7.53803    
     113233         34214          2617.73     6.66103          7.53803    
     114530         34446          2647.71     6.66149          7.53803    
     115863         34701          2677.66     6.66150          7.53803    
     116989         34895          2707.66     6.66205          7.53803    
     118273         35080          2737.65     6.66308          7.53803    
     119473+        35380          2767.65     6.66454          7.53803    
     120712         35617          2797.63     6.66602          7.53803    
     121863         35905          2829.09     6.66647          7.53803    
     123176         36229          2859.08     6.66647          7.53803    
     124206         36452          2889.06     6.66831          7.53803    
     125282         36710          2919.04     6.66992          7.53803    
     126429         36964          2949.03     6.67193          7.53803    
     127551         37234          2979.00     6.67412          7.53803    
     128534         37548          3009.18     6.67503          7.53803    
     129490         37767          3039.15     6.67553          7.53803    
     130492         38012          3069.16     6.67646          7.53803    
     131588         38297          3099.15     6.67721          7.53803    
     132369         38585          3129.13     6.67742          7.53803    
     133429         38879          3159.11     6.67755          7.53803    
     134307         39109          3189.10     6.67800          7.53803    
     135655         39570          3219.06     6.67818          7.53803    
     137037         40082          3249.05     6.67818          7.53803    
     138465         40618          3279.03     6.67818          7.53803    
     139799         41033          3309.02     6.67818          7.53803    
     140096+        41017          3339.01     6.67818          7.53803    
     140230         40936          3369.01     6.67818          7.53803    
     140366+        40875          3399.00     6.67818          7.53803    
     141175         41074          3428.98     6.67820          7.53803    
     142514         41552          3458.95     6.67829          7.53803    
     143957         41987          3488.93     6.67829          7.53803    
     145312         42332          3518.91     6.67836          7.53803    
     146490         42560          3548.85     6.67872          7.53803    
     147589         42684          3578.83     6.67954          7.53803    
     148870         43001          3608.80     6.67998          7.53803    
     150065         43291          3638.79     6.68046          7.53803    
     151207         43492          3668.77     6.68118          7.53803    
     152267         43697          3698.71     6.68234          7.53803    
     153280         43947          3728.70     6.68386          7.53803    
     154352         44237          3758.67     6.68411          7.53803    
     155287         44411          3789.12     6.68521          7.53803    
     156221         44710          3819.11     6.68610          7.53803    
     157236         44956          3849.07     6.68787          7.53803    
     158253         45201          3880.01     6.68932          7.53803    
     159470         45508          3909.99     6.68976          7.53803    
     160472         45765          3939.98     6.69021          7.53803    
     161746         46257          3969.98     6.69035          7.53803    
     163028         46615          3999.97     6.69035          7.53803    
     164204         46893          4029.94     6.69072          7.53803    
     165133         47083          4059.91     6.69183          7.53803    
     166152         47317          4089.91     6.69364          7.53803    
     167276         47623          4119.86     6.69475          7.53803    
     168200         47859          4149.83     6.69475          7.53803    
     169201         48136          4180.14     6.69475          7.53803    
     170199         48282          4210.40     6.69475          7.53803    
     171222         48403          4240.39     6.69571          7.53803    
     172210         48640          4270.37     6.69613          7.53803    
     173170         48889          4300.36     6.69775          7.53803    
     174134         49119          4330.31     6.69891          7.53803    
     175349         49441          4360.24     6.69891          7.53803    
     176350         49634          4390.24     6.69922          7.53803    
     177222         49933          4420.23     6.69927          7.53803    
     178214         50197          4450.23     6.69955          7.53803    
     179306         50351          4480.21     6.70016          7.53803    
     180506         50471          4510.21     6.70087          7.53803    
     181545         50649          4540.18     6.70279          7.53803    
     182425         50912          4570.17     6.70453          7.53803    
     183367         51096          4600.17     6.70615          7.53803    
     184254         51323          4630.36     6.70697          7.53803    
     185285         51532          4660.33     6.70814          7.53803    
     186223         51735          4690.29     6.70967          7.53803    
     187153         51914          4720.28     6.71131          7.53803    
     188154         52323          4750.23     6.71167          7.53803    
     189366         52754          4780.23     6.71167          7.53803    
     190548         53129          4810.23     6.71167          7.53803    
     191678         53468          4840.21     6.71167          7.53803    
     192850         53863          4870.20     6.71167          7.53803    
     194115         54211          4900.19     6.71167          7.53803    
     195236         54581          4930.15     6.71173          7.53803    
     196278         54848          4960.11     6.71212          7.53803    
     197242         55062          4990.08     6.71282          7.53803    
     198108         55262          5020.07     6.71377          7.53803    
     199036         55538          5050.05     6.71469          7.53803    
     199949         55752          5080.05     6.71613          7.53803    
     200978         55970          5110.05     6.71758          7.53803    
     201857+        56233          5140.15     6.71863          7.53803    
     202598         56557          5170.15     6.71867          7.53803    
     203545         56899          5200.14     6.71867          7.53803    
     204447         57099          5230.11     6.71867          7.53803    
     205412         57362          5260.07     6.71875          7.53803    
     206296         57548          5290.06     6.71883          7.53803    
     207259         57696          5320.02     6.71936          7.53803    
     208170         57888          5350.04     6.72050          7.53803    
     209044         58108          5380.02     6.72161          7.53803    
     209818         58318          5409.99     6.72287          7.53803    
     210734         58549          5439.99     6.72391          7.53803    
     211791         58785          5469.96     6.72512          7.53803    
     212915         59042          5499.96     6.72626          7.53803    
     213878         59328          5529.88     6.72707          7.53803    
     214930         59574          5559.86     6.72707          7.53803    
     215990         59903          5589.84     6.72707          7.53803    
     217042         60315          5619.83     6.72707          7.53803    
     218095         60737          5649.81     6.72707          7.53803    
     219188         61188          5679.78     6.72707          7.53803    
     220339         61591          5709.78     6.72707          7.53803    
     221510         61979          5739.76     6.72707          7.53803    
     222686         62274          5769.76     6.72707          7.53803    
     223790+        62548          5799.81     6.72707          7.53803    
     224262+        62630          5829.79     6.72710          7.53803    
     224349+        62597          5859.77     6.72715          7.53803    
     224459+        62552          5889.83     6.72721          7.53803    
     224618         62504          5919.83     6.72734          7.53803    
     224811+        62443          5949.83     6.72748          7.53803    
     224992+        62388          5979.86     6.72759          7.53803    
     225191+        62328          6009.88     6.72775          7.53803    
     225419+        62294          6039.88     6.72796          7.53803    
     225587         62253          6069.86     6.72823          7.53803    
     225723+        62216          6099.89     6.72843          7.53803    
     225905+        62187          6130.00     6.72880          7.53803    
     226062+        62170          6160.01     6.72893          7.53803    
     226245         62130          6190.01     6.72916          7.53803    
     226397+        62117          6220.01     6.72926          7.53803    
     226542         62099          6249.99     6.72956          7.53803    
     227221         62247          6279.98     6.73071          7.53803    
     228120         62477          6310.69     6.73153          7.53803    
     229020         62701          6340.65     6.73154          7.53803    
     229991         62999          6370.64     6.73168          7.53803    
     231124         63342          6400.63     6.73168          7.53803    
     232327         63504          6430.61     6.73168          7.53803    
     233332         63714          6461.03     6.73168          7.53803    
     234255         63841          6491.01     6.73246          7.53803    
     235064         64004          6521.00     6.73328          7.53803    
     235888         64188          6550.98     6.73454          7.53803    
     236780         64390          6580.96     6.73593          7.53803    
     237765         64607          6610.96     6.73728          7.53803    
     238804         64878          6640.96     6.73728          7.53803    
     240050         65206          6670.95     6.73728          7.53803    
     241265         65489          6700.93     6.73728          7.53803    
     242309         65723          6730.91     6.73728          7.53803    
     243198         65949          6760.91     6.73728          7.53803    
     244350         66261          6790.86     6.73728          7.53803    
     245385         66525          6820.86     6.73728          7.53803    
     246454         66876          6850.81     6.73728          7.53803    
     247418+        67189          6880.83     6.73728          7.53803    
     247552+        67110          6910.83     6.73728          7.53803    
     247663+        67034          6940.80     6.73728          7.53803    
     247801+        66966          6970.80     6.73729          7.53803    
     248206         67063          7000.79     6.73730          7.53803    
     249191         67369          7030.76     6.73732          7.53803    
     250225         67672          7060.76     6.73732          7.53803    
     251259         67959          7090.76     6.73734          7.53803    
     252182         68128          7120.70     6.73755          7.53803    
     253174         68322          7150.60     6.73809          7.53803    
     254090         68585          7180.59     6.73849          7.53803    
     254998         68798          7210.60     6.73898          7.53803    
     255795         69005          7240.60     6.73951          7.53803    
     256527+        69235          7270.58     6.73991          7.53803    
     257411         69403          7300.57     6.74094          7.53803    
     258274         69589          7330.56     6.74186          7.53803    
     259084         69757          7360.58     6.74281          7.53803    
     259880         69932          7390.55     6.74355          7.53803    
     260504         70040          7420.53     6.74429          7.53803    
     260650+        70014          7450.53     6.74454          7.53803    
     260759         69987          7480.54     6.74474          7.53803    
     260964         69979          7510.51     6.74501          7.53803    
     261150+        69927          7540.45     6.74544          7.53803    
     261275+        69902          7570.46     6.74568          7.53803    
     261737         69987          7600.42     6.74631          7.53803    
     262568         70257          7630.40     6.74737          7.53803    
     263369         70474          7660.35     6.74821          7.53803    
     264177         70693          7690.33     6.74895          7.53803    
     264998         70907          7720.38     6.74991          7.53803    
     265762         71113          7750.36     6.75073          7.53803    
     266563         71294          7780.35     6.75171          7.53803    
     267221         71454          7810.31     6.75241          7.53803    
     267991         71632          7840.30     6.75331          7.53803    
     268789         71796          7870.28     6.75436          7.53803    
     269600         72005          7900.25     6.75521          7.53803    
     270560         72235          7930.23     6.75573          7.53803    
     271408         72408          7960.23     6.75666          7.53803    
     272192+        72589          7990.34     6.75693          7.53803    
     273141         72772          8020.32     6.75794          7.53803    
     273990         72946          8050.31     6.75865          7.53803    
     274822         73123          8080.29     6.75998          7.53803    
     275552         73350          8110.30     6.76057          7.53803    
     276317         73578          8140.29     6.76092          7.53803    
     277170         73784          8170.29     6.76092          7.53803    
     277695         73840          8200.29     6.76092          7.53803    
     277853         73840          8230.32     6.76104          7.53803    
     278285         73858          8260.28     6.76157          7.53803    
     279046         74089          8290.27     6.76205          7.53803    
     279854         74342          8320.24     6.76225          7.53803    
     280817         74771          8350.20     6.76225          7.53803    
     281783         75069          8380.19     6.76225          7.53803    
     282899         75238          8410.17     6.76225          7.53803    
     283790         75454          8440.12     6.76227          7.53803    
     284730         75640          8470.06     6.76247          7.53803    
     285717         75801          8500.04     6.76266          7.53803    
     286715         75993          8530.03     6.76295          7.53803    
     287701         76209          8560.01     6.76330          7.53803    
     288496         76428          8590.02     6.76381          7.53803    
     289347         76599          8619.98     6.76427          7.53803    
     290170         76797          8649.96     6.76462          7.53803    
     290987         76979          8679.93     6.76542          7.53803    
     291758         77203          8709.91     6.76581          7.53803    
     292536         77501          8739.88     6.76611          7.53803    
     293318         77772          8769.85     6.76660          7.53803    
     294075         77964          8799.83     6.76740          7.53803    
     294880         78206          8829.83     6.76796          7.53803    
     295718         78390          8859.80     6.76874          7.53803    
     296486         78557          8889.81     6.76954          7.53803    
     297288         78709          8919.83     6.77051          7.53803    
     298047         79014          8949.81     6.77071          7.53803    
     298857         79277          8979.79     6.77071          7.53803    
     299735         79550          9009.78     6.77071          7.53803    
     300593         79842          9039.76     6.77071          7.53803    
     301378         80110          9069.76     6.77078          7.53803    
     302152         80250          9099.76     6.77139          7.53803    
     302419+        80273          9129.76     6.77150          7.53803    
     302916         80416          9159.66     6.77161          7.53803    
     303694         80617          9189.63     6.77206          7.53803    
     304383         80780          9219.63     6.77267          7.53803    
     305178         80944          9249.64     6.77320          7.53803    
     305990         81088          9279.64     6.77376          7.53803    
     306728         81257          9309.63     6.77426          7.53803    
     307519         81473          9340.76     6.77469          7.53803    
     308101         81620          9370.76     6.77502          7.53803    
     308719         81747          9400.75     6.77563          7.53803    
     309454         81920          9430.78     6.77628          7.53803    
     310129         82121          9460.79     6.77701          7.53803    
     310875         82310          9490.79     6.77785          7.53803    
     311559         82474          9520.79     6.77840          7.53803    
     312270         82671          9550.79     6.77886          7.53803    
     312911         82806          9580.80     6.77934          7.53803    
     313065         82778          9610.82     6.77955          7.53803    
     313215+        82775          9640.83     6.77975          7.53803    
     313333         82770          9670.81     6.77988          7.53803    
     313573+        82781          9700.83     6.78021          7.53803    
     313757         82757          9730.81     6.78039          7.53803    
     314498         82950          9760.79     6.78119          7.53803    
     315253         83097          9790.78     6.78173          7.53803    
     315988         83284          9820.81     6.78237          7.53803    
     316634         83451          9850.79     6.78296          7.53803    
     317299         83638          9880.78     6.78365          7.53803    
     317987         83833          9910.76     6.78429          7.53803    
     318570         84020          9940.73     6.78434          7.53803    
     319352         84203          9970.71     6.78483          7.53803    
     320231         84336         10000.68     6.78484          7.53803    
     321113         84542         10030.68     6.78515          7.53803    
     321837         84681         10060.68     6.78565          7.53803    
     322776         84774         10090.71     6.78569          7.53803    
     323570         84987         10120.69     6.78602          7.53803    
     324325         85145         10150.67     6.78632          7.53803    
     325255         85456         10180.66     6.78632          7.53803    
     326182         85637         10210.66     6.78632          7.53803    
     327106         85767         10240.64     6.78655          7.53803    
     328005         85975         10270.61     6.78687          7.53803    
     328893         86208         10300.64     6.78703          7.53803    
     329690         86306         10330.64     6.78757          7.53803    
     330503         86584         10360.67     6.78757          7.53803    
     331065+        86702         10390.63     6.78757          7.53803    
     331263+        86696         10420.65     6.78757          7.53803    
     331421+        86653         10450.63     6.78764          7.53803    
     331557         86594         10480.68     6.78780          7.53803    
     331717         86538         10510.66     6.78801          7.53803    
     331881+        86456         10540.60     6.78821          7.53803    
     332007         86389         10570.57     6.78836          7.53803    
     332151         86340         10600.55     6.78861          7.53803    
     332886         86535         10630.55     6.78899          7.53803    
     333638         86692         10660.53     6.78932          7.53803    
     334448         86840         10690.53     6.78953          7.53803    
     335187         86934         10721.62     6.79025          7.53803    
     335835         87137         10751.60     6.79045          7.53803    
     336582         87322         10781.85     6.79050          7.53803    
     337578         87472         10811.87     6.79055          7.53803    
     338405         87608         10841.87     6.79081          7.53803    
     339163         87740         10871.87     6.79130          7.53803    
     339922         87926         10901.88     6.79196          7.53803    
     340743         88116         10931.89     6.79205          7.53803    
     341488         88280         10961.89     6.79227          7.53803    
     342147         88477         10991.91     6.79265          7.53803    
     342888         88671         11021.86     6.79316          7.53803    
     343575         88903         11051.84     6.79325          7.53803    
     344189         89147         11081.83     6.79335          7.53803    
     344878         89320         11111.83     6.79351          7.53803    
     345463         89497         11141.84     6.79393          7.53803    
     346219         89751         11171.81     6.79405          7.53803    
     346875         89952         11201.95     6.79462          7.53803    
     347540         90115         11231.95     6.79522          7.53803    
     348210         90283         11261.93     6.79578          7.53803    
     348886         90463         11291.93     6.79657          7.53803    
     349565         90628         11321.96     6.79713          7.53803    
     350229         90809         11351.96     6.79771          7.53803    
     350920         90946         11381.97     6.79847          7.53803    
     351576         91129         11411.94     6.79870          7.53803    
     352288         91336         11441.92     6.79911          7.53803    
     352910         91574         11471.92     6.79918          7.53803    
     353553         91753         11501.94     6.79934          7.53803    
     354208+        91934         11532.03     6.79965          7.53803    
     354962         92124         11562.01     6.79992          7.53803    
     355789         92259         11592.00     6.80011          7.53803    
     356458         92438         11622.00     6.80051          7.53803    
     357146         92637         11651.96     6.80072          7.53803    
     357771         92778         11681.95     6.80117          7.53803    
     358425         92927         11711.90     6.80179          7.53803    
     359003         93108         11741.84     6.80219          7.53803    
     359635         93340         11771.83     6.80251          7.53803    
     360319         93553         11801.85     6.80251          7.53803    
     360984         93723         11831.86     6.80264          7.53803    
     361654         93928         11861.86     6.80291          7.53803    
     362260         94143         11891.85     6.80296          7.53803    
     362873         94304         11921.88     6.80319          7.53803    
     363485         94479         11951.86     6.80367          7.53803    
     364078         94656         11981.84     6.80408          7.53803    
     364867         94835         12011.84     6.80408          7.53803    
     365678         94957         12041.84     6.80432          7.53803    
     366287         95155         12071.86     6.80454          7.53803    
     366942+        95293         12102.01     6.80483          7.53803    
     367650         95529         12132.01     6.80517          7.53803    
     368295         95663         12162.01     6.80557          7.53803    
     369047         95867         12191.98     6.80587          7.53803    
     369695         96040         12221.95     6.80642          7.53803    
     370398         96192         12251.96     6.80682          7.53803    
     370949         96377         12281.94     6.80712          7.53803    
     371576         96498         12311.96     6.80772          7.53803    
     372225+        96682         12341.96     6.80800          7.53803    
     372949         96901         12371.94     6.80815          7.53803    
     373671         97083         12401.91     6.80815          7.53803    
     374434         97290         12431.91     6.80815          7.53803    
     375226         97464         12461.89     6.80815          7.53803    
     376066         97647         12491.87     6.80815          7.53803    
     376836         97761         12521.87     6.80815          7.53803    
     377520         97900         12551.86     6.80838          7.53803    
     378185         98016         12581.87     6.80896          7.53803    
     378815         98157         12611.85     6.80938          7.53803    
     379411         98331         12641.85     6.80956          7.53803    
     380082         98517         12671.87     6.80969          7.53803    
     380690         98731         12701.87     6.80969          7.53803    
     381309         98890         12731.85     6.80985          7.53803    
     381947         99073         12761.82     6.80998          7.53803    
     382588         99220         12791.82     6.81008          7.53803    
     383172         99377         12821.78     6.81033          7.53803    
     383758         99533         12851.77     6.81080          7.53803    
     384356         99694         12881.75     6.81107          7.53803    
     385084+        99881         12911.75     6.81144          7.53803    
     385718        100024         12941.75     6.81194          7.53803    
     386367        100150         12971.72     6.81232          7.53803    
     387029        100290         13001.68     6.81283          7.53803    
     387683        100449         13031.70     6.81324          7.53803    
     388238        100562         13061.68     6.81339          7.53803    
     388845        100749         13091.70     6.81353          7.53803    
     389450        100931         13121.71     6.81369          7.53803    
     390136        101073         13151.73     6.81393          7.53803    
     390775        101185         13181.73     6.81426          7.53803    
     391345        101344         13211.72     6.81463          7.53803    
     392000        101463         13241.71     6.81517          7.53803    
     392627        101610         13271.69     6.81549          7.53803    
     393172        101858         13301.72     6.81549          7.53803    
     393726        102096         13331.71     6.81569          7.53803    
     394329        102281         13361.67     6.81612          7.53803    
     394962        102465         13391.67     6.81645          7.53803    
     395569        102628         13421.67     6.81680          7.53803    
     396204        102751         13451.67     6.81718          7.53803    
     396773        102912         13481.64     6.81754          7.53803    
     397366        103100         13511.67     6.81787          7.53803    
     397895        103277         13541.70     6.81821          7.53803    
     398457        103456         13571.71     6.81858          7.53803    
     399014        103616         13601.74     6.81894          7.53803    
     399635        103815         13631.71     6.81931          7.53803    
     400359        104021         13661.68     6.81942          7.53803    
     400951        104180         13691.63     6.81964          7.53803    
     401580        104398         13722.83     6.81964          7.53803    
     402232        104559         13754.16     6.81978          7.53803    
     402873        104676         13785.12     6.81993          7.53803    
     403467        104831         13815.11     6.82023          7.53803    
     404015        104966         13845.10     6.82063          7.53803    
     404672        105079         13875.13     6.82103          7.53803    
     405238        105228         13905.10     6.82151          7.53803    
     405810        105402         13935.15     6.82182          7.53803    
     406373        105573         13965.18     6.82216          7.53803    
     406962        105757         13995.16     6.82231          7.53803    
     407635        105948         14025.13     6.82235          7.53803    
     408225        106142         14055.13     6.82260          7.53803    
     408814        106262         14085.11     6.82297          7.53803    
     409379        106451         14115.11     6.82334          7.53803    
     409951        106646         14145.08     6.82347          7.53803    
     410572        106833         14175.11     6.82352          7.53803    
     411097        106985         14205.09     6.82362          7.53803    
     411679        107154         14235.04     6.82373          7.53803    
     412277        107320         14265.06     6.82376          7.53803    
     412896        107470         14295.01     6.82386          7.53803    
     413515        107618         14324.93     6.82408          7.53803    
     414275        107781         14354.92     6.82411          7.53803    
     414895        107895         14384.90     6.82451          7.53803    
     415478        108070         14414.90     6.82482          7.53803    
     416177        108242         14444.87     6.82482          7.53803    
     416918        108285         14474.90     6.82499          7.53803    
     417510        108455         14504.97     6.82524          7.53803    
     418171        108669         14534.97     6.82541          7.53803    
     418877        108902         14564.94     6.82541          7.53803    
     419575        109118         14594.97     6.82541          7.53803    
     420271        109329         14624.95     6.82550          7.53803    
     420969        109442         14654.91     6.82580          7.53803    
     421597        109521         14684.86     6.82614          7.53803    
     422182        109665         14714.86     6.82618          7.53803    
     422698        109776         14744.86     6.82636          7.53803    
     423198        109864         14774.84     6.82658          7.53803    
     423882        110051         14804.84     6.82667          7.53803    
     424551        110254         14834.81     6.82667          7.53803    
     425172        110402         14864.79     6.82697          7.53803    
     425784        110519         14894.77     6.82733          7.53803    
     426479        110681         14924.72     6.82735          7.53803    
     427156        110831         14954.71     6.82735          7.53803    
     427885        110908         14984.71     6.82751          7.53803    
     428506        111072         15014.69     6.82775          7.53803    
     429217        111185         15044.67     6.82790          7.53803    
     429883        111237         15074.64     6.82816          7.53803    
     430505        111339         15104.63     6.82838          7.53803    
     431089        111501         15134.62     6.82851          7.53803    
     431669        111601         15164.64     6.82875          7.53803    
     432241        111747         15194.62     6.82905          7.53803    
     432876        111862         15224.61     6.82942          7.53803    
     433508        112013         15254.59     6.82973          7.53803    
     434065        112156         15284.65     6.83008          7.53803    
     434626        112349         15314.63     6.83038          7.53803    
     435240        112544         15344.65     6.83038          7.53803    
     435934        112684         15374.62     6.83038          7.53803    
     436568        112778         15404.60     6.83055          7.53803    
     437186        112878         15434.58     6.83082          7.53803    
     437753        113040         15464.57     6.83101          7.53803    
     438311        113172         15494.55     6.83129          7.53803    
     438837        113313         15524.52     6.83161          7.53803    
     439422        113440         15554.55     6.83191          7.53803    
     439992        113567         15584.52     6.83219          7.53803    
     440564        113715         15614.55     6.83254          7.53803    
     441189        113899         15644.53     6.83270          7.53803    
     441819        114097         15674.54     6.83270          7.53803    
     442461        114250         15704.54     6.83270          7.53803    
     443067        114407         15734.54     6.83271          7.53803    
     443664        114550         15764.51     6.83281          7.53803    
     444305        114733         15794.54     6.83281          7.53803    
     444876        114931         15824.55     6.83281          7.53803    
     445491        115100         15854.57     6.83281          7.53803    
     446106        115266         15884.54     6.83282          7.53803    
     446679        115481         15914.49     6.83282          7.53803    
     447291        115676         15944.47     6.83284          7.53803    
     447869        115929         15974.47     6.83284          7.53803    
     448456        116146         16004.45     6.83284          7.53803    
     449021        116357         16034.44     6.83284          7.53803    
     449648        116542         16064.41     6.83284          7.53803    
     450267        116752         16094.39     6.83284          7.53803    
     450897        116944         16124.36     6.83284          7.53803    
     451566        117119         16154.37     6.83284          7.53803    
     452189        117287         16184.42     6.83284          7.53803    
     452789        117474         16214.43     6.83284          7.53803    
     453395        117680         16244.45     6.83284          7.53803    
     454016        117852         16274.46     6.83284          7.53803    
     454621        118031         16304.49     6.83284          7.53803    
     455211        118204         16334.52     6.83284          7.53803    
     455838        118375         16364.54     6.83284          7.53803    
     456436        118535         16394.58     6.83288          7.53803    
     457022        118714         16424.61     6.83298          7.53803    
     457610        118838         16454.61     6.83314          7.53803    
     458201        118996         16484.64     6.83332          7.53803    
     458780        119106         16514.61     6.83359          7.53803    
     459350        119276         16544.59     6.83374          7.53803    
     459986        119424         16574.62     6.83374          7.53803    
     460612        119598         16604.64     6.83385          7.53803    
     461188        119752         16634.67     6.83403          7.53803    
     461735        119856         16664.68     6.83428          7.53803    
     462294        119988         16694.67     6.83450          7.53803    
     462877        120084         16724.71     6.83474          7.53803    
     463371+       120161         16754.70     6.83493          7.53803    
     463416+       120160         16784.68     6.83497          7.53803    
     463528+       120138         16814.74     6.83505          7.53803    
     463618+       120131         16844.74     6.83511          7.53803    
     463746        120126         16874.77     6.83520          7.53803    
     463854+       120116         16904.80     6.83527          7.53803    
     463976+       120107         16934.78     6.83536          7.53803    
     464089+       120102         16964.88     6.83542          7.53803    
     464165+       120076         16994.92     6.83545          7.53803    
     464249+       120065         17025.00     6.83551          7.53803    
     464372        120054         17055.03     6.83557          7.53803    
     464476        120046         17085.01     6.83563          7.53803    
     464615        120035         17115.09     6.83575          7.53803    
     464745        120025         17145.15     6.83582          7.53803    
     464868+       120010         17175.24     6.83590          7.53803    
     464981+       120009         17205.26     6.83600          7.53803    
     465053        120006         17235.30     6.83604          7.53803    
     465132+       119991         17265.35     6.83609          7.53803    
     465225+       119964         17295.39     6.83615          7.53803    
     465338        119947         17325.39     6.83624          7.53803    
     465456        119949         17355.39     6.83634          7.53803    
     465563        119926         17385.48     6.83641          7.53803    
     465697        119923         17415.56     6.83651          7.53803    
     466183        120117         17445.58     6.83651          7.53803    
     466764        120335         17475.56     6.83651          7.53803    
     467368        120529         17505.76     6.83651          7.53803    
     467947        120742         17535.73     6.83651          7.53803    
     468518        120960         17565.71     6.83651          7.53803    
     469105        121180         17595.68     6.83651          7.53803    
     469701        121433         17625.66     6.83651          7.53803    
     470321        121610         17655.66     6.83651          7.53803    
     470914        121795         17685.66     6.83651          7.53803    
     471508        121993         17715.63     6.83651          7.53803    
     472127        122151         17745.68     6.83651          7.53803    
     472722        122303         17775.66     6.83653          7.53803    
     473273        122434         17805.69     6.83680          7.53803    
     473842        122607         17835.67     6.83694          7.53803    
     474532        122776         17865.66     6.83694          7.53803    
     475277        122897         17895.62     6.83694          7.53803    
     475887        123060         17925.54     6.83694          7.53803    
     476459        123233         17955.56     6.83694          7.53803    
     477089        123408         17985.54     6.83694          7.53803    
     477403        123462         18000.00     6.83706          7.53803    

                    *** Max. allowable time exceeded ***      

 Wall clock time:                 18052.00
 Total CPU time used:             18000.00

 Total no. of BaR iterations:  477403
 Best solution found at node:  160377
 Max. no. of nodes in memory:  123468
 
 All done
===========================================================================
