===========================================================================
 BARON version 18.5.8. Built: WIN-64 Tue May 8 15:02:43 EDT 2018 

 BARON is a product of The Optimization Firm, LLC. http://www.minlp.com/

 If you use this software, please cite publications from
 http://www.minlp.com/about-baron, such as: 

 Kilinc, M. and N. V. Sahinidis, Exploiting integrality in the global
 optimization of mixed-integer nonlinear programming problems in BARON,
 Optimization Methods and Software, 33, 540-562, 2018.
===========================================================================
 This BARON run may utilize the following subsolver(s)
 For LP/MIP: ILOG CPLEX                                      
 For NLP: MINOS, GAMS external NLP, IPOPT, FILTERSD, FILTERSQP
===========================================================================
    The options used in solving the problem are as follows:
       maxtime        =  0.1800E+05
       maxiter        =      -1
       numsol         =       1
       firstfeas      =       0
       cutoff         =  0.1000E+52
       epsa           =  0.1000E-08
       epsr           =  0.1000E-01
       deltaterm      =       0
       deltaa         =  0.1000E+52
       deltar         =  0.1000E+01
       deltat         = -0.1000E+03
       boxtol         =  0.1000E-07
       isoltol        =  0.1000E-03
       absconfeastol  =  0.1000E-04
       relconfeastol  =  0.0000E+00
       absintfeastol  =  0.1000E-04
       relintfeastol  =  0.0000E+00
       results        =       1
       summary        =       1
       times          =       1
       prtimefreq     =  0.3000E+02
       prfreq         = 1000000
       prlevel        =       1
       numprint       =      -1
       numprintdual   =      -1
       lpsol          =       3
       nlpsol         =      -1
       allowminos     =       1
       allowsnopt     =       1
       allowexternal  =       1
       allowipopt     =       1
       allowfiltersd  =       1
       allowfiltersqp =       1
       dolocal        =       1
       numloc         =      -2
       locres         =       0
       pdo            =      -2
       brvarstra      =       0
       brptstra       =       0
       nodesel        =       0
       compiis        =       0
       iisint         =       1
       iisorder       =      -1
       threads        =       1
===========================================================================
 Doing local search
 Solving bounding LP
 Starting multi-start local search
 Done with local search
===========================================================================
  Iteration    Open nodes         Time (s)    Lower bound      Upper bound
*         1             1             4.63     2.02355          9.81225    
*         1             1             4.82     2.59961          9.81215    
*         1             1             5.15     2.59961          9.80063    
          1             1             5.37     2.59961          9.80063    
        568           289            34.93     8.56160          9.80063    
       1369           711            64.63     8.56160          9.80063    
       2229          1174            94.18     8.56161          9.80063    
       3095          1642           123.58     8.56300          9.80063    
       3855          2043           155.42     8.58087          9.80063    
       4664          2343           184.56     8.65277          9.80063    
       5549          2614           213.86     8.83256          9.80063    
       6421          3057           242.83     8.84694          9.80063    
       7556          3625           272.02     8.84694          9.80063    
       8984          3985           301.71     8.84694          9.80063    
      10398          4354           331.39     8.84694          9.80063    
      11712          4754           362.66     8.84707          9.80063    
      13122          5294           392.11     8.84712          9.80063    
      14597          5779           421.47     8.84716          9.80063    
      15970          6191           450.87     8.84719          9.80063    
      17277          6600           480.31     8.84723          9.80063    
      18668          6943           509.76     8.84745          9.80063    
      20111          7344           539.14     8.85120          9.80063    
      21330          7758           568.50     8.85368          9.80063    
      22330          8156           597.16     8.85504          9.80063    
      23478          8628           626.45     8.85519          9.80063    
      24782          9094           656.11     8.85546          9.80063    
      26075          9542           685.86     8.85671          9.80063    
      27383          9910           715.73     8.85895          9.80063    
      28598         10336           745.51     8.86202          9.80063    
      29732         10764           775.26     8.86456          9.80063    
      30765+        11139           806.15     8.86758          9.80063    
      31649         11472           835.99     8.87229          9.80063    
      32705         11869           865.54     8.87668          9.80063    
      33655         12203           895.31     8.87816          9.80063    
      34611         12583           925.12     8.88272          9.80063    
      35698         12994           954.66     8.88615          9.80063    
      36729         13340           984.41     8.89322          9.80063    
      37683         13721          1015.32     8.89876          9.80063    
      38740         14064          1045.39     8.90347          9.80063    
      39646         14353          1075.21     8.90961          9.80063    
      40755         14768          1104.71     8.91564          9.80063    
      41991         15186          1134.33     8.91613          9.80063    
      43196         15576          1164.30     8.92036          9.80063    
      44266         15933          1194.08     8.92363          9.80063    
      45334         16290          1223.80     8.92663          9.80063    
      46472         16663          1253.41     8.93206          9.80063    
      47483         17020          1283.03     8.93648          9.80063    
      48567         17415          1312.69     8.94251          9.80063    
      49732         17888          1342.37     8.94342          9.80063    
      50926         18359          1371.97     8.94719          9.80063    
      52529         19131          1401.29     8.94719          9.80063    
      54165         19890          1430.86     8.94719          9.80063    
      55751         20514          1460.26     8.94719          9.80063    
      57361         21134          1489.70     8.94719          9.80063    
      58843         21702          1519.18     8.94719          9.80063    
      60339         22323          1548.65     8.94719          9.80063    
      61983         22897          1578.12     8.94719          9.80063    
      63589         23520          1607.54     8.94719          9.80063    
      65195         24138          1636.86     8.94719          9.80063    
      66817         24661          1666.18     8.94719          9.80063    
      68366         25175          1695.59     8.94719          9.80063    
      69861         25713          1725.01     8.94719          9.80063    
      71443         26245          1754.36     8.94719          9.80063    
      72993         26720          1783.87     8.94719          9.80063    
      74566         27287          1813.20     8.94719          9.80063    
      76084         27774          1842.48     8.94719          9.80063    
      77495         28234          1871.98     8.94719          9.80063    
      78902         28617          1901.50     8.94719          9.80063    
      80426         29096          1930.81     8.94719          9.80063    
      81902         29589          1960.18     8.94719          9.80063    
      83257+        29975          1989.92     8.94719          9.80063    
      83430+        29882          2019.93     8.94719          9.80063    
      83591+        29818          2049.93     8.94719          9.80063    
      83711         29772          2079.93     8.94719          9.80063    
      83881+        29692          2109.88     8.94719          9.80063    
      84029+        29628          2139.87     8.94719          9.80063    
      84194+        29570          2169.85     8.94719          9.80063    
      84575         29651          2199.82     8.94719          9.80063    
      86023         30044          2229.80     8.94719          9.80063    
      87362         30427          2259.77     8.94719          9.80063    
      88740         30832          2289.75     8.94719          9.80063    
      90168         31369          2319.73     8.94719          9.80063    
      91188+        31714          2349.72     8.94719          9.80063    
      91317+        31689          2379.73     8.94719          9.80063    
      91636         31678          2409.72     8.94719          9.80063    
      91850         31629          2439.68     8.94719          9.80063    
      92049+        31580          2469.67     8.94719          9.80063    
      92975         31940          2499.65     8.94719          9.80063    
      94350+        32414          2529.77     8.94719          9.80063    
      95553         32743          2559.76     8.94719          9.80063    
      97011         33246          2589.74     8.94719          9.80063    
      98503         33704          2619.69     8.94719          9.80063    
      99942         34109          2649.68     8.94719          9.80063    
     101445         34446          2679.63     8.94719          9.80063    
     102911         34816          2709.61     8.94719          9.80063    
     104334         35145          2739.58     8.94719          9.80063    
     105291+        35305          2769.59     8.94719          9.80063    
     105494+        35217          2799.58     8.94719          9.80063    
     105646+        35160          2829.58     8.94719          9.80063    
     105830+        35085          2859.53     8.94719          9.80063    
     106057         35049          2889.51     8.94719          9.80063    
     106623         35195          2919.50     8.94719          9.80063    
     107979         35638          2949.48     8.94719          9.80063    
     109291         36289          2979.43     8.94719          9.80063    
     110130         36636          3009.42     8.94719          9.80063    
     111446         37279          3039.40     8.94719          9.80063    
     112763         37892          3069.54     8.94719          9.80063    
     114040         38407          3099.52     8.94719          9.80063    
     115331         38888          3129.49     8.94719          9.80063    
     116666         39365          3159.46     8.94719          9.80063    
     117931         39792          3189.41     8.94719          9.80063    
     119194         40255          3219.41     8.94719          9.80063    
     120425         40788          3249.39     8.94719          9.80063    
     121728         41288          3279.39     8.94719          9.80063    
     122975         41815          3309.37     8.94719          9.80063    
     124242         42233          3339.36     8.94719          9.80063    
     125470         42663          3369.34     8.94719          9.80063    
     126743         43005          3399.32     8.94719          9.80063    
     127981         43369          3429.31     8.94719          9.80063    
     129154         43766          3459.29     8.94719          9.80063    
     130365         44155          3489.26     8.94719          9.80063    
     131567         44564          3519.24     8.94719          9.80063    
     132309         44843          3549.13     8.94719          9.80063    
     133589         45264          3579.10     8.94719          9.80063    
     134784         45796          3609.08     8.94719          9.80063    
     135925         46288          3639.07     8.94719          9.80063    
     137129         46725          3669.07     8.94719          9.80063    
     138389         47257          3699.06     8.94719          9.80063    
     139659         47746          3729.06     8.94719          9.80063    
     140872         48158          3759.02     8.94719          9.80063    
     141159+        48206          3789.05     8.94719          9.80063    
     141301+        48170          3819.01     8.94719          9.80063    
     142289         48501          3849.00     8.94719          9.80063    
     143528         48865          3878.96     8.94719          9.80063    
     144390         49119          3908.98     8.94719          9.80063    
     144509         49065          3938.95     8.94719          9.80063    
     144654         49026          3968.92     8.94719          9.80063    
     144845         49033          3998.95     8.94719          9.80063    
     145723         49307          4028.93     8.94719          9.80063    
     146630         49586          4058.91     8.94719          9.80063    
     147859         49899          4088.90     8.94719          9.80063    
     149154         50260          4118.89     8.94719          9.80063    
     150410         50594          4148.86     8.94719          9.80063    
     151708         50988          4178.86     8.94719          9.80063    
     153075         51346          4208.84     8.94719          9.80063    
     154330         51839          4238.81     8.94719          9.80063    
     155595         52268          4268.81     8.94719          9.80063    
     156867         52680          4298.79     8.94719          9.80063    
     158123         53010          4328.79     8.94719          9.80063    
     159386         53381          4358.78     8.94719          9.80063    
     160630         53760          4388.78     8.94719          9.80063    
     161740         54197          4418.73     8.94719          9.80063    
     162918         54596          4448.73     8.94719          9.80063    
     164074         54904          4478.71     8.94719          9.80063    
     165246         55262          4508.68     8.94719          9.80063    
     166392         55556          4538.68     8.94719          9.80063    
     167536         55795          4568.66     8.94722          9.80063    
     168740         56162          4598.64     8.94722          9.80063    
     169950         56525          4628.58     8.94722          9.80063    
     171060         56843          4658.58     8.94722          9.80063    
     172178         57124          4688.58     8.94722          9.80063    
     173425         57521          4718.56     8.94722          9.80063    
     174713         57860          4748.55     8.94722          9.80063    
     176044         58218          4778.53     8.94722          9.80063    
     177245         58475          4808.53     8.94724          9.80063    
     178260         58821          4838.48     8.94726          9.80063    
     178742         58918          4868.46     8.94726          9.80063    
     178884         58877          4898.48     8.94727          9.80063    
     179050         58827          4928.48     8.94728          9.80063    
     179185+        58785          4958.43     8.94730          9.80063    
     179344+        58725          4988.44     8.94731          9.80063    
     179498+        58676          5018.43     8.94731          9.80063    
     179665+        58603          5048.44     8.94732          9.80063    
     179813+        58560          5078.47     8.94732          9.80063    
     179981         58525          5108.44     8.94732          9.80063    
     180142+        58483          5138.42     8.94733          9.80063    
     180318+        58420          5168.42     8.94734          9.80063    
     180460         58369          5198.39     8.94734          9.80063    
     180603         58322          5228.39     8.94735          9.80063    
     180913         58367          5258.37     8.94735          9.80063    
     181953         58714          5288.36     8.94735          9.80063    
     183025         59079          5318.37     8.94735          9.80063    
     183890         59348          5348.34     8.94735          9.80063    
     184886         59578          5378.29     8.94735          9.80063    
     185938         59871          5408.29     8.94735          9.80063    
     187063         60188          5438.30     8.94735          9.80063    
     188204         60469          5468.27     8.94735          9.80063    
     189322         60728          5498.26     8.94735          9.80063    
     190515         61046          5528.22     8.94735          9.80063    
     191673         61341          5558.22     8.94735          9.80063    
     192736         61661          5589.86     8.94735          9.80063    
     193690         61862          5619.84     8.94735          9.80063    
     194141         61842          5649.81     8.94735          9.80063    
     194240+        61798          5679.84     8.94735          9.80063    
     194862         61949          5709.81     8.94735          9.80063    
     195996         62251          5739.79     8.94735          9.80063    
     197157         62584          5769.77     8.94735          9.80063    
     198240         62879          5799.73     8.94735          9.80063    
     199374         63144          5829.71     8.94735          9.80063    
     200444         63469          5859.68     8.94735          9.80063    
     201496         63799          5889.69     8.94735          9.80063    
     202607         64110          5919.69     8.94735          9.80063    
     203585         64438          5949.69     8.94735          9.80063    
     204630         64745          5979.67     8.94735          9.80063    
     205748         65075          6009.66     8.94735          9.80063    
     206863         65305          6039.67     8.94735          9.80063    
     207841         65540          6069.77     8.94735          9.80063    
     208894         65817          6099.73     8.94735          9.80063    
     209937         66051          6129.72     8.94738          9.80063    
     211028         66283          6159.71     8.94740          9.80063    
     211963         66626          6189.70     8.94740          9.80063    
     212970         66927          6219.67     8.94740          9.80063    
     214036         67291          6249.67     8.94740          9.80063    
     215118         67601          6279.65     8.94740          9.80063    
     216177         67947          6309.62     8.94740          9.80063    
     217230         68266          6339.58     8.94740          9.80063    
     218324         68547          6369.57     8.94740          9.80063    
     219457         68745          6399.54     8.94740          9.80063    
     220490         69021          6429.53     8.94740          9.80063    
     221491         69286          6459.52     8.94740          9.80063    
     222518         69487          6489.53     8.94743          9.80063    
     223560         69730          6519.53     8.94744          9.80063    
     224625         69923          6549.55     8.94748          9.80063    
     225632         70292          6579.53     8.94748          9.80063    
     226638         70651          6609.51     8.94748          9.80063    
     227698         71040          6639.51     8.94748          9.80063    
     228757         71368          6669.50     8.94748          9.80063    
     229745         71737          6699.48     8.94748          9.80063    
     230807         72101          6729.48     8.94748          9.80063    
     231827         72483          6759.46     8.94748          9.80063    
     232882         72811          6789.44     8.94748          9.80063    
     233479+        72978          6819.44     8.94748          9.80063    
     233607         72924          6849.46     8.94748          9.80063    
     233685         72873          6879.47     8.94748          9.80063    
     233803+        72804          6909.47     8.94748          9.80063    
     233905+        72739          6939.47     8.94748          9.80063    
     233990+        72685          6969.44     8.94748          9.80063    
     234085+        72627          6999.42     8.94748          9.80063    
     234222+        72546          7029.39     8.94748          9.80063    
     234317+        72499          7059.37     8.94748          9.80063    
     234425         72473          7089.36     8.94748          9.80063    
     234617+        72460          7119.37     8.94748          9.80063    
     234816+        72431          7149.31     8.94748          9.80063    
     234997+        72431          7179.31     8.94748          9.80063    
     235192         72435          7209.29     8.94748          9.80063    
     235978         72778          7239.26     8.94748          9.80063    
     236996         73120          7269.26     8.94748          9.80063    
     237904         73382          7299.24     8.94748          9.80063    
     238828         73726          7329.25     8.94748          9.80063    
     239056         73686          7359.22     8.94748          9.80063    
     239165         73643          7389.22     8.94748          9.80063    
     239285+        73598          7419.22     8.94748          9.80063    
     239487         73588          7449.22     8.94748          9.80063    
     239627+        73569          7479.22     8.94748          9.80063    
     239753         73512          7509.22     8.94748          9.80063    
     239871+        73465          7539.20     8.94749          9.80063    
     239979         73430          7569.18     8.94749          9.80063    
     240102+        73390          7599.15     8.94750          9.80063    
     240222+        73366          7629.17     8.94751          9.80063    
     240406+        73307          7659.17     8.94752          9.80063    
     240570+        73263          7689.18     8.94753          9.80063    
     240708+        73204          7719.16     8.94753          9.80063    
     240882+        73145          7749.16     8.94755          9.80063    
     241037+        73077          7779.16     8.94756          9.80063    
     241182+        73027          7809.16     8.94756          9.80063    
     241344         72974          7839.14     8.94758          9.80063    
     241488+        72936          7869.13     8.94759          9.80063    
     241624+        72881          7899.13     8.94760          9.80063    
     241821+        72818          7929.11     8.94762          9.80063    
     241989         72749          7959.11     8.94764          9.80063    
     242125+        72686          7989.09     8.94765          9.80063    
     242314         72617          8019.08     8.94767          9.80063    
     242445+        72567          8049.07     8.94768          9.80063    
     242563+        72518          8079.09     8.94770          9.80063    
     242726+        72452          8109.04     8.94771          9.80063    
     242849+        72399          8139.04     8.94773          9.80063    
     243011+        72320          8169.05     8.94776          9.80063    
     243148         72282          8199.04     8.94779          9.80063    
     243341+        72229          8229.10     8.94782          9.80063    
     243506+        72176          8259.11     8.94784          9.80063    
     243689         72110          8289.10     8.94787          9.80063    
     243886         72077          8319.08     8.94789          9.80063    
     244064+        72019          8349.14     8.94793          9.80063    
     244187         71964          8379.16     8.94794          9.80063    
     244337+        71917          8409.14     8.94797          9.80063    
     244518+        71863          8439.16     8.94800          9.80063    
     244670+        71841          8469.14     8.94803          9.80063    
     244813         71828          8499.11     8.94805          9.80063    
     244968+        71804          8529.12     8.94808          9.80063    
     245093+        71772          8559.06     8.94810          9.80063    
     245253+        71728          8589.04     8.94812          9.80063    
     245430+        71686          8619.04     8.94816          9.80063    
     245574+        71668          8649.02     8.94818          9.80063    
     245784+        71611          8679.02     8.94825          9.80063    
     245914         71579          8709.01     8.94829          9.80063    
     246056+        71548          8738.97     8.94834          9.80063    
     246171+        71536          8769.02     8.94835          9.80063    
     246335+        71490          8799.02     8.94838          9.80063    
     246487+        71436          8829.02     8.94842          9.80063    
     246653+        71390          8859.02     8.94846          9.80063    
     246812+        71345          8889.00     8.94851          9.80063    
     247652         71503          8918.98     8.94869          9.80063    
     248582         71645          8949.00     8.94897          9.80063    
     249464         71755          8978.93     8.94928          9.80063    
     250423         71848          9008.92     8.94971          9.80063    
     251343         71981          9038.88     8.95006          9.80063    
     252251         72112          9068.85     8.95037          9.80063    
     253136         72278          9098.82     8.95069          9.80063    
     253960         72473          9128.82     8.95090          9.80063    
     254811         72704          9158.80     8.95108          9.80063    
     255653         73038          9188.79     8.95108          9.80063    
     256366         73294          9218.75     8.95108          9.80063    
     257037         73485          9248.75     8.95108          9.80063    
     257808         73724          9278.74     8.95108          9.80063    
     258650         74032          9308.72     8.95108          9.80063    
     259454         74313          9338.70     8.95108          9.80063    
     260298         74582          9368.70     8.95108          9.80063    
     261210         74772          9398.70     8.95108          9.80063    
     262069         75074          9428.67     8.95108          9.80063    
     262730         75259          9458.67     8.95108          9.80063    
     263520         75435          9488.67     8.95108          9.80063    
     264414         75689          9518.63     8.95108          9.80063    
     265132         75847          9548.63     8.95108          9.80063    
     265984         75839          9578.88     8.95108          9.80063    
     266854         76040          9608.87     8.95121          9.80063    
     267721         76371          9638.83     8.95127          9.80063    
     268586         76711          9668.82     8.95127          9.80063    
     269316+        77016          9698.85     8.95127          9.80063    
     270013         77243          9728.80     8.95127          9.80063    
     270833         77547          9758.80     8.95127          9.80063    
     271510         77729          9788.80     8.95127          9.80063    
     272188         77942          9818.78     8.95127          9.80063    
     273023         78113          9848.75     8.95127          9.80063    
     273975         78228          9878.76     8.95130          9.80063    
     274808         78469          9908.75     8.95134          9.80063    
     275670         78649          9938.75     8.95137          9.80063    
     276472         78810          9968.73     8.95158          9.80063    
     277288         78982          9998.76     8.95188          9.80063    
     278166         79123         10028.73     8.95222          9.80063    
     279041         79322         10058.71     8.95228          9.80063    
     279870         79491         10088.66     8.95251          9.80063    
     280655         79652         10118.68     8.95285          9.80063    
     281472         79807         10149.39     8.95324          9.80063    
     282311         79943         10179.39     8.95381          9.80063    
     283127         80102         10209.39     8.95424          9.80063    
     283931         80233         10239.42     8.95471          9.80063    
     284739         80391         10269.41     8.95512          9.80063    
     285516         80541         10299.39     8.95555          9.80063    
     286311         80664         10329.37     8.95603          9.80063    
     287122         80794         10359.39     8.95658          9.80063    
     287895         80956         10389.35     8.95708          9.80063    
     288709         81061         10419.37     8.95759          9.80063    
     289508         81280         10449.37     8.95781          9.80063    
     289631         81263         10479.38     8.95781          9.80063    
     289722+        81222         10509.40     8.95781          9.80063    
     289861+        81184         10539.37     8.95788          9.80063    
     289979         81142         10569.38     8.95799          9.80063    
     290099+        81107         10599.43     8.95806          9.80063    
     290228+        81080         10629.44     8.95818          9.80063    
     290357+        81056         10659.42     8.95830          9.80063    
     290481+        81040         10689.44     8.95838          9.80063    
     290601         81001         10719.39     8.95847          9.80063    
     290717         80965         10749.34     8.95854          9.80063    
     290845         80929         10779.37     8.95864          9.80063    
     290945+        80909         10809.36     8.95868          9.80063    
     291068+        80872         10839.34     8.95880          9.80063    
     291178         80841         10869.34     8.95888          9.80063    
     291291         80802         10899.34     8.95902          9.80063    
     291422         80757         10929.34     8.95910          9.80063    
     291541+        80745         10959.35     8.95922          9.80063    
     291643+        80741         10989.40     8.95933          9.80063    
     291765+        80705         11019.38     8.95940          9.80063    
     291885+        80655         11049.38     8.95948          9.80063    
     291997+        80625         11079.38     8.95957          9.80063    
     292117+        80611         11109.36     8.95958          9.80063    
     292204+        80590         11139.33     8.95958          9.80063    
     292283+        80564         11169.31     8.95958          9.80063    
     292410+        80529         11199.37     8.95961          9.80063    
     292552+        80491         11229.36     8.95971          9.80063    
     292683+        80465         11259.36     8.95971          9.80063    
     292810+        80407         11289.39     8.95971          9.80063    
     292917+        80380         11319.42     8.95971          9.80063    
     293020         80347         11349.38     8.95971          9.80063    
     293130+        80314         11379.43     8.95971          9.80063    
     293241         80294         11409.41     8.95971          9.80063    
     293389+        80234         11439.38     8.95971          9.80063    
     293515+        80204         11469.43     8.95971          9.80063    
     293629         80174         11499.43     8.95971          9.80063    
     293750+        80134         11529.44     8.95971          9.80063    
     293819+        80110         11559.41     8.95971          9.80063    
     293919+        80076         11589.42     8.95971          9.80063    
     294053+        80029         11619.44     8.95972          9.80063    
     294136+        80016         11649.47     8.95972          9.80063    
     294277+        79976         11679.47     8.95972          9.80063    
     294419+        79921         11709.47     8.95973          9.80063    
     294513+        79894         11739.51     8.95973          9.80063    
     294652         79853         11769.51     8.95974          9.80063    
     294752+        79819         11799.49     8.95975          9.80063    
     294914         79779         11829.48     8.95976          9.80063    
     295009+        79737         11859.52     8.95976          9.80063    
     295093+        79713         11889.55     8.95976          9.80063    
     295178+        79691         11919.55     8.95976          9.80063    
     295275+        79687         11949.55     8.95976          9.80063    
     295380+        79669         11979.54     8.95976          9.80063    
     295658         79710         12009.52     8.95976          9.80063    
     296468         79866         12039.55     8.95976          9.80063    
     297237         80041         12069.53     8.95976          9.80063    
     298014         80217         12099.52     8.95977          9.80063    
     298739         80426         12129.53     8.95977          9.80063    
     299481         80656         12159.56     8.95977          9.80063    
     300274         80783         12189.58     8.95978          9.80063    
     301080         80923         12219.57     8.95978          9.80063    
     301856         81046         12249.56     8.95978          9.80063    
     302617+        81173         12279.59     8.95978          9.80063    
     303401         81292         12309.76     8.95978          9.80063    
     304222         81359         12339.74     8.95979          9.80063    
     304954         81558         12369.71     8.95979          9.80063    
     305703         81805         12399.68     8.95979          9.80063    
     306487         81966         12429.68     8.95979          9.80063    
     307216         82163         12459.66     8.95979          9.80063    
     307975         82264         12489.64     8.95979          9.80063    
     308696         82408         12519.63     8.95980          9.80063    
     309446+        82544         12549.69     8.95982          9.80063    
     310203         82677         12579.72     8.95982          9.80063    
     310976         82764         12609.69     8.95994          9.80063    
     311691         82863         12639.65     8.96018          9.80063    
     312382         82986         12669.65     8.96039          9.80063    
     313046         83074         12699.64     8.96073          9.80063    
     313451+        83181         12729.63     8.96080          9.80063    
     313626+        83153         12759.62     8.96089          9.80063    
     314113         83220         12789.59     8.96115          9.80063    
     314776         83346         12819.60     8.96155          9.80063    
     315432         83441         12849.58     8.96194          9.80063    
     315752         83455         12879.57     8.96217          9.80063    
     315858         83431         12909.54     8.96222          9.80063    
     315955+        83403         12939.52     8.96227          9.80063    
     316039+        83383         12969.49     8.96235          9.80063    
     316151+        83352         12999.47     8.96243          9.80063    
     316257+        83319         13029.50     8.96249          9.80063    
     316347+        83305         13059.48     8.96255          9.80063    
     316426+        83289         13089.47     8.96262          9.80063    
     316543+        83258         13119.45     8.96270          9.80063    
     316630         83242         13149.46     8.96276          9.80063    
     316747+        83215         13179.45     8.96286          9.80063    
     316888+        83206         13209.49     8.96298          9.80063    
     317004+        83164         13239.51     8.96307          9.80063    
     317126         83135         13269.51     8.96317          9.80063    
     317237+        83111         13299.49     8.96326          9.80063    
     317348+        83072         13329.49     8.96333          9.80063    
     317428+        83055         13359.49     8.96341          9.80063    
     317633         83051         13389.47     8.96345          9.80063    
     318273         83217         13419.46     8.96358          9.80063    
     318896         83343         13449.44     8.96367          9.80063    
     319567         83443         13479.41     8.96406          9.80063    
     320249         83564         13509.42     8.96448          9.80063    
     320916         83676         13539.41     8.96489          9.80063    
     321580         83789         13569.40     8.96540          9.80063    
     322280         84025         13599.37     8.96549          9.80063    
     322940         84325         13629.35     8.96549          9.80063    
     323670         84575         13659.38     8.96549          9.80063    
     324378         84758         13689.40     8.96549          9.80063    
     325052         84913         13719.38     8.96549          9.80063    
     325694         85088         13749.35     8.96567          9.80063    
     326413+        85216         13779.40     8.96610          9.80063    
     327064         85342         13809.36     8.96642          9.80063    
     327714         85474         13839.35     8.96671          9.80063    
     328352         85636         13869.35     8.96705          9.80063    
     329059         85826         13899.35     8.96712          9.80063    
     329742         85955         13929.34     8.96762          9.80063    
     330439         86067         13959.33     8.96803          9.80063    
     331087         86226         13989.37     8.96821          9.80063    
     331770         86341         14019.37     8.96867          9.80063    
     332472         86422         14049.37     8.96896          9.80063    
     333070         86521         14079.37     8.96896          9.80063    
     333280         86511         14109.42     8.96896          9.80063    
     333376+        86494         14139.40     8.96896          9.80063    
     333448+        86476         14169.40     8.96896          9.80063    
     333523+        86459         14199.38     8.96896          9.80063    
     333611         86445         14229.38     8.96896          9.80063    
     333677+        86429         14259.37     8.96897          9.80063    
     333780+        86391         14289.41     8.96901          9.80063    
     333879+        86358         14319.44     8.96901          9.80063    
     333974+        86330         14349.46     8.96901          9.80063    
     334059+        86315         14379.45     8.96901          9.80063    
     334144         86292         14409.41     8.96901          9.80063    
     334248+        86256         14439.45     8.96901          9.80063    
     334382+        86203         14469.47     8.96906          9.80063    
     334489         86182         14499.48     8.96908          9.80063    
     334599+        86139         14529.46     8.96909          9.80063    
     334727+        86098         14559.45     8.96909          9.80063    
     334793+        86085         14589.45     8.96909          9.80063    
     334863+        86068         14619.48     8.96909          9.80063    
     334952+        86054         14649.48     8.96909          9.80063    
     335034         86025         14679.49     8.96911          9.80063    
     335146+        85999         14709.52     8.96914          9.80063    
     335237+        85978         14739.50     8.96922          9.80063    
     335329+        85957         14769.50     8.96929          9.80063    
     335470+        85913         14799.47     8.96941          9.80063    
     335556         85898         14829.46     8.96948          9.80063    
     335721         85892         14859.47     8.96955          9.80063    
     335997         85940         14889.45     8.96959          9.80063    
     336539         86146         14919.45     8.96975          9.80063    
     337264         86269         14949.45     8.97004          9.80063    
     338021         86358         14979.45     8.97007          9.80063    
     338643         86463         15009.45     8.97043          9.80063    
     339305         86654         15039.43     8.97051          9.80063    
     339912         86799         15070.49     8.97051          9.80063    
     340537         86945         15100.48     8.97051          9.80063    
     341204         87123         15130.44     8.97051          9.80063    
     341811         87298         15160.44     8.97051          9.80063    
     342497         87451         15190.43     8.97051          9.80063    
     343128         87575         15220.42     8.97051          9.80063    
     343761         87756         15252.37     8.97051          9.80063    
     344455         87880         15282.36     8.97051          9.80063    
     345204         87938         15312.40     8.97056          9.80063    
     345868         87995         15342.39     8.97074          9.80063    
     346438         88170         15372.39     8.97075          9.80063    
     347155         88308         15402.37     8.97075          9.80063    
     347823         88437         15432.35     8.97075          9.80063    
     348416         88516         15462.34     8.97082          9.80063    
     349034         88627         15492.35     8.97098          9.80063    
     349697         88725         15522.33     8.97112          9.80063    
     350346         88861         15552.32     8.97112          9.80063    
     350998         88905         15582.33     8.97138          9.80063    
     351593         88991         15612.31     8.97177          9.80063    
     352139+        89031         15642.36     8.97204          9.80063    
     352252         89033         15672.34     8.97210          9.80063    
     352428         88980         15702.62     8.97220          9.80063    
     352522+        88929         15732.61     8.97220          9.80063    
     352620+        88883         15762.62     8.97220          9.80063    
     352689+        88857         15792.61     8.97220          9.80063    
     352777+        88812         15822.62     8.97221          9.80063    
     352923+        88758         15852.60     8.97227          9.80063    
     352992+        88741         15882.57     8.97233          9.80063    
     353097         88715         15912.54     8.97242          9.80063    
     353633         88893         15942.49     8.97242          9.80063    
     354246         89118         15972.49     8.97242          9.80063    
     354876         89384         16002.47     8.97242          9.80063    
     355340         89519         16032.49     8.97242          9.80063    
     355798         89717         16062.49     8.97242          9.80063    
     356379         89955         16092.52     8.97242          9.80063    
     357008         90235         16122.52     8.97242          9.80063    
     357634         90502         16152.56     8.97242          9.80063    
     358247         90732         16182.59     8.97242          9.80063    
     358872         90943         16212.61     8.97242          9.80063    
     359468         91210         16242.62     8.97242          9.80063    
     360081         91449         16272.60     8.97242          9.80063    
     360682         91672         16302.62     8.97242          9.80063    
     361268         91879         16332.65     8.97242          9.80063    
     361847         92044         16362.66     8.97242          9.80063    
     362447         92216         16392.69     8.97242          9.80063    
     362949         92330         16422.71     8.97242          9.80063    
     363085+        92332         16452.69     8.97242          9.80063    
     363175+        92321         16482.69     8.97242          9.80063    
     363239+        92304         16512.72     8.97243          9.80063    
     363314+        92276         16542.77     8.97245          9.80063    
     363399+        92241         16572.75     8.97245          9.80063    
     363477+        92209         16602.75     8.97246          9.80063    
     363587+        92173         16632.81     8.97246          9.80063    
     363691+        92136         16662.94     8.97247          9.80063    
     363802+        92087         16693.01     8.97248          9.80063    
     363896+        92048         16723.00     8.97248          9.80063    
     363974+        92016         16752.98     8.97249          9.80063    
     364077+        91970         16782.96     8.97253          9.80063    
     364183         91946         16812.99     8.97256          9.80063    
     364292         91927         16842.99     8.97262          9.80063    
     364380+        91906         16872.97     8.97262          9.80063    
     364458+        91884         16903.00     8.97262          9.80063    
     364544+        91845         16933.02     8.97262          9.80063    
     364631+        91833         16963.03     8.97262          9.80063    
     364718         91806         16993.02     8.97262          9.80063    
     364823+        91774         17023.05     8.97262          9.80063    
     364901+        91750         17053.08     8.97262          9.80063    
     364989+        91717         17083.08     8.97265          9.80063    
     365071         91714         17113.09     8.97267          9.80063    
     365161+        91680         17143.09     8.97271          9.80063    
     365257+        91674         17173.11     8.97273          9.80063    
     365347         91656         17203.12     8.97277          9.80063    
     365454+        91623         17233.15     8.97285          9.80063    
     365563         91601         17263.13     8.97290          9.80063    
     365793         91665         17293.13     8.97294          9.80063    
     366416         91858         17323.13     8.97294          9.80063    
     367067         92086         17353.18     8.97294          9.80063    
     367654         92235         17383.16     8.97294          9.80063    
     367899         92267         17413.16     8.97294          9.80063    
     367991         92257         17443.24     8.97296          9.80063    
     368108+        92216         17473.25     8.97300          9.80063    
     368199+        92191         17503.30     8.97307          9.80063    
     368277         92163         17533.31     8.97313          9.80063    
     368378+        92130         17563.33     8.97320          9.80063    
     368507+        92111         17593.43     8.97331          9.80063    
     368579+        92089         17623.53     8.97337          9.80063    
     368642+        92068         17653.53     8.97337          9.80063    
     368729+        92063         17683.54     8.97343          9.80063    
     368818+        92048         17713.57     8.97349          9.80063    
     368930+        92030         17743.57     8.97360          9.80063    
     369184         92031         17773.60     8.97376          9.80063    
     369786+        92117         17803.74     8.97409          9.80063    
     370422         92189         17833.75     8.97446          9.80063    
     371020         92291         17863.72     8.97492          9.80063    
     371645         92379         17893.67     8.97534          9.80063    
     372228         92497         17923.56     8.97548          9.80063    
     372855         92617         17953.59     8.97576          9.80063    
     373475         92704         17983.59     8.97609          9.80063    
     373828         92768         18000.00     8.97639          9.80063    

                    *** Max. allowable time exceeded ***      

 Wall clock time:                 18051.00
 Total CPU time used:             18000.00

 Total no. of BaR iterations:  373828
 Best solution found at node:   48035
 Max. no. of nodes in memory:   92768
 
 All done
===========================================================================
