===========================================================================
 BARON version 18.5.8. Built: WIN-64 Tue May 8 15:02:43 EDT 2018 

 BARON is a product of The Optimization Firm, LLC. http://www.minlp.com/

 If you use this software, please cite publications from
 http://www.minlp.com/about-baron, such as: 

 Kilinc, M. and N. V. Sahinidis, Exploiting integrality in the global
 optimization of mixed-integer nonlinear programming problems in BARON,
 Optimization Methods and Software, 33, 540-562, 2018.
===========================================================================
 This BARON run may utilize the following subsolver(s)
 For LP/MIP: ILOG CPLEX                                      
 For NLP: MINOS, GAMS external NLP, IPOPT, FILTERSD, FILTERSQP
===========================================================================
    The options used in solving the problem are as follows:
       maxtime        =  0.1800E+05
       maxiter        =      -1
       numsol         =       1
       firstfeas      =       0
       cutoff         =  0.1000E+52
       epsa           =  0.1000E-08
       epsr           =  0.1000E-01
       deltaterm      =       0
       deltaa         =  0.1000E+52
       deltar         =  0.1000E+01
       deltat         = -0.1000E+03
       boxtol         =  0.1000E-07
       isoltol        =  0.1000E-03
       absconfeastol  =  0.1000E-04
       relconfeastol  =  0.0000E+00
       absintfeastol  =  0.1000E-04
       relintfeastol  =  0.0000E+00
       results        =       1
       summary        =       1
       times          =       1
       prtimefreq     =  0.3000E+02
       prfreq         = 1000000
       prlevel        =       1
       numprint       =      -1
       numprintdual   =      -1
       lpsol          =       3
       nlpsol         =      -1
       allowminos     =       1
       allowsnopt     =       1
       allowexternal  =       1
       allowipopt     =       1
       allowfiltersd  =       1
       allowfiltersqp =       1
       dolocal        =       1
       numloc         =      -2
       locres         =       0
       pdo            =      -2
       brvarstra      =       0
       brptstra       =       0
       nodesel        =       0
       compiis        =       0
       iisint         =       1
       iisorder       =      -1
       threads        =       1
===========================================================================
 Doing local search
 Solving bounding LP
 Starting multi-start local search
 Done with local search
===========================================================================
  Iteration    Open nodes         Time (s)    Lower bound      Upper bound
*         1             1             7.46     1.64855          10.2412    
          1             1             8.86     2.09589          10.2412    
        221+          139            40.67     5.69707          10.2412    
        490           315            70.68     5.69707          10.2412    
        931           568           100.56     5.69708          10.2412    
       1587+          958           129.64     5.70776          10.2412    
       2406          1453           158.39     5.70776          10.2412    
       3343          1964           187.65     5.70781          10.2412    
       4391+         2490           217.29     5.70786          10.2412    
       5492+         2982           246.48     5.70789          10.2412    
       6448          3435           275.59     5.70812          10.2412    
       7562          3880           304.64     5.71607          10.2412    
       8425          4315           333.39     5.72939          10.2412    
       9214          4702           362.47     5.74141          10.2412    
       9705          4937           392.67     5.74616          10.2412    
      10352          5276           422.51     5.75110          10.2412    
      11262+         5756           451.84     5.75930          10.2412    
      12134          6222           480.58     5.76996          10.2412    
      12902          6641           510.36     5.77582          10.2412    
      13585          6972           540.31     5.77912          10.2412    
      14457+         7425           569.92     5.79435          10.2412    
      15304          7812           599.42     5.80940          10.2412    
      16237+         8247           629.14     5.83144          10.2412    
      17096          8673           658.64     5.84628          10.2412    
      17960          9094           688.23     5.85097          10.2412    
      19164          9578           717.82     5.85745          10.2412    
      20216          9995           747.37     5.86360          10.2412    
      21336         10468           776.74     5.86819          10.2412    
      22056+        10767           807.49     5.86971          10.2412    
      22981         11140           837.24     5.87250          10.2412    
      24042         11575           866.80     5.87556          10.2412    
      25095         12013           896.41     5.87885          10.2412    
      26195         12429           925.94     5.88244          10.2412    
      27157         12846           955.24     5.88434          10.2412    
      28296         13287           984.68     5.88558          10.2412    
      29396         13732          1014.21     5.88754          10.2412    
      30468         14170          1043.68     5.88965          10.2412    
      31573         14635          1073.24     5.89143          10.2412    
      32659         15053          1102.74     5.89224          10.2412    
      33696         15462          1132.22     5.89350          10.2412    
      34749         15880          1161.51     5.89458          10.2412    
      35821         16321          1191.11     5.89535          10.2412    
      36719+        16656          1220.86     5.89595          10.2412    
      37756         17058          1250.57     5.89667          10.2412    
      38484         17355          1283.26     5.89698          10.2412    
      39252         17664          1313.28     5.89723          10.2412    
      40238         18043          1343.79     5.89761          10.2412    
      41390         18507          1373.28     5.89805          10.2412    
      42500         18913          1402.75     5.89876          10.2412    
      43551         19313          1432.29     5.90015          10.2412    
      44640         19715          1461.75     5.90114          10.2412    
      45718         20102          1491.26     5.90199          10.2412    
      46686         20490          1520.57     5.90252          10.2412    
      47782         20892          1550.15     5.90387          10.2412    
      48875         21290          1580.10     5.90484          10.2412    
      49836         21635          1610.10     5.90571          10.2412    
      50957         22037          1640.12     5.90612          10.2412    
      52053         22463          1670.15     5.90650          10.2412    
      53172         22877          1700.16     5.90685          10.2412    
      54274         23265          1730.18     5.90734          10.2412    
      55345         23692          1760.17     5.90801          10.2412    
      56425+        24087          1790.22     5.90920          10.2412    
      57455         24467          1820.22     5.91009          10.2412    
      58584         24860          1850.25     5.91119          10.2412    
      59665+        25247          1880.28     5.91259          10.2412    
      60723         25661          1910.29     5.91383          10.2412    
      61676+        25963          1940.32     5.91477          10.2412    
      62688         26337          1970.34     5.91610          10.2412    
      63693         26742          2000.29     5.91655          10.2412    
      64640         27164          2030.13     5.91736          10.2412    
      65590         27492          2060.13     5.91890          10.2412    
      66446         27834          2090.10     5.91902          10.2412    
      67451         28209          2120.12     5.91925          10.2412    
      68472         28568          2150.32     5.91984          10.2412    
      69480+        28950          2180.44     5.92048          10.2412    
      70551         29337          2210.44     5.92105          10.2412    
      71528         29642          2240.47     5.92174          10.2412    
      72556         29937          2270.49     5.92220          10.2412    
      73608         30276          2300.47     5.92244          10.2412    
      74649         30615          2330.47     5.92278          10.2412    
      75660         30943          2360.48     5.92314          10.2412    
      76575+        31345          2390.51     5.92331          10.2412    
      77528         31739          2420.51     5.92334          10.2412    
      78543+        32118          2450.71     5.92342          10.2412    
      79532         32500          2480.73     5.92368          10.2412    
      80459         32808          2510.76     5.92408          10.2412    
      81359         33073          2540.76     5.92457          10.2412    
      81940         33291          2570.76     5.92470          10.2412    
      82598         33491          2601.80     5.92480          10.2412    
      83479+        33786          2631.86     5.92519          10.2412    
      84464         34039          2661.88     5.92566          10.2412    
      85384         34374          2691.89     5.92590          10.2412    
      86350         34764          2721.91     5.92592          10.2412    
      87279         35139          2751.94     5.92592          10.2412    
      88163         35482          2781.95     5.92592          10.2412    
      89104         35820          2811.95     5.92592          10.2412    
      90076         36128          2841.96     5.92597          10.2412    
      91011         36389          2871.96     5.92630          10.2412    
      91962         36742          2901.98     5.92653          10.2412    
      92887         37046          2931.98     5.92660          10.2412    
      93792         37376          2962.01     5.92673          10.2412    
      94697         37725          2992.02     5.92697          10.2412    
      95527         37955          3022.02     5.92747          10.2412    
      96417         38260          3052.02     5.92775          10.2412    
      97357+        38521          3082.11     5.92813          10.2412    
      98310         38804          3112.13     5.92856          10.2412    
      99266         39092          3142.14     5.92910          10.2412    
     100230         39370          3172.16     5.92966          10.2412    
     101090         39694          3202.19     5.93016          10.2412    
     101995+        40028          3232.54     5.93036          10.2412    
     102768         40292          3262.56     5.93041          10.2412    
     103644         40625          3292.57     5.93049          10.2412    
     104556         40880          3322.56     5.93105          10.2412    
     105462         41121          3352.59     5.93171          10.2412    
     106380         41383          3382.60     5.93208          10.2412    
     107223         41648          3412.60     5.93260          10.2412    
     108098         42019          3442.61     5.93269          10.2412    
     108990         42322          3472.63     5.93283          10.2412    
     109905         42625          3502.66     5.93291          10.2412    
     110888         42925          3532.67     5.93302          10.2412    
     111814         43231          3562.70     5.93336          10.2412    
     112740         43559          3592.73     5.93358          10.2412    
     113640         43873          3622.73     5.93370          10.2412    
     114545         44179          3652.76     5.93417          10.2412    
     115454         44449          3682.76     5.93477          10.2412    
     116375         44764          3712.79     5.93489          10.2412    
     117218         45053          3742.81     5.93490          10.2412    
     118140         45333          3772.81     5.93492          10.2412    
     119045         45664          3802.85     5.93492          10.2412    
     119945         45981          3832.85     5.93493          10.2412    
     120836         46286          3862.87     5.93494          10.2412    
     121763         46561          3892.86     5.93500          10.2412    
     122599         46878          3922.85     5.93509          10.2412    
     123473         47164          3952.86     5.93527          10.2412    
     124343         47486          3982.89     5.93546          10.2412    
     125183         47822          4012.91     5.93547          10.2412    
     126001         48078          4042.92     5.93549          10.2412    
     126892         48335          4072.92     5.93591          10.2412    
     127763         48624          4102.94     5.93670          10.2412    
     128617         48903          4132.95     5.93726          10.2412    
     129470         49162          4162.96     5.93770          10.2412    
     130343         49449          4192.98     5.93792          10.2412    
     131262         49750          4222.98     5.93820          10.2412    
     132161         50012          4252.99     5.93883          10.2412    
     133026         50266          4283.02     5.93933          10.2412    
     133867         50587          4313.02     5.93948          10.2412    
     134728         50897          4343.02     5.93962          10.2412    
     135577         51211          4373.05     5.93977          10.2412    
     136406         51535          4403.08     5.93989          10.2412    
     137222         51875          4433.11     5.94015          10.2412    
     138044         52139          4463.14     5.94108          10.2412    
     138890         52417          4493.17     5.94140          10.2412    
     139703         52731          4523.17     5.94149          10.2412    
     140537         53057          4553.17     5.94154          10.2412    
     141391         53308          4583.34     5.94154          10.2412    
     142212         53592          4613.34     5.94188          10.2412    
     143052         53858          4643.35     5.94243          10.2412    
     143825         54174          4673.38     5.94286          10.2412    
     144636         54488          4703.41     5.94296          10.2412    
     145481         54778          4733.41     5.94316          10.2412    
     146279         55071          4763.44     5.94328          10.2412    
     147098         55362          4793.46     5.94344          10.2412    
     147923         55685          4823.46     5.94365          10.2412    
     148752         55964          4853.47     5.94386          10.2412    
     149552         56292          4883.47     5.94406          10.2412    
     150378         56589          4913.50     5.94433          10.2412    
     151182         56884          4943.53     5.94470          10.2412    
     151999         57152          4973.56     5.94529          10.2412    
     152803         57472          5003.56     5.94553          10.2412    
     153597         57791          5033.67     5.94554          10.2412    
     154422         58092          5063.87     5.94555          10.2412    
     155230         58363          5093.89     5.94558          10.2412    
     155978         58618          5123.90     5.94568          10.2412    
     156710         58967          5153.95     5.94568          10.2412    
     157480         59248          5183.98     5.94569          10.2412    
     158270         59539          5214.01     5.94570          10.2412    
     159116         59773          5244.00     5.94571          10.2412    
     159959         60011          5274.02     5.94572          10.2412    
     160793         60247          5304.05     5.94573          10.2412    
     161626         60501          5334.05     5.94578          10.2412    
     162359         60763          5364.05     5.94585          10.2412    
     163136         61026          5394.05     5.94596          10.2412    
     163888         61323          5424.05     5.94607          10.2412    
     164641         61599          5454.11     5.94622          10.2412    
     165385         61894          5484.15     5.94642          10.2412    
     166134         62173          5514.17     5.94680          10.2412    
     166855         62460          5544.20     5.94713          10.2412    
     167552         62741          5574.20     5.94733          10.2412    
     168284         63034          5604.20     5.94755          10.2412    
     168980         63249          5634.21     5.94767          10.2412    
     169614         63464          5664.19     5.94795          10.2412    
     169933         63547          5694.24     5.94810          10.2412    
     170650         63843          5724.29     5.94841          10.2412    
     171377+        64112          5754.30     5.94870          10.2412    
     172096         64378          5784.31     5.94903          10.2412    
     172804         64618          5814.31     5.94932          10.2412    
     173538         64889          5844.31     5.94967          10.2412    
     174220         65152          5874.36     5.94987          10.2412    
     174938         65403          5904.37     5.95006          10.2412    
     175681         65695          5934.36     5.95020          10.2412    
     176390         65947          5964.39     5.95046          10.2412    
     177092         66179          5994.40     5.95079          10.2412    
     177835         66403          6024.40     5.95116          10.2412    
     178569         66656          6054.41     5.95134          10.2412    
     179298         66901          6084.43     5.95156          10.2412    
     180045         67146          6114.46     5.95192          10.2412    
     180769         67415          6144.63     5.95217          10.2412    
     181507         67639          6174.63     5.95219          10.2412    
     182258         67892          6204.64     5.95228          10.2412    
     182962         68107          6234.52     5.95240          10.2412    
     183676         68377          6264.52     5.95271          10.2412    
     184403         68644          6294.52     5.95290          10.2412    
     185137         68894          6324.55     5.95309          10.2412    
     185863         69109          6354.56     5.95328          10.2412    
     186577         69353          6384.57     5.95335          10.2412    
     187260         69627          6414.62     5.95354          10.2412    
     188010         69870          6444.64     5.95354          10.2412    
     188753         70084          6474.65     5.95363          10.2412    
     189487         70351          6504.63     5.95396          10.2412    
     190125         70610          6534.66     5.95399          10.2412    
     190898         70831          6564.69     5.95408          10.2412    
     191615         71097          6594.71     5.95418          10.2412    
     192354         71347          6624.71     5.95426          10.2412    
     193055         71619          6654.72     5.95428          10.2412    
     193749         71885          6684.74     5.95435          10.2412    
     194339         72120          6714.77     5.95436          10.2412    
     194973         72349          6744.80     5.95439          10.2412    
     195711         72581          6774.84     5.95442          10.2412    
     196449         72826          6804.86     5.95445          10.2412    
     197175+        73067          6835.01     5.95449          10.2412    
     197881         73308          6865.01     5.95453          10.2412    
     198609         73564          6895.06     5.95457          10.2412    
     199298         73828          6925.12     5.95469          10.2412    
     200003         74083          6955.13     5.95474          10.2412    
     200696         74321          6985.13     5.95494          10.2412    
     201426         74565          7015.16     5.95534          10.2412    
     202086         74831          7045.19     5.95562          10.2412    
     202782         75068          7075.22     5.95593          10.2412    
     203492         75263          7105.07     5.95624          10.2412    
     204183         75515          7135.08     5.95661          10.2412    
     204884         75770          7165.09     5.95685          10.2412    
     205605         76005          7195.16     5.95713          10.2412    
     206297         76252          7225.16     5.95741          10.2412    
     206969         76493          7255.15     5.95766          10.2412    
     207660         76721          7285.17     5.95791          10.2412    
     208331         76955          7315.23     5.95836          10.2412    
     209018         77143          7345.21     5.95865          10.2412    
     209732         77343          7375.21     5.95889          10.2412    
     210469         77548          7405.24     5.95923          10.2412    
     211164         77770          7435.24     5.95937          10.2412    
     211880         77965          7465.26     5.95945          10.2412    
     212542         78216          7495.27     5.95952          10.2412    
     213248         78421          7525.29     5.95972          10.2412    
     213891         78661          7555.28     5.95974          10.2412    
     214566         78875          7585.30     5.95979          10.2412    
     215256         79113          7615.31     5.95987          10.2412    
     215941         79292          7645.31     5.96026          10.2412    
     216582         79521          7675.34     5.96045          10.2412    
     217255         79751          7705.37     5.96074          10.2412    
     217872         79988          7735.37     5.96099          10.2412    
     218549         80250          7765.40     5.96102          10.2412    
     219250         80473          7795.42     5.96125          10.2412    
     219920         80711          7825.40     5.96143          10.2412    
     220581+        80920          7855.95     5.96165          10.2412    
     221224         81141          7885.99     5.96179          10.2412    
     221905         81378          7915.99     5.96191          10.2412    
     222620         81575          7946.00     5.96218          10.2412    
     223317         81791          7976.00     5.96248          10.2412    
     223987         82009          8006.02     5.96270          10.2412    
     224632         82263          8036.03     5.96289          10.2412    
     225275+        82521          8066.05     5.96304          10.2412    
     225932         82768          8096.05     5.96309          10.2412    
     226573         83004          8126.00     5.96314          10.2412    
     227159         83246          8156.04     5.96316          10.2412    
     227812         83481          8186.09     5.96317          10.2412    
     228421         83714          8216.12     5.96318          10.2412    
     229096         83923          8246.13     5.96319          10.2412    
     229774         84132          8276.15     5.96321          10.2412    
     230451         84347          8306.16     5.96325          10.2412    
     231094         84569          8336.19     5.96344          10.2412    
     231732         84772          8366.22     5.96371          10.2412    
     232384         85002          8396.24     5.96387          10.2412    
     233015         85239          8426.27     5.96391          10.2412    
     233647         85501          8456.28     5.96396          10.2412    
     234319         85740          8486.27     5.96399          10.2412    
     234954         85977          8516.31     5.96402          10.2412    
     235566         86213          8546.34     5.96404          10.2412    
     236218         86454          8576.37     5.96406          10.2412    
     236842         86704          8606.37     5.96407          10.2412    
     237504         86944          8636.37     5.96409          10.2412    
     238162         87171          8666.35     5.96410          10.2412    
     238796         87387          8696.37     5.96412          10.2412    
     239457         87594          8726.38     5.96413          10.2412    
     240136         87797          8756.40     5.96415          10.2412    
     240806         88019          8786.41     5.96417          10.2412    
     241487         88230          8816.44     5.96419          10.2412    
     242134         88420          8846.46     5.96422          10.2412    
     242781         88644          8876.47     5.96427          10.2412    
     243421         88851          8906.53     5.96431          10.2412    
     244062         89087          8936.55     5.96444          10.2412    
     244697         89302          8966.59     5.96448          10.2412    
     245342         89518          8996.59     5.96454          10.2412    
     245960         89722          9026.61     5.96462          10.2412    
     246601         89932          9056.64     5.96474          10.2412    
     247222         90177          9086.56     5.96487          10.2412    
     247822         90449          9116.57     5.96492          10.2412    
     248354         90643          9146.60     5.96494          10.2412    
     248834         90842          9176.62     5.96499          10.2412    
     249434+        91105          9206.65     5.96499          10.2412    
     250013         91365          9236.66     5.96500          10.2412    
     250621         91622          9266.71     5.96500          10.2412    
     251211         91847          9296.71     5.96500          10.2412    
     251821         92080          9326.75     5.96501          10.2412    
     252418         92310          9356.75     5.96501          10.2412    
     253008         92539          9386.80     5.96502          10.2412    
     253603         92770          9416.80     5.96502          10.2412    
     254204         92999          9446.83     5.96502          10.2412    
     254801         93213          9476.84     5.96503          10.2412    
     255389         93409          9506.89     5.96503          10.2412    
     255999         93621          9536.95     5.96504          10.2412    
     256605         93832          9566.96     5.96506          10.2412    
     257222         94049          9596.95     5.96507          10.2412    
     257838         94250          9626.95     5.96512          10.2412    
     258471         94462          9656.95     5.96517          10.2412    
     259106         94658          9686.96     5.96527          10.2412    
     259738         94845          9716.97     5.96543          10.2412    
     260346         95033          9747.10     5.96565          10.2412    
     260932         95236          9777.13     5.96585          10.2412    
     261524         95437          9807.11     5.96591          10.2412    
     262122         95663          9837.00     5.96608          10.2412    
     262770         95822          9867.02     5.96641          10.2412    
     263413         96013          9897.03     5.96667          10.2412    
     264058         96191          9927.08     5.96686          10.2412    
     264654         96414          9957.04     5.96703          10.2412    
     265257         96632          9987.03     5.96721          10.2412    
     265858         96841         10017.06     5.96747          10.2412    
     266460         97070         10047.09     5.96759          10.2412    
     267059         97294         10077.12     5.96763          10.2412    
     267653         97481         10107.15     5.96786          10.2412    
     268232         97695         10137.16     5.96795          10.2412    
     268825         97909         10167.18     5.96798          10.2412    
     269424         98121         10197.18     5.96802          10.2412    
     270030         98316         10227.24     5.96804          10.2412    
     270645         98456         10257.25     5.96808          10.2412    
     271259         98638         10287.31     5.96820          10.2412    
     271864         98836         10317.31     5.96838          10.2412    
     272453         99030         10347.34     5.96848          10.2412    
     273038         99261         10377.36     5.96856          10.2412    
     273626         99453         10407.34     5.96874          10.2412    
     274200         99657         10437.37     5.96880          10.2412    
     274781         99857         10467.40     5.96890          10.2412    
     275382        100064         10497.45     5.96895          10.2412    
     275967        100315         10527.46     5.96897          10.2412    
     276577        100508         10557.49     5.96900          10.2412    
     277194+       100701         10587.49     5.96903          10.2412    
     277792        100904         10617.51     5.96905          10.2412    
     278423        101081         10647.55     5.96908          10.2412    
     278985        101257         10677.60     5.96910          10.2412    
     279631        101460         10707.61     5.96914          10.2412    
     280248        101666         10737.64     5.96921          10.2412    
     280874        101866         10767.67     5.96933          10.2412    
     281461        102059         10797.70     5.96953          10.2412    
     282037+       102240         10827.84     5.96967          10.2412    
     282648        102403         10857.86     5.96984          10.2412    
     283208        102582         10887.87     5.96989          10.2412    
     283788        102742         10917.89     5.96993          10.2412    
     284362        102918         10947.95     5.97002          10.2412    
     284951        103084         10977.95     5.97024          10.2412    
     285579        103284         11007.96     5.97038          10.2412    
     286200        103497         11037.99     5.97062          10.2412    
     286799        103703         11068.05     5.97078          10.2412    
     287386        103914         11098.04     5.97095          10.2412    
     287941        104144         11128.05     5.97099          10.2412    
     288529        104365         11158.10     5.97108          10.2412    
     289093        104576         11188.11     5.97108          10.2412    
     289664        104743         11218.13     5.97122          10.2412    
     290249        104934         11248.16     5.97139          10.2412    
     290825        105129         11278.19     5.97162          10.2412    
     291331        105328         11308.26     5.97169          10.2412    
     291930        105514         11338.28     5.97182          10.2412    
     292501        105711         11368.31     5.97200          10.2412    
     293043        105898         11398.34     5.97216          10.2412    
     293593        106088         11428.34     5.97226          10.2412    
     294154        106303         11458.37     5.97244          10.2412    
     294714        106504         11488.40     5.97269          10.2412    
     295269        106707         11518.43     5.97275          10.2412    
     295841        106872         11548.46     5.97288          10.2412    
     296393        107051         11578.44     5.97305          10.2412    
     296965        107223         11608.46     5.97319          10.2412    
     297505        107421         11638.49     5.97330          10.2412    
     298056        107598         11668.55     5.97339          10.2412    
     298621        107765         11698.59     5.97343          10.2412    
     299185        107913         11728.62     5.97359          10.2412    
     299746        108072         11758.67     5.97377          10.2412    
     300259        108201         11788.71     5.97397          10.2412    
     300653        108340         11818.70     5.97408          10.2412    
     301197+       108466         11848.67     5.97431          10.2412    
     301724        108628         11878.67     5.97456          10.2412    
     302264        108788         11908.70     5.97473          10.2412    
     302856        108996         11938.68     5.97489          10.2412    
     303409        109171         11968.72     5.97507          10.2412    
     303928        109348         11998.72     5.97513          10.2412    
     304480        109505         12028.72     5.97526          10.2412    
     304958        109680         12058.74     5.97533          10.2412    
     305514        109833         12088.77     5.97541          10.2412    
     306088        109987         12118.77     5.97548          10.2412    
     306699        110145         12148.81     5.97556          10.2412    
     307260        110354         12178.83     5.97563          10.2412    
     307812        110567         12208.86     5.97572          10.2412    
     308315        110720         12238.81     5.97584          10.2412    
     308819        110860         12268.82     5.97599          10.2412    
     309403        111035         12298.84     5.97615          10.2412    
     309984        111231         12328.84     5.97622          10.2412    
     310558        111412         12358.87     5.97635          10.2412    
     311109        111599         12388.87     5.97641          10.2412    
     311680        111746         12418.90     5.97657          10.2412    
     312224        111990         12448.88     5.97662          10.2412    
     312974        112131         12478.89     5.97664          10.2412    
     313571        112323         12508.89     5.97671          10.2412    
     314110        112516         12538.89     5.97681          10.2412    
     314691        112642         12568.88     5.97703          10.2412    
     315228        112796         12598.88     5.97719          10.2412    
     315791        112913         12628.84     5.97739          10.2412    
     316340        113087         12658.86     5.97746          10.2412    
     316895        113270         12688.90     5.97756          10.2412    
     317463        113418         12718.89     5.97768          10.2412    
     318012        113577         12748.87     5.97776          10.2412    
     318570        113758         12778.87     5.97784          10.2412    
     319108        113940         12808.93     5.97790          10.2412    
     319660        114094         12838.93     5.97803          10.2412    
     320190        114278         12868.91     5.97811          10.2412    
     320743        114448         12898.93     5.97822          10.2412    
     321297        114596         12928.93     5.97831          10.2412    
     321839        114746         12958.92     5.97839          10.2412    
     322386        114890         12988.96     5.97854          10.2412    
     322937        115057         13018.97     5.97870          10.2412    
     323471        115249         13048.97     5.97883          10.2412    
     324021        115414         13078.98     5.97897          10.2412    
     324544        115564         13109.01     5.97907          10.2412    
     325075        115759         13139.01     5.97925          10.2412    
     325598        115894         13169.04     5.97941          10.2412    
     326133        116058         13199.04     5.97955          10.2412    
     326674        116219         13229.07     5.97970          10.2412    
     327195        116358         13259.09     5.97983          10.2412    
     327643        116496         13289.09     5.97995          10.2412    
     328182        116667         13319.13     5.98008          10.2412    
     328722        116816         13349.16     5.98017          10.2412    
     329243        117004         13379.16     5.98034          10.2412    
     329758        117174         13409.11     5.98054          10.2412    
     330304        117340         13439.11     5.98070          10.2412    
     330853        117496         13469.08     5.98082          10.2412    
     331360        117649         13499.06     5.98100          10.2412    
     332091        117849         13529.05     5.98103          10.2412    
     333019        117951         13559.08     5.98103          10.2412    
     333915        118058         13589.08     5.98103          10.2412    
     334949        118065         13619.11     5.98103          10.2412    
     335918        118138         13649.14     5.98103          10.2412    
     336883        118212         13679.18     5.98103          10.2412    
     337759        118332         13709.18     5.98103          10.2412    
     338678        118432         13739.16     5.98103          10.2412    
     339510        118536         13768.99     5.98103          10.2412    
     340497        118590         13799.02     5.98103          10.2412    
     341520        118633         13829.05     5.98103          10.2412    
     342481        118663         13859.04     5.98103          10.2412    
     343371        118755         13889.03     5.98103          10.2412    
     344144        118989         13919.02     5.98103          10.2412    
     344980        119147         13949.05     5.98103          10.2412    
     345891        119245         13979.06     5.98103          10.2412    
     346862        119328         14009.08     5.98103          10.2412    
     347725        119447         14039.08     5.98103          10.2412    
     348643        119541         14069.04     5.98103          10.2412    
     349507        119654         14099.06     5.98103          10.2412    
     350444        119744         14129.04     5.98103          10.2412    
     351403        119801         14159.10     5.98103          10.2412    
     352213        119897         14189.10     5.98103          10.2412    
     353145        119943         14219.12     5.98103          10.2412    
     354018        120018         14249.13     5.98103          10.2412    
     354892+       120109         14279.11     5.98103          10.2412    
     355767        120173         14309.18     5.98103          10.2412    
     356602        120271         14339.17     5.98103          10.2412    
     357577        120296         14369.21     5.98103          10.2412    
     358556        120319         14399.20     5.98103          10.2412    
     359399        120427         14429.22     5.98103          10.2412    
     360242        120536         14459.23     5.98103          10.2412    
     361167        120599         14489.28     5.98103          10.2412    
     362081        120637         14519.28     5.98103          10.2412    
     363010        120685         14549.29     5.98103          10.2412    
     363914        120741         14579.32     5.98103          10.2412    
     364886        120759         14609.32     5.98103          10.2412    
     365836        120771         14639.37     5.98103          10.2412    
     366747        120822         14669.38     5.98103          10.2412    
     367622        120879         14701.24     5.98103          10.2412    
     368552        120973         14731.19     5.98103          10.2412    
     369436        121047         14761.19     5.98103          10.2412    
     370345        121083         14791.20     5.98103          10.2412    
     371236        121161         14821.37     5.98103          10.2412    
     372143        121225         14851.37     5.98103          10.2412    
     373034        121282         14881.37     5.98103          10.2412    
     373938        121358         14911.34     5.98103          10.2412    
     374569        121479         14941.31     5.98118          10.2412    
     375106        121624         14971.31     5.98137          10.2412    
     375700        121767         15001.37     5.98150          10.2412    
     376217        121917         15031.35     5.98174          10.2412    
     376744        122076         15061.40     5.98198          10.2412    
     377272        122196         15091.40     5.98230          10.2412    
     377900        122312         15121.38     5.98254          10.2412    
     378414        122515         15151.38     5.98259          10.2412    
     378932        122688         15181.38     5.98259          10.2412    
     379414        122840         15211.38     5.98259          10.2412    
     379956        122993         15241.39     5.98259          10.2412    
     380456        123205         15271.42     5.98259          10.2412    
     380968        123375         15301.47     5.98259          10.2412    
     381493        123534         15331.56     5.98260          10.2412    
     382025        123692         15361.56     5.98279          10.2412    
     382552        123844         15391.60     5.98290          10.2412    
     383100        123989         15421.59     5.98315          10.2412    
     383604        124169         15451.60     5.98323          10.2412    
*    383805        124229         15463.18     5.98330          10.2411    
     384304        124391         15493.15     5.98348          10.2411    
     384836        124560         15523.19     5.98371          10.2411    
     385315        124756         15553.14     5.98372          10.2411    
     385835        124932         15583.14     5.98374          10.2411    
     386349        125082         15613.17     5.98385          10.2411    
     386864        125235         15643.17     5.98398          10.2411    
     387362        125397         15673.16     5.98413          10.2411    
     387874        125536         15703.20     5.98426          10.2411    
     388391        125682         15733.22     5.98445          10.2411    
     388864        125844         15763.21     5.98464          10.2411    
     389376        125978         15793.25     5.98489          10.2411    
     389836        126149         15823.28     5.98496          10.2411    
     390339        126276         15853.26     5.98519          10.2411    
     390831        126428         15883.27     5.98545          10.2411    
     391457        126561         15913.27     5.98552          10.2411    
     391907        126732         15943.33     5.98556          10.2411    
     392401        126890         15973.35     5.98566          10.2411    
     392896        127050         16003.36     5.98575          10.2411    
     393384        127218         16033.38     5.98592          10.2411    
     393855+       127407         16063.59     5.98602          10.2411    
     394335        127586         16093.64     5.98614          10.2411    
     394844        127732         16123.66     5.98635          10.2411    
     395300        127873         16153.62     5.98652          10.2411    
     395794        128019         16183.62     5.98667          10.2411    
     396293+       128175         16214.18     5.98690          10.2411    
     396772        128346         16244.18     5.98700          10.2411    
     397239        128536         16274.17     5.98706          10.2411    
     397708        128717         16304.20     5.98712          10.2411    
     398186        128862         16334.26     5.98724          10.2411    
     398678        129038         16364.27     5.98737          10.2411    
     399148        129203         16394.32     5.98749          10.2411    
     399641        129351         16424.30     5.98766          10.2411    
     400149        129475         16454.27     5.98786          10.2411    
     400621+       129635         16484.31     5.98803          10.2411    
     401220        129736         16514.34     5.98812          10.2411    
     401703        129896         16544.34     5.98823          10.2411    
     402275        130014         16574.31     5.98839          10.2411    
     402737        130198         16604.34     5.98846          10.2411    
     403157        130335         16634.32     5.98850          10.2411    
     403628        130513         16664.31     5.98858          10.2411    
     404127        130637         16694.35     5.98867          10.2411    
     404593        130795         16724.35     5.98876          10.2411    
     405108        130936         16754.38     5.98889          10.2411    
     405580+       131090         16784.41     5.98903          10.2411    
     406073        131259         16814.41     5.98927          10.2411    
     406558        131391         16844.44     5.98948          10.2411    
     407019        131547         16874.50     5.98958          10.2411    
     407482        131718         16904.53     5.98974          10.2411    
     407971        131875         16934.56     5.98986          10.2411    
     408442        132029         16964.58     5.99012          10.2411    
     408916        132180         16994.58     5.99022          10.2411    
     409410        132349         17024.44     5.99044          10.2411    
     409897        132506         17054.44     5.99057          10.2411    
     410366        132689         17084.43     5.99066          10.2411    
     410850        132866         17114.43     5.99080          10.2411    
     411316        133030         17144.48     5.99090          10.2411    
     411791        133185         17174.49     5.99105          10.2411    
     412246        133357         17204.54     5.99116          10.2411    
     412717        133512         17234.58     5.99129          10.2411    
     413187        133660         17264.63     5.99146          10.2411    
     413639        133832         17294.61     5.99164          10.2411    
     414117+       133962         17325.05     5.99188          10.2411    
     414609        134123         17355.10     5.99193          10.2411    
     415106        134278         17385.14     5.99212          10.2411    
     415607        134434         17415.20     5.99219          10.2411    
     416126        134573         17445.19     5.99230          10.2411    
     416622        134723         17475.23     5.99245          10.2411    
     417131        134855         17505.26     5.99259          10.2411    
     417614        134997         17535.29     5.99271          10.2411    
     418082        135157         17565.34     5.99278          10.2411    
     418557        135312         17595.37     5.99287          10.2411    
     419019        135466         17625.37     5.99305          10.2411    
     419478        135615         17655.37     5.99321          10.2411    
     419948        135764         17685.38     5.99340          10.2411    
     420424        135920         17715.38     5.99351          10.2411    
     420894        136079         17745.39     5.99359          10.2411    
     421360        136229         17775.39     5.99374          10.2411    
     421833        136387         17805.39     5.99380          10.2411    
     422319        136537         17835.41     5.99397          10.2411    
     422821        136687         17865.48     5.99419          10.2411    
     423300        136853         17895.53     5.99431          10.2411    
     423814        136982         17925.58     5.99451          10.2411    
     424288        137160         17955.51     5.99451          10.2411    
     424784        137355         17985.54     5.99451          10.2411    
     425013        137460         18000.00     5.99451          10.2411    

                    *** Max. allowable time exceeded ***      

 Wall clock time:                 18036.00
 Total CPU time used:             18000.00

 Total no. of BaR iterations:  425013
 Best solution found at node:  383805
 Max. no. of nodes in memory:  137460
 
 All done
===========================================================================
