===========================================================================
 BARON version 18.5.8. Built: WIN-64 Tue May 8 15:02:43 EDT 2018 

 BARON is a product of The Optimization Firm, LLC. http://www.minlp.com/

 If you use this software, please cite publications from
 http://www.minlp.com/about-baron, such as: 

 Kilinc, M. and N. V. Sahinidis, Exploiting integrality in the global
 optimization of mixed-integer nonlinear programming problems in BARON,
 Optimization Methods and Software, 33, 540-562, 2018.
===========================================================================
 This BARON run may utilize the following subsolver(s)
 For LP/MIP: ILOG CPLEX                                      
 For NLP: MINOS, GAMS external NLP, IPOPT, FILTERSD, FILTERSQP
===========================================================================
    The options used in solving the problem are as follows:
       maxtime        =  0.1800E+05
       maxiter        =      -1
       numsol         =       1
       firstfeas      =       0
       cutoff         =  0.1000E+52
       epsa           =  0.1000E-08
       epsr           =  0.1000E-01
       deltaterm      =       0
       deltaa         =  0.1000E+52
       deltar         =  0.1000E+01
       deltat         = -0.1000E+03
       boxtol         =  0.1000E-07
       isoltol        =  0.1000E-03
       absconfeastol  =  0.1000E-04
       relconfeastol  =  0.0000E+00
       absintfeastol  =  0.1000E-04
       relintfeastol  =  0.0000E+00
       results        =       1
       summary        =       1
       times          =       1
       prtimefreq     =  0.3000E+02
       prfreq         = 1000000
       prlevel        =       1
       numprint       =      -1
       numprintdual   =      -1
       lpsol          =       3
       nlpsol         =      -1
       allowminos     =       1
       allowsnopt     =       1
       allowexternal  =       1
       allowipopt     =       1
       allowfiltersd  =       1
       allowfiltersqp =       1
       dolocal        =       1
       numloc         =      -2
       locres         =       0
       pdo            =      -2
       brvarstra      =       0
       brptstra       =       0
       nodesel        =       0
       compiis        =       0
       iisint         =       1
       iisorder       =      -1
       threads        =       1
===========================================================================
 Doing local search
 Solving bounding LP
 Starting multi-start local search
 Preprocessing found feasible solution with value  14.7291988479     
 Preprocessing found feasible solution with value  14.4299419941     
 Done with local search
===========================================================================
  Iteration    Open nodes         Time (s)    Lower bound      Upper bound
*         1             1             5.13     1.52355          13.3287    
*         1             1             5.80     2.20323          13.0866    
*         1             1             6.01     2.20323          13.0761    
          1             1             6.22     2.20323          13.0761    
*         9             6             8.42     2.28071          12.9785    
*         9             6             8.97     2.28071          12.9230    
        581           365            38.05     6.99644          12.9230    
       1524           847            67.28     7.00036          12.9230    
       2128          1194            96.74     7.00253          12.9230    
       3102          1677           125.96     7.05989          12.9230    
       3952          2097           155.74     7.10488          12.9230    
       4409          2350           185.64     7.10502          12.9230    
       5275+         2780           216.44     7.12946          12.9230    
       6030          3159           245.98     7.14070          12.9230    
       6700          3550           274.55     7.14527          12.9230    
       7532          3947           304.40     7.16986          12.9230    
       8442          4438           333.09     7.18417          12.9230    
       9242          4849           362.36     7.19517          12.9230    
      10034          5255           391.58     7.20824          12.9230    
      10853          5635           421.12     7.22914          12.9230    
      11684          6026           450.22     7.25054          12.9230    
      12621          6473           479.28     7.28308          12.9230    
      13227+         6798           508.24     7.29400          12.9230    
      13922          7138           537.36     7.30962          12.9230    
      14796          7558           566.66     7.32496          12.9230    
      15774          8054           596.24     7.34828          12.9230    
      16510          8396           626.36     7.37074          12.9230    
      17308+         8774           657.11     7.39324          12.9230    
      18283          9268           686.36     7.40416          12.9230    
      19343          9731           716.00     7.41810          12.9230    
      20292         10142           745.75     7.43233          12.9230    
      21387         10609           775.18     7.44714          12.9230    
      22176         10973           805.11     7.45697          12.9230    
      23077         11352           834.62     7.46535          12.9230    
      23948         11712           864.12     7.47569          12.9230    
      24914         12078           893.81     7.49781          12.9230    
      25871         12486           923.35     7.52713          12.9230    
      26787+        12864           952.95     7.55701          12.9230    
*     27053         12992           961.23     7.56210          12.9229    
      28014+        13381           990.65     7.57355          12.9229    
      29107         13814          1020.93     7.58790          12.9229    
      30120         14226          1050.57     7.60113          12.9229    
      31017         14570          1079.98     7.61348          12.9229    
      32111         14976          1109.31     7.62712          12.9229    
      32914         15310          1139.09     7.63742          12.9229    
      33639         15568          1169.07     7.63875          12.9229    
      34416+        15875          1198.84     7.64402          12.9229    
      35330         16230          1228.37     7.65511          12.9229    
      35888         16422          1258.34     7.65858          12.9229    
      36756         16758          1288.07     7.66207          12.9229    
      37812         17145          1317.77     7.66679          12.9229    
      38948         17511          1347.30     7.67242          12.9229    
      40095         17929          1376.68     7.67878          12.9229    
      41075         18364          1406.12     7.68302          12.9229    
      42025         18746          1435.72     7.68628          12.9229    
      43075         19159          1465.15     7.69029          12.9229    
      44095+        19551          1494.83     7.69509          12.9229    
      45003+        19886          1524.49     7.69947          12.9229    
      46026         20292          1553.94     7.70316          12.9229    
      47084         20701          1583.78     7.70547          12.9229    
      48154         21111          1613.89     7.70847          12.9229    
      49235         21520          1643.88     7.71491          12.9229    
      50162         21895          1673.83     7.71690          12.9229    
      51161         22257          1703.81     7.72105          12.9229    
      52160         22622          1733.80     7.72372          12.9229    
      52885         22901          1763.76     7.72544          12.9229    
      53833         23268          1793.75     7.72923          12.9229    
      54735+        23649          1823.79     7.72983          12.9229    
      55778         24023          1853.76     7.73278          12.9229    
      56794         24400          1883.76     7.73648          12.9229    
      57840         24803          1913.74     7.73843          12.9229    
      58798         25128          1943.73     7.74243          12.9229    
      59701         25477          1973.72     7.74657          12.9229    
      60695         25833          2003.72     7.75188          12.9229    
      61748         26254          2033.72     7.75630          12.9229    
      62752         26636          2063.69     7.76127          12.9229    
      63680         27018          2093.66     7.76469          12.9229    
      64664         27376          2123.66     7.77022          12.9229    
      65613         27708          2153.63     7.77515          12.9229    
      66585         28076          2183.61     7.78091          12.9229    
      67588         28489          2213.86     7.78576          12.9229    
      68611         28898          2243.84     7.79135          12.9229    
      69644         29246          2274.62     7.79565          12.9229    
      70602         29599          2304.60     7.79914          12.9229    
      71522         29919          2334.57     7.80253          12.9229    
      72368         30230          2366.46     7.80407          12.9229    
      73281         30568          2396.44     7.80690          12.9229    
      74268         30907          2426.42     7.81135          12.9229    
      75187         31240          2456.41     7.81520          12.9229    
      76069         31565          2486.38     7.81963          12.9229    
      77050         31948          2516.36     7.82170          12.9229    
      78096         32386          2546.36     7.82515          12.9229    
      79136         32732          2576.36     7.82759          12.9229    
      80121         33101          2606.34     7.83145          12.9229    
      81083         33433          2636.34     7.83530          12.9229    
      82066         33772          2666.32     7.83868          12.9229    
      82912         34116          2696.31     7.84129          12.9229    
      83844         34534          2726.29     7.84256          12.9229    
      84837         34902          2756.32     7.84422          12.9229    
      85729         35265          2786.30     7.84495          12.9229    
      86646         35588          2816.29     7.84689          12.9229    
      87541         35932          2846.27     7.84885          12.9229    
      88550         36318          2876.22     7.85018          12.9229    
      89493         36650          2906.22     7.85426          12.9229    
      90475         36995          2936.20     7.85638          12.9229    
      91405         37325          2966.17     7.85901          12.9229    
      92310         37638          2996.17     7.86187          12.9229    
      93161         37950          3026.15     7.86501          12.9229    
      94130         38298          3056.14     7.86747          12.9229    
      95063         38659          3086.14     7.86957          12.9229    
      96057         38997          3116.10     7.87182          12.9229    
      96955         39355          3146.09     7.87296          12.9229    
      97887         39695          3176.07     7.87350          12.9229    
      98786         40020          3206.05     7.87433          12.9229    
      99812         40359          3236.05     7.87596          12.9229    
     100697         40609          3266.05     7.87754          12.9229    
     101689         40944          3296.05     7.88027          12.9229    
     102607         41283          3326.02     7.88234          12.9229    
     103367+        41578          3356.16     7.88328          12.9229    
     104360+        41903          3387.67     7.88443          12.9229    
     105396         42172          3417.65     7.88443          12.9229    
     106425         42435          3447.61     7.88443          12.9229    
     107389         42719          3477.61     7.88443          12.9229    
     108409         43018          3507.59     7.88443          12.9229    
     109415         43220          3537.57     7.88443          12.9229    
     110527         43395          3567.56     7.88443          12.9229    
     111308         43519          3597.54     7.88443          12.9229    
     111443+        43422          3627.54     7.88454          12.9229    
     111507         43386          3657.51     7.88475          12.9229    
     111625+        43329          3687.52     7.88521          12.9229    
     111786+        43248          3717.44     7.88578          12.9229    
     111937+        43200          3747.41     7.88645          12.9229    
     112086         43161          3777.41     7.88694          12.9229    
     112818         43339          3807.39     7.88799          12.9229    
     113873         43623          3838.06     7.88899          12.9229    
     114891         43887          3868.03     7.88899          12.9229    
     115858         44230          3897.97     7.88899          12.9229    
     116957         44421          3928.40     7.88899          12.9229    
     117940         44623          3958.51     7.88899          12.9229    
     118882         44766          3988.49     7.88899          12.9229    
     119920+        44937          4020.07     7.88899          12.9229    
     120974         45131          4050.07     7.88899          12.9229    
     122059         45341          4081.27     7.88899          12.9229    
     123165         45439          4111.23     7.88899          12.9229    
     124167         45676          4141.23     7.88899          12.9229    
     125181         45776          4171.20     7.88899          12.9229    
     126183         45896          4201.89     7.88899          12.9229    
     127188         45995          4231.89     7.88899          12.9229    
     128294         46103          4261.87     7.88899          12.9229    
     129357         46202          4291.85     7.88931          12.9229    
     130424         46512          4321.84     7.88951          12.9229    
     131356+        46805          4352.16     7.88951          12.9229    
     132220         47078          4382.15     7.88951          12.9229    
     133238         47367          4412.11     7.88951          12.9229    
     134252         47627          4442.07     7.89040          12.9229    
     135259+        47977          4472.05     7.89053          12.9229    
     135443+        47935          4502.05     7.89053          12.9229    
     135589+        47843          4532.02     7.89069          12.9229    
     135745+        47752          4562.03     7.89103          12.9229    
     135833+        47715          4591.98     7.89120          12.9229    
     135907+        47680          4622.00     7.89131          12.9229    
     136061+        47590          4652.04     7.89166          12.9229    
     136183+        47516          4682.06     7.89196          12.9229    
     136306         47461          4712.04     7.89235          12.9229    
     136468         47407          4743.40     7.89264          12.9229    
     136651+        47326          4773.38     7.89296          12.9229    
     136779+        47247          4803.38     7.89327          12.9229    
     136916+        47181          4833.38     7.89351          12.9229    
     137049         47111          4863.39     7.89388          12.9229    
     137205         47038          4893.42     7.89441          12.9229    
     137347+        46956          4923.47     7.89474          12.9229    
     137788         47028          4953.47     7.89552          12.9229    
     138716         47270          4983.48     7.89644          12.9229    
     139605         47544          5013.48     7.89750          12.9229    
     140224         47761          5043.47     7.89797          12.9229    
     140981         47981          5073.43     7.89797          12.9229    
     141840         48161          5103.42     7.89797          12.9229    
     142727         48310          5133.40     7.89797          12.9229    
     143636         48424          5163.37     7.89797          12.9229    
     144348         48553          5193.34     7.89821          12.9229    
     145212         48742          5223.33     7.89927          12.9229    
     146122         48899          5253.30     7.89963          12.9229    
     147063         49170          5283.29     7.89963          12.9229    
     147876         49444          5313.28     7.89963          12.9229    
     148743+        49778          5343.64     7.89963          12.9229    
     149793         49978          5373.61     7.89963          12.9229    
     150669         50205          5403.59     7.89963          12.9229    
     151705         50364          5433.70     7.89963          12.9229    
     152598         50617          5463.69     7.89963          12.9229    
     153485         50767          5493.67     7.89963          12.9229    
     154391         50946          5523.65     7.89977          12.9229    
     155284         51110          5553.65     7.90000          12.9229    
     156280         51285          5583.62     7.90021          12.9229    
     157215         51502          5613.63     7.90021          12.9229    
     158078         51711          5643.62     7.90021          12.9229    
     158968+        51932          5674.94     7.90021          12.9229    
     159891         52074          5704.93     7.90021          12.9229    
     160883         52256          5734.91     7.90021          12.9229    
     161921         52360          5764.91     7.90021          12.9229    
     162984         52473          5795.97     7.90033          12.9229    
     163905         52639          5825.95     7.90067          12.9229    
     164878         52837          5855.93     7.90094          12.9229    
     165926         53181          5886.62     7.90101          12.9229    
     166780+        53384          5916.67     7.90101          12.9229    
     167758         53634          5946.65     7.90101          12.9229    
     169012         53925          5976.63     7.90101          12.9229    
     169633+        54082          6006.62     7.90101          12.9229    
     169789         53986          6036.60     7.90101          12.9229    
     169885+        53935          6066.61     7.90103          12.9229    
     170000         53868          6096.63     7.90124          12.9229    
     170139+        53785          6126.58     7.90137          12.9229    
     170238         53722          6156.55     7.90147          12.9229    
     170361+        53643          6186.56     7.90162          12.9229    
     170449+        53592          6216.55     7.90177          12.9229    
     170573+        53529          6247.20     7.90192          12.9229    
     170878         53516          6277.17     7.90212          12.9229    
     171562         53684          6309.13     7.90268          12.9229    
     172206         53854          6339.12     7.90312          12.9229    
     172854         54011          6369.10     7.90339          12.9229    
     173630         54195          6399.08     7.90376          12.9229    
     174349         54364          6429.08     7.90410          12.9229    
     175278         54526          6459.08     7.90456          12.9229    
     176049         54718          6489.08     7.90468          12.9229    
     176893         54833          6519.08     7.90500          12.9229    
     177913         55001          6549.08     7.90546          12.9229    
     179041+        55240          6579.12     7.90550          12.9229    
     180003         55378          6609.23     7.90584          12.9229    
     180788+        55542          6640.68     7.90637          12.9229    
     181473         55668          6670.68     7.90675          12.9229    
     182193+        55825          6701.26     7.90722          12.9229    
     182837+        55969          6731.52     7.90759          12.9229    
     183561         56130          6761.52     7.90767          12.9229    
     184218         56270          6791.52     7.90803          12.9229    
     184900+        56385          6821.52     7.90863          12.9229    
     185524         56508          6851.64     7.90914          12.9229    
     186295         56672          6883.53     7.90968          12.9229    
     187011         56810          6913.48     7.90998          12.9229    
     187491+        56861          6943.48     7.91024          12.9229    
     187646+        56769          6973.45     7.91054          12.9229    
     187751+        56707          7003.43     7.91073          12.9229    
     187857+        56659          7033.41     7.91085          12.9229    
     187978+        56606          7063.46     7.91108          12.9229    
     188075+        56546          7093.44     7.91123          12.9229    
     188195+        56496          7123.50     7.91147          12.9229    
     188351+        56413          7153.47     7.91179          12.9229    
     188447+        56361          7183.47     7.91198          12.9229    
     188577+        56281          7213.46     7.91223          12.9229    
     188665+        56234          7243.42     7.91237          12.9229    
     188802+        56160          7273.50     7.91261          12.9229    
     188899+        56113          7303.42     7.91286          12.9229    
     189074+        56011          7333.42     7.91324          12.9229    
     189173+        55954          7363.47     7.91353          12.9229    
     189287+        55876          7393.46     7.91375          12.9229    
     189397+        55822          7423.46     7.91402          12.9229    
     189517+        55748          7453.45     7.91428          12.9229    
     189617+        55685          7483.46     7.91452          12.9229    
     189737+        55617          7513.49     7.91475          12.9229    
     189884+        55540          7543.60     7.91519          12.9229    
     189987+        55474          7573.58     7.91554          12.9229    
     190063+        55436          7603.63     7.91580          12.9229    
     190165+        55379          7633.63     7.91605          12.9229    
     190239+        55338          7663.63     7.91626          12.9229    
     190369+        55281          7693.64     7.91667          12.9229    
     190541         55229          7723.67     7.91715          12.9229    
     190687+        55145          7753.69     7.91748          12.9229    
     190760+        55110          7783.65     7.91769          12.9229    
     190939+        55069          7813.62     7.91800          12.9229    
     191075         55033          7843.65     7.91822          12.9229    
     191232         54977          7873.71     7.91891          12.9229    
     191449         54991          7903.73     7.91940          12.9229    
     192284         55229          7933.70     7.91967          12.9229    
     193178         55452          7963.68     7.91967          12.9229    
     193960         55644          7993.66     7.92018          12.9229    
     194652         55844          8024.35     7.92053          12.9229    
     195571         56037          8054.35     7.92054          12.9229    
     196448         56217          8084.35     7.92100          12.9229    
     197391         56397          8114.35     7.92186          12.9229    
     198188         56568          8144.30     7.92186          12.9229    
     199053         56751          8175.51     7.92201          12.9229    
     199900         56985          8205.53     7.92227          12.9229    
     200831         57207          8235.51     7.92227          12.9229    
     201752         57343          8265.51     7.92227          12.9229    
     202601         57551          8296.01     7.92227          12.9229    
     203529         57715          8325.96     7.92227          12.9229    
     204431         57831          8355.94     7.92243          12.9229    
     205243         58038          8385.93     7.92243          12.9229    
     205987         58169          8416.61     7.92243          12.9229    
     206822         58308          8446.58     7.92263          12.9229    
     207926         58546          8476.69     7.92263          12.9229    
     208721+        58738          8506.72     7.92263          12.9229    
     209632         59120          8536.70     7.92263          12.9229    
     210662         59448          8566.67     7.92263          12.9229    
     211692         59682          8596.65     7.92263          12.9229    
     212773         59888          8626.61     7.92263          12.9229    
     213815         60076          8656.59     7.92263          12.9229    
     214773         60078          8686.56     7.92263          12.9229    
     215049+        59919          8716.56     7.92263          12.9229    
     215169         59852          8746.57     7.92263          12.9229    
     215351+        59739          8776.57     7.92263          12.9229    
     215483+        59650          8806.54     7.92286          12.9229    
     215555+        59608          8836.54     7.92297          12.9229    
     215651+        59547          8866.58     7.92306          12.9229    
     215807+        59460          8896.71     7.92326          12.9229    
     215962+        59340          8926.80     7.92355          12.9229    
     216087         59258          8956.88     7.92382          12.9229    
     216278+        59203          8986.84     7.92406          12.9229    
     216786         59297          9016.84     7.92418          12.9229    
     217656         59436          9046.81     7.92418          12.9229    
     218476         59608          9076.79     7.92421          12.9229    
     219223         59770          9106.79     7.92480          12.9229    
     219894         59973          9136.78     7.92558          12.9229    
     220718         60177          9166.76     7.92573          12.9229    
     221407+        60323          9196.79     7.92607          12.9229    
     222168         60455          9226.76     7.92618          12.9229    
     222952         60649          9256.74     7.92687          12.9229    
     223700         60856          9286.72     7.92761          12.9229    
     224416         61031          9316.69     7.92791          12.9229    
     225259+        61208          9347.19     7.92811          12.9229    
     225964         61374          9377.17     7.92856          12.9229    
     226621         61507          9407.16     7.92923          12.9229    
     227288         61681          9437.17     7.92953          12.9229    
     228067         61825          9467.15     7.92981          12.9229    
     228668         61960          9497.18     7.93007          12.9229    
     229310         62082          9527.15     7.93056          12.9229    
     229933         62251          9557.15     7.93083          12.9229    
     230523         62412          9587.15     7.93133          12.9229    
     231176         62553          9617.13     7.93181          12.9229    
     231758         62708          9647.10     7.93239          12.9229    
     232604         62918          9677.10     7.93292          12.9229    
     233285         63051          9707.08     7.93365          12.9229    
     234000         63206          9737.19     7.93421          12.9229    
     234734         63419          9767.16     7.93461          12.9229    
     235644         63784          9797.14     7.93461          12.9229    
     236463         63992          9828.98     7.93461          12.9229    
     237342         64179          9858.97     7.93461          12.9229    
     238103         64337          9888.95     7.93461          12.9229    
     238898         64486          9918.90     7.93461          12.9229    
     239723+        64666          9949.18     7.93461          12.9229    
     240470         64906          9979.18     7.93461          12.9229    
     241284         65138         10009.18     7.93461          12.9229    
     242241+        65340         10040.35     7.93461          12.9229    
     243096         65516         10070.35     7.93461          12.9229    
     243962         65713         10100.35     7.93461          12.9229    
     244810         65870         10130.33     7.93461          12.9229    
     245651         66052         10160.34     7.93478          12.9229    
     246411         66270         10190.33     7.93514          12.9229    
     247114         66474         10220.41     7.93554          12.9229    
     247818         66644         10250.39     7.93593          12.9229    
     248544         66822         10280.40     7.93624          12.9229    
     249298         66994         10310.40     7.93670          12.9229    
     250069         67140         10340.40     7.93708          12.9229    
     250765         67330         10370.38     7.93742          12.9229    
     251462         67533         10400.40     7.93779          12.9229    
     252222         67701         10430.40     7.93829          12.9229    
     252938         67837         10460.93     7.93890          12.9229    
     253670         68073         10490.93     7.93918          12.9229    
     254371         68308         10520.89     7.93918          12.9229    
     255138         68549         10550.89     7.93918          12.9229    
     255842         68780         10580.86     7.93918          12.9229    
     256527+        68925         10611.06     7.93918          12.9229    
     257313         69112         10641.06     7.93918          12.9229    
     258103         69341         10671.05     7.93918          12.9229    
     258792         69531         10701.03     7.93918          12.9229    
     259495         69727         10730.98     7.93918          12.9229    
     260233+        69959         10761.12     7.93918          12.9229    
     260840         70087         10791.09     7.93918          12.9229    
     261495         70229         10821.07     7.93918          12.9229    
     262290         70332         10851.05     7.93918          12.9229    
     263076         70498         10881.05     7.93918          12.9229    
     263757         70637         10911.61     7.93918          12.9229    
     264472         70744         10941.61     7.93918          12.9229    
     265216         70862         10971.60     7.93918          12.9229    
     265941         70985         11001.55     7.93918          12.9229    
     266638         71090         11032.17     7.93918          12.9229    
     267381         71193         11062.81     7.93918          12.9229    
     268199         71362         11092.79     7.93918          12.9229    
     268912         71463         11122.81     7.93918          12.9229    
     269616         71627         11152.78     7.93918          12.9229    
     270481         71809         11182.78     7.93945          12.9229    
     271420         72078         11212.76     7.93945          12.9229    
     272112         72239         11242.76     7.93945          12.9229    
     272853         72430         11275.14     7.93967          12.9229    
     273492         72605         11305.13     7.93980          12.9229    
     274258         72752         11335.11     7.94009          12.9229    
     275018         72922         11365.20     7.94038          12.9229    
     275773         73084         11395.19     7.94073          12.9229    
     276492         73253         11425.17     7.94111          12.9229    
     277188         73458         11455.15     7.94129          12.9229    
     278013         73608         11485.14     7.94129          12.9229    
     278761         73772         11515.12     7.94129          12.9229    
     279411         74037         11545.12     7.94129          12.9229    
     280125         74170         11575.10     7.94129          12.9229    
     280865         74345         11605.09     7.94129          12.9229    
     281633+        74526         11636.40     7.94129          12.9229    
     282357         74661         11666.39     7.94129          12.9229    
     283004         74792         11696.38     7.94129          12.9229    
     283720         74900         11726.33     7.94132          12.9229    
     284489         75062         11756.31     7.94162          12.9229    
     285137         75197         11786.34     7.94199          12.9229    
     285872         75386         11817.15     7.94223          12.9229    
     286550         75640         11847.95     7.94223          12.9229    
     287286         75837         11877.95     7.94223          12.9229    
     288012+        75967         11908.35     7.94223          12.9229    
     288760         76200         11938.37     7.94223          12.9229    
     289522         76384         11968.35     7.94223          12.9229    
     290216         76535         11998.93     7.94223          12.9229    
     290970         76754         12028.89     7.94223          12.9229    
     291650         76869         12058.88     7.94223          12.9229    
     292369         76974         12088.84     7.94236          12.9229    
     292985+        77064         12118.84     7.94281          12.9229    
     293073+        77018         12148.87     7.94288          12.9229    
     293194+        76951         12178.87     7.94303          12.9229    
     293369+        76857         12208.90     7.94333          12.9229    
     293434         76819         12238.89     7.94341          12.9229    
     293541+        76762         12268.93     7.94352          12.9229    
     293665+        76696         12298.92     7.94370          12.9229    
     293782+        76627         12328.92     7.94390          12.9229    
     293872         76574         12358.95     7.94407          12.9229    
     293989+        76511         12388.93     7.94428          12.9229    
     294125+        76433         12418.93     7.94450          12.9229    
     294232+        76362         12448.90     7.94468          12.9229    
     294328+        76302         12478.89     7.94489          12.9229    
     294380+        76262         12508.91     7.94500          12.9229    
     294495+        76197         12538.91     7.94519          12.9229    
     294595+        76138         12568.91     7.94532          12.9229    
     294675         76102         12598.91     7.94545          12.9229    
     294773+        76044         12628.91     7.94565          12.9229    
     294881+        75975         12658.92     7.94583          12.9229    
     294990         75929         12688.93     7.94609          12.9229    
     295099         75877         12718.92     7.94627          12.9229    
     295223+        75819         12749.98     7.94655          12.9229    
     295289+        75780         12779.98     7.94666          12.9229    
     295379+        75731         12809.96     7.94686          12.9229    
     295487         75679         12839.97     7.94714          12.9229    
     295589         75616         12869.99     7.94725          12.9229    
     295687+        75565         12899.99     7.94744          12.9229    
     295781+        75519         12929.97     7.94759          12.9229    
     295899+        75453         12959.94     7.94779          12.9229    
     295996+        75400         12991.53     7.94798          12.9229    
     296123+        75324         13021.53     7.94826          12.9229    
     296243+        75250         13051.51     7.94858          12.9229    
     296353+        75185         13081.54     7.94890          12.9229    
     296449+        75128         13111.60     7.94901          12.9229    
     296547+        75081         13141.56     7.94925          12.9229    
     296665+        75026         13171.59     7.94950          12.9229    
     296765+        74963         13201.62     7.94968          12.9229    
     296856         74895         13231.69     7.94979          12.9229    
     296959+        74836         13261.66     7.95000          12.9229    
     297056+        74776         13291.66     7.95024          12.9229    
     297173+        74715         13321.63     7.95048          12.9229    
     297271+        74655         13351.66     7.95069          12.9229    
     297331+        74622         13381.66     7.95074          12.9229    
     297409+        74589         13411.64     7.95091          12.9229    
     297476+        74564         13441.67     7.95108          12.9229    
     297606         74479         13471.64     7.95132          12.9229    
     297691+        74430         13501.64     7.95147          12.9229    
     297796         74366         13531.67     7.95176          12.9229    
     297925+        74291         13561.71     7.95205          12.9229    
     298067+        74230         13591.74     7.95221          12.9229    
     298168+        74181         13621.80     7.95245          12.9229    
     298274+        74133         13651.79     7.95260          12.9229    
     298377+        74074         13681.82     7.95287          12.9229    
     298479+        74014         13711.85     7.95323          12.9229    
     298574+        73959         13741.88     7.95351          12.9229    
     298670         73899         13771.86     7.95389          12.9229    
     298787+        73833         13801.95     7.95425          12.9229    
     298863+        73784         13831.95     7.95445          12.9229    
     298931+        73745         13861.94     7.95462          12.9229    
     299030         73701         13891.97     7.95481          12.9229    
     299125+        73669         13922.04     7.95506          12.9229    
     299257+        73596         13952.09     7.95547          12.9229    
     299335+        73560         13982.09     7.95566          12.9229    
     299415+        73520         14012.10     7.95583          12.9229    
     299546         73453         14042.12     7.95620          12.9229    
     299856         73510         14073.15     7.95677          12.9229    
     300457         73685         14103.15     7.95743          12.9229    
     301081         73829         14134.91     7.95777          12.9229    
     301656         73954         14164.89     7.95855          12.9229    
     302219         74084         14194.89     7.95879          12.9229    
     302851         74274         14224.87     7.95879          12.9229    
     303597         74399         14254.89     7.95879          12.9229    
     304295         74521         14284.89     7.95884          12.9229    
     304998         74641         14314.87     7.95971          12.9229    
     305652         74781         14344.88     7.96001          12.9229    
     306260         74932         14374.88     7.96051          12.9229    
     306900         75086         14404.90     7.96135          12.9229    
     307526         75202         14435.26     7.96202          12.9229    
     308158         75376         14465.25     7.96202          12.9229    
     308836         75627         14495.11     7.96202          12.9229    
     309568         75788         14525.08     7.96202          12.9229    
     310271         75970         14555.06     7.96214          12.9229    
     310915         76116         14585.06     7.96219          12.9229    
     311616         76281         14615.08     7.96237          12.9229    
     312344         76420         14645.06     7.96256          12.9229    
     313030         76576         14675.06     7.96268          12.9229    
     313670         76773         14705.06     7.96287          12.9229    
     314386         76950         14735.06     7.96326          12.9229    
     315176         77092         14765.04     7.96326          12.9229    
     315944         77207         14795.03     7.96326          12.9229    
     316643         77398         14825.04     7.96340          12.9229    
     317382+        77539         14855.58     7.96340          12.9229    
     318094+        77671         14885.57     7.96340          12.9229    
     318801+        77766         14916.14     7.96351          12.9229    
     319409         77955         14946.14     7.96398          12.9229    
     320076         78049         14976.14     7.96410          12.9229    
     320723         78176         15006.13     7.96410          12.9229    
     321337         78327         15036.11     7.96433          12.9229    
     321977+        78493         15067.29     7.96433          12.9229    
     322716         78651         15097.31     7.96433          12.9229    
     323437         78700         15127.28     7.96433          12.9229    
     324062         78859         15157.28     7.96445          12.9229    
     324752         78982         15187.26     7.96448          12.9229    
     325459         79113         15217.23     7.96468          12.9229    
     326105         79241         15247.19     7.96499          12.9229    
     326766         79394         15277.16     7.96555          12.9229    
     327392         79571         15307.16     7.96592          12.9229    
     328032         79789         15337.16     7.96592          12.9229    
     328702         79939         15367.14     7.96592          12.9229    
     329404         80100         15397.14     7.96592          12.9229    
     330086         80277         15427.14     7.96592          12.9229    
     330720         80455         15457.14     7.96592          12.9229    
     331410         80607         15487.11     7.96592          12.9229    
     332144         80759         15517.12     7.96592          12.9229    
     332791         80886         15547.09     7.96592          12.9229    
     333380         81033         15577.07     7.96592          12.9229    
     334052         81154         15607.09     7.96649          12.9229    
     334682         81317         15637.06     7.96685          12.9229    
     335307         81443         15667.04     7.96727          12.9229    
     336074         81615         15697.01     7.96731          12.9229    
     336852         81732         15727.02     7.96735          12.9229    
     337385         81832         15757.02     7.96793          12.9229    
     337990         81942         15787.02     7.96823          12.9229    
     338653         82083         15817.00     7.96869          12.9229    
     339263         82191         15846.99     7.96906          12.9229    
     339946         82315         15876.97     7.96929          12.9229    
     340502         82467         15907.00     7.96959          12.9229    
     341137         82645         15936.98     7.96959          12.9229    
     341750         82784         15966.98     7.96959          12.9229    
     342444         82933         15996.98     7.96959          12.9229    
     343112         83104         16026.98     7.96959          12.9229    
     343769         83221         16058.74     7.96959          12.9229    
     344452         83334         16088.73     7.96959          12.9229    
     345061         83493         16118.76     7.96959          12.9229    
     345673         83640         16148.77     7.96959          12.9229    
     346369         83763         16178.72     7.96959          12.9229    
     346995         83935         16208.71     7.96959          12.9229    
     347649         84014         16238.71     7.96974          12.9229    
     348258         84127         16268.74     7.97023          12.9229    
     348910         84237         16298.72     7.97093          12.9229    
     349527         84376         16328.72     7.97141          12.9229    
     350220         84518         16358.69     7.97171          12.9229    
     350845         84675         16388.69     7.97223          12.9229    
     351481         84802         16418.67     7.97270          12.9229    
     352113         84935         16448.67     7.97329          12.9229    
     352694         85036         16478.68     7.97379          12.9229    
     353280+        85170         16509.23     7.97419          12.9229    
     353826         85240         16539.23     7.97458          12.9229    
     354361         85390         16569.22     7.97498          12.9229    
     354954         85495         16599.24     7.97537          12.9229    
     355524         85594         16629.22     7.97594          12.9229    
     356022         85701         16659.39     7.97624          12.9229    
     356602         85855         16689.41     7.97679          12.9229    
     357218         86021         16719.42     7.97715          12.9229    
     357751         86134         16749.41     7.97740          12.9229    
     358347         86239         16779.39     7.97804          12.9229    
     358919         86376         16809.39     7.97860          12.9229    
     359461         86482         16839.37     7.97909          12.9229    
     360027         86589         16869.40     7.97936          12.9229    
     360640         86732         16899.42     7.97955          12.9229    
     361230         86856         16929.40     7.98006          12.9229    
     361894         87007         16959.41     7.98025          12.9229    
     362553         87165         16989.43     7.98069          12.9229    
     363130         87304         17019.29     7.98129          12.9229    
     363704         87426         17049.24     7.98179          12.9229    
     364266         87690         17079.19     7.98181          12.9229    
     364874         87856         17109.21     7.98181          12.9229    
     365494         87945         17139.22     7.98181          12.9229    
     366182         88181         17169.22     7.98181          12.9229    
     366768         88339         17199.22     7.98181          12.9229    
     367378         88500         17229.20     7.98181          12.9229    
     367946         88616         17259.04     7.98181          12.9229    
     368621         88743         17289.03     7.98181          12.9229    
     369293         88886         17319.01     7.98181          12.9229    
     369907+        89043         17350.35     7.98181          12.9229    
     370524         89221         17380.43     7.98181          12.9229    
     371184         89351         17410.41     7.98181          12.9229    
     371570+        89317         17440.41     7.98181          12.9229    
     371680         89252         17470.38     7.98188          12.9229    
     371791+        89184         17500.36     7.98216          12.9229    
     371880         89133         17530.38     7.98228          12.9229    
     371980+        89068         17560.41     7.98246          12.9229    
     372088+        89003         17590.39     7.98260          12.9229    
     372201+        88932         17620.39     7.98285          12.9229    
     372273         88896         17650.38     7.98295          12.9229    
     372386+        88836         17680.40     7.98320          12.9229    
     372521+        88776         17710.44     7.98345          12.9229    
     372624+        88713         17740.40     7.98365          12.9229    
     372670+        88687         17770.45     7.98374          12.9229    
     372735+        88652         17800.51     7.98393          12.9229    
     372829+        88599         17830.54     7.98415          12.9229    
     372895+        88561         17860.59     7.98430          12.9229    
     372973+        88510         17890.62     7.98443          12.9229    
     373084         88441         17920.58     7.98471          12.9229    
     373123+        88420         17950.63     7.98480          12.9229    
     373239+        88349         17980.63     7.98511          12.9229    
     373295         88320         18000.00     7.98528          12.9229    

                    *** Max. allowable time exceeded ***      

 Wall clock time:                 18048.00
 Total CPU time used:             18000.00

 Total no. of BaR iterations:  373295
 Best solution found at node:   27053
 Max. no. of nodes in memory:   89384
 
 All done
===========================================================================
